2024-04-25 15:54:17,232 INFO    StreamThr :311819 [internal.py:wandb_internal():86] W&B internal server running at pid: 311819, started at: 2024-04-25 15:54:17.231730
2024-04-25 15:54:17,237 DEBUG   HandlerThread:311819 [handler.py:handle_request():146] handle_request: status
2024-04-25 15:54:17,241 INFO    WriterThread:311819 [datastore.py:open_for_write():87] open: /home/zqf/projects/FLNONIID/wandb/run-20240425_155417-rzji9xl0/run-rzji9xl0.wandb
2024-04-25 15:54:17,241 DEBUG   SenderThread:311819 [sender.py:send():379] send: header
2024-04-25 15:54:17,242 DEBUG   SenderThread:311819 [sender.py:send():379] send: run
2024-04-25 15:54:17,934 INFO    SenderThread:311819 [dir_watcher.py:__init__():211] watching files in: /home/zqf/projects/FLNONIID/wandb/run-20240425_155417-rzji9xl0/files
2024-04-25 15:54:17,934 INFO    SenderThread:311819 [sender.py:_start_run_threads():1124] run started: rzji9xl0 with start time 1714031657.231987
2024-04-25 15:54:17,940 DEBUG   HandlerThread:311819 [handler.py:handle_request():146] handle_request: check_version
2024-04-25 15:54:17,940 DEBUG   SenderThread:311819 [sender.py:send_request():406] send_request: check_version
2024-04-25 15:54:18,313 DEBUG   HandlerThread:311819 [handler.py:handle_request():146] handle_request: run_start
2024-04-25 15:54:18,331 DEBUG   HandlerThread:311819 [system_info.py:__init__():26] System info init
2024-04-25 15:54:18,331 DEBUG   HandlerThread:311819 [system_info.py:__init__():41] System info init done
2024-04-25 15:54:18,331 INFO    HandlerThread:311819 [system_monitor.py:start():194] Starting system monitor
2024-04-25 15:54:18,331 INFO    SystemMonitor:311819 [system_monitor.py:_start():158] Starting system asset monitoring threads
2024-04-25 15:54:18,332 INFO    HandlerThread:311819 [system_monitor.py:probe():214] Collecting system info
2024-04-25 15:54:18,333 INFO    SystemMonitor:311819 [interfaces.py:start():190] Started cpu monitoring
2024-04-25 15:54:18,335 INFO    SystemMonitor:311819 [interfaces.py:start():190] Started disk monitoring
2024-04-25 15:54:18,338 INFO    SystemMonitor:311819 [interfaces.py:start():190] Started gpu monitoring
2024-04-25 15:54:18,339 INFO    SystemMonitor:311819 [interfaces.py:start():190] Started memory monitoring
2024-04-25 15:54:18,341 INFO    SystemMonitor:311819 [interfaces.py:start():190] Started network monitoring
2024-04-25 15:54:18,351 DEBUG   HandlerThread:311819 [system_info.py:probe():150] Probing system
2024-04-25 15:54:18,389 DEBUG   HandlerThread:311819 [gitlib.py:_init_repo():56] git repository is invalid
2024-04-25 15:54:18,389 DEBUG   HandlerThread:311819 [system_info.py:probe():198] Probing system done
2024-04-25 15:54:18,389 DEBUG   HandlerThread:311819 [system_monitor.py:probe():223] {'os': 'Linux-5.15.146.1-microsoft-standard-WSL2-x86_64-with-glibc2.17', 'python': '3.8.18', 'heartbeatAt': '2024-04-25T07:54:18.351301', 'startedAt': '2024-04-25T07:54:17.218933', 'docker': None, 'cuda': None, 'args': (), 'state': 'running', 'program': 'train.py', 'codePathLocal': 'train.py', 'codePath': 'train.py', 'host': 'Dudoo-Rog', 'username': 'zqf', 'executable': '/home/zqf/miniconda3/envs/FedDISC/bin/python', 'cpu_count': 8, 'cpu_count_logical': 16, 'cpu_freq': {'current': 2304.0080000000007, 'min': 0.0, 'max': 0.0}, 'cpu_freq_per_core': [{'current': 2304.008, 'min': 0.0, 'max': 0.0}, {'current': 2304.008, 'min': 0.0, 'max': 0.0}, {'current': 2304.008, 'min': 0.0, 'max': 0.0}, {'current': 2304.008, 'min': 0.0, 'max': 0.0}, {'current': 2304.008, 'min': 0.0, 'max': 0.0}, {'current': 2304.008, 'min': 0.0, 'max': 0.0}, {'current': 2304.008, 'min': 0.0, 'max': 0.0}, {'current': 2304.008, 'min': 0.0, 'max': 0.0}, {'current': 2304.008, 'min': 0.0, 'max': 0.0}, {'current': 2304.008, 'min': 0.0, 'max': 0.0}, {'current': 2304.008, 'min': 0.0, 'max': 0.0}, {'current': 2304.008, 'min': 0.0, 'max': 0.0}, {'current': 2304.008, 'min': 0.0, 'max': 0.0}, {'current': 2304.008, 'min': 0.0, 'max': 0.0}, {'current': 2304.008, 'min': 0.0, 'max': 0.0}, {'current': 2304.008, 'min': 0.0, 'max': 0.0}], 'disk': {'/': {'total': 1006.853931427002, 'used': 22.825660705566406}}, 'gpu': 'NVIDIA GeForce RTX 2080 Super with Max-Q Design', 'gpu_count': 1, 'gpu_devices': [{'name': 'NVIDIA GeForce RTX 2080 Super with Max-Q Design', 'memory_total': 8589934592}], 'memory': {'total': 15.54922866821289}}
2024-04-25 15:54:18,389 INFO    HandlerThread:311819 [system_monitor.py:probe():224] Finished collecting system info
2024-04-25 15:54:18,389 INFO    HandlerThread:311819 [system_monitor.py:probe():227] Publishing system info
2024-04-25 15:54:18,389 DEBUG   HandlerThread:311819 [system_info.py:_save_conda():207] Saving list of conda packages installed into the current environment
2024-04-25 15:54:18,934 INFO    Thread-12 :311819 [dir_watcher.py:_on_file_created():271] file/dir created: /home/zqf/projects/FLNONIID/wandb/run-20240425_155417-rzji9xl0/files/conda-environment.yaml
2024-04-25 15:54:19,610 DEBUG   HandlerThread:311819 [system_info.py:_save_conda():222] Saving conda packages done
2024-04-25 15:54:19,611 INFO    HandlerThread:311819 [system_monitor.py:probe():229] Finished publishing system info
2024-04-25 15:54:19,614 DEBUG   SenderThread:311819 [sender.py:send():379] send: files
2024-04-25 15:54:19,614 INFO    SenderThread:311819 [sender.py:_save_file():1390] saving file wandb-metadata.json with policy now
2024-04-25 15:54:19,676 DEBUG   HandlerThread:311819 [handler.py:handle_request():146] handle_request: python_packages
2024-04-25 15:54:19,677 DEBUG   SenderThread:311819 [sender.py:send_request():406] send_request: python_packages
2024-04-25 15:54:19,679 DEBUG   HandlerThread:311819 [handler.py:handle_request():146] handle_request: internal_messages
2024-04-25 15:54:19,680 DEBUG   HandlerThread:311819 [handler.py:handle_request():146] handle_request: stop_status
2024-04-25 15:54:19,681 DEBUG   SenderThread:311819 [sender.py:send():379] send: telemetry
2024-04-25 15:54:19,681 DEBUG   SenderThread:311819 [sender.py:send_request():406] send_request: stop_status
2024-04-25 15:54:19,934 INFO    Thread-12 :311819 [dir_watcher.py:_on_file_modified():288] file/dir modified: /home/zqf/projects/FLNONIID/wandb/run-20240425_155417-rzji9xl0/files/conda-environment.yaml
2024-04-25 15:54:19,934 INFO    Thread-12 :311819 [dir_watcher.py:_on_file_created():271] file/dir created: /home/zqf/projects/FLNONIID/wandb/run-20240425_155417-rzji9xl0/files/wandb-metadata.json
2024-04-25 15:54:19,934 INFO    Thread-12 :311819 [dir_watcher.py:_on_file_created():271] file/dir created: /home/zqf/projects/FLNONIID/wandb/run-20240425_155417-rzji9xl0/files/requirements.txt
2024-04-25 15:54:20,172 ERROR   wandb-upload_0:311819 [internal_api.py:upload_file():2767] upload_file exception https://storage.googleapis.com/wandb-production.appspot.com/zhangqufei945/my-awesome-project-1/rzji9xl0/wandb-metadata.json?Expires=1714118060&GoogleAccessId=gorilla-files-url-signer-man%40wandb-production.iam.gserviceaccount.com&Signature=pqOG%2BuyCIKy8WSG7PFD6Q2aq%2BqimQsALQjujIM2ztJ8ZW2iR2%2FpHYqXrY5k4YKVMKem5W4n1bKzEF5ji1xY8RjueuvdJzTYV%2B4Um0bYPJNIss8aTpsZcfGjcO7Ucvucf%2FPk74DQx9CyDzjAg7fPa5eOTtohBUwJB4MX1hHUNlmaw6qGZSjlCY0cSIs6f9PiMlMxkAvnxA1IbUWrMUHZJ2tJSnr1I9WkABzSZG8Mb4RVNcB%2ByH%2BsuMMbUt4c6QzsSnvztRTuC1q9e4EPKAb1STXls9%2BeUAM2iRhHGbo85c8q63rpoCmJCiLX8XS7Ct6Csqh2W%2BY9pUiY9DBi59j8nQg%3D%3D: ('Connection aborted.', ConnectionResetError(104, 'Connection reset by peer'))
2024-04-25 15:54:20,172 ERROR   wandb-upload_0:311819 [internal_api.py:upload_file():2769] upload_file request headers: {'User-Agent': 'python-requests/2.31.0', 'Accept-Encoding': 'gzip, deflate', 'Accept': '*/*', 'Connection': 'keep-alive', 'Content-Length': '2703'}
2024-04-25 15:54:20,172 ERROR   wandb-upload_0:311819 [internal_api.py:upload_file():2771] upload_file response body: 
2024-04-25 15:54:21,336 ERROR   wandb-upload_0:311819 [internal_api.py:upload_file():2767] upload_file exception https://storage.googleapis.com/wandb-production.appspot.com/zhangqufei945/my-awesome-project-1/rzji9xl0/wandb-metadata.json?Expires=1714118060&GoogleAccessId=gorilla-files-url-signer-man%40wandb-production.iam.gserviceaccount.com&Signature=pqOG%2BuyCIKy8WSG7PFD6Q2aq%2BqimQsALQjujIM2ztJ8ZW2iR2%2FpHYqXrY5k4YKVMKem5W4n1bKzEF5ji1xY8RjueuvdJzTYV%2B4Um0bYPJNIss8aTpsZcfGjcO7Ucvucf%2FPk74DQx9CyDzjAg7fPa5eOTtohBUwJB4MX1hHUNlmaw6qGZSjlCY0cSIs6f9PiMlMxkAvnxA1IbUWrMUHZJ2tJSnr1I9WkABzSZG8Mb4RVNcB%2ByH%2BsuMMbUt4c6QzsSnvztRTuC1q9e4EPKAb1STXls9%2BeUAM2iRhHGbo85c8q63rpoCmJCiLX8XS7Ct6Csqh2W%2BY9pUiY9DBi59j8nQg%3D%3D: ('Connection aborted.', ConnectionResetError(104, 'Connection reset by peer'))
2024-04-25 15:54:21,336 ERROR   wandb-upload_0:311819 [internal_api.py:upload_file():2769] upload_file request headers: {'User-Agent': 'python-requests/2.31.0', 'Accept-Encoding': 'gzip, deflate', 'Accept': '*/*', 'Connection': 'keep-alive', 'Content-Length': '2703'}
2024-04-25 15:54:21,336 ERROR   wandb-upload_0:311819 [internal_api.py:upload_file():2771] upload_file response body: 
2024-04-25 15:54:23,101 DEBUG   HandlerThread:311819 [handler.py:handle_request():146] handle_request: status_report
2024-04-25 15:54:23,848 ERROR   wandb-upload_0:311819 [internal_api.py:upload_file():2767] upload_file exception https://storage.googleapis.com/wandb-production.appspot.com/zhangqufei945/my-awesome-project-1/rzji9xl0/wandb-metadata.json?Expires=1714118060&GoogleAccessId=gorilla-files-url-signer-man%40wandb-production.iam.gserviceaccount.com&Signature=pqOG%2BuyCIKy8WSG7PFD6Q2aq%2BqimQsALQjujIM2ztJ8ZW2iR2%2FpHYqXrY5k4YKVMKem5W4n1bKzEF5ji1xY8RjueuvdJzTYV%2B4Um0bYPJNIss8aTpsZcfGjcO7Ucvucf%2FPk74DQx9CyDzjAg7fPa5eOTtohBUwJB4MX1hHUNlmaw6qGZSjlCY0cSIs6f9PiMlMxkAvnxA1IbUWrMUHZJ2tJSnr1I9WkABzSZG8Mb4RVNcB%2ByH%2BsuMMbUt4c6QzsSnvztRTuC1q9e4EPKAb1STXls9%2BeUAM2iRhHGbo85c8q63rpoCmJCiLX8XS7Ct6Csqh2W%2BY9pUiY9DBi59j8nQg%3D%3D: ('Connection aborted.', ConnectionResetError(104, 'Connection reset by peer'))
2024-04-25 15:54:23,848 ERROR   wandb-upload_0:311819 [internal_api.py:upload_file():2769] upload_file request headers: {'User-Agent': 'python-requests/2.31.0', 'Accept-Encoding': 'gzip, deflate', 'Accept': '*/*', 'Connection': 'keep-alive', 'Content-Length': '2703'}
2024-04-25 15:54:23,848 ERROR   wandb-upload_0:311819 [internal_api.py:upload_file():2771] upload_file response body: 
2024-04-25 15:54:23,848 INFO    wandb-upload_0:311819 [retry.py:__call__():172] Retry attempt failed:
Traceback (most recent call last):
  File "/home/zqf/miniconda3/envs/FedDISC/lib/python3.8/site-packages/urllib3/connectionpool.py", line 793, in urlopen
    response = self._make_request(
  File "/home/zqf/miniconda3/envs/FedDISC/lib/python3.8/site-packages/urllib3/connectionpool.py", line 491, in _make_request
    raise new_e
  File "/home/zqf/miniconda3/envs/FedDISC/lib/python3.8/site-packages/urllib3/connectionpool.py", line 467, in _make_request
    self._validate_conn(conn)
  File "/home/zqf/miniconda3/envs/FedDISC/lib/python3.8/site-packages/urllib3/connectionpool.py", line 1099, in _validate_conn
    conn.connect()
  File "/home/zqf/miniconda3/envs/FedDISC/lib/python3.8/site-packages/urllib3/connection.py", line 653, in connect
    sock_and_verified = _ssl_wrap_socket_and_match_hostname(
  File "/home/zqf/miniconda3/envs/FedDISC/lib/python3.8/site-packages/urllib3/connection.py", line 806, in _ssl_wrap_socket_and_match_hostname
    ssl_sock = ssl_wrap_socket(
  File "/home/zqf/miniconda3/envs/FedDISC/lib/python3.8/site-packages/urllib3/util/ssl_.py", line 465, in ssl_wrap_socket
    ssl_sock = _ssl_wrap_socket_impl(sock, context, tls_in_tls, server_hostname)
  File "/home/zqf/miniconda3/envs/FedDISC/lib/python3.8/site-packages/urllib3/util/ssl_.py", line 509, in _ssl_wrap_socket_impl
    return ssl_context.wrap_socket(sock, server_hostname=server_hostname)
  File "/home/zqf/miniconda3/envs/FedDISC/lib/python3.8/ssl.py", line 500, in wrap_socket
    return self.sslsocket_class._create(
  File "/home/zqf/miniconda3/envs/FedDISC/lib/python3.8/ssl.py", line 1073, in _create
    self.do_handshake()
  File "/home/zqf/miniconda3/envs/FedDISC/lib/python3.8/ssl.py", line 1342, in do_handshake
    self._sslobj.do_handshake()
ConnectionResetError: [Errno 104] Connection reset by peer

During handling of the above exception, another exception occurred:

Traceback (most recent call last):
  File "/home/zqf/miniconda3/envs/FedDISC/lib/python3.8/site-packages/requests/adapters.py", line 486, in send
    resp = conn.urlopen(
  File "/home/zqf/miniconda3/envs/FedDISC/lib/python3.8/site-packages/urllib3/connectionpool.py", line 847, in urlopen
    retries = retries.increment(
  File "/home/zqf/miniconda3/envs/FedDISC/lib/python3.8/site-packages/urllib3/util/retry.py", line 470, in increment
    raise reraise(type(error), error, _stacktrace)
  File "/home/zqf/miniconda3/envs/FedDISC/lib/python3.8/site-packages/urllib3/util/util.py", line 38, in reraise
    raise value.with_traceback(tb)
  File "/home/zqf/miniconda3/envs/FedDISC/lib/python3.8/site-packages/urllib3/connectionpool.py", line 793, in urlopen
    response = self._make_request(
  File "/home/zqf/miniconda3/envs/FedDISC/lib/python3.8/site-packages/urllib3/connectionpool.py", line 491, in _make_request
    raise new_e
  File "/home/zqf/miniconda3/envs/FedDISC/lib/python3.8/site-packages/urllib3/connectionpool.py", line 467, in _make_request
    self._validate_conn(conn)
  File "/home/zqf/miniconda3/envs/FedDISC/lib/python3.8/site-packages/urllib3/connectionpool.py", line 1099, in _validate_conn
    conn.connect()
  File "/home/zqf/miniconda3/envs/FedDISC/lib/python3.8/site-packages/urllib3/connection.py", line 653, in connect
    sock_and_verified = _ssl_wrap_socket_and_match_hostname(
  File "/home/zqf/miniconda3/envs/FedDISC/lib/python3.8/site-packages/urllib3/connection.py", line 806, in _ssl_wrap_socket_and_match_hostname
    ssl_sock = ssl_wrap_socket(
  File "/home/zqf/miniconda3/envs/FedDISC/lib/python3.8/site-packages/urllib3/util/ssl_.py", line 465, in ssl_wrap_socket
    ssl_sock = _ssl_wrap_socket_impl(sock, context, tls_in_tls, server_hostname)
  File "/home/zqf/miniconda3/envs/FedDISC/lib/python3.8/site-packages/urllib3/util/ssl_.py", line 509, in _ssl_wrap_socket_impl
    return ssl_context.wrap_socket(sock, server_hostname=server_hostname)
  File "/home/zqf/miniconda3/envs/FedDISC/lib/python3.8/ssl.py", line 500, in wrap_socket
    return self.sslsocket_class._create(
  File "/home/zqf/miniconda3/envs/FedDISC/lib/python3.8/ssl.py", line 1073, in _create
    self.do_handshake()
  File "/home/zqf/miniconda3/envs/FedDISC/lib/python3.8/ssl.py", line 1342, in do_handshake
    self._sslobj.do_handshake()
urllib3.exceptions.ProtocolError: ('Connection aborted.', ConnectionResetError(104, 'Connection reset by peer'))

During handling of the above exception, another exception occurred:

Traceback (most recent call last):
  File "/home/zqf/miniconda3/envs/FedDISC/lib/python3.8/site-packages/wandb/sdk/internal/internal_api.py", line 2760, in upload_file
    response = self._upload_file_session.put(
  File "/home/zqf/miniconda3/envs/FedDISC/lib/python3.8/site-packages/requests/sessions.py", line 649, in put
    return self.request("PUT", url, data=data, **kwargs)
  File "/home/zqf/miniconda3/envs/FedDISC/lib/python3.8/site-packages/requests/sessions.py", line 589, in request
    resp = self.send(prep, **send_kwargs)
  File "/home/zqf/miniconda3/envs/FedDISC/lib/python3.8/site-packages/requests/sessions.py", line 703, in send
    r = adapter.send(request, **kwargs)
  File "/home/zqf/miniconda3/envs/FedDISC/lib/python3.8/site-packages/requests/adapters.py", line 501, in send
    raise ConnectionError(err, request=request)
requests.exceptions.ConnectionError: ('Connection aborted.', ConnectionResetError(104, 'Connection reset by peer'))

During handling of the above exception, another exception occurred:

Traceback (most recent call last):
  File "/home/zqf/miniconda3/envs/FedDISC/lib/python3.8/site-packages/wandb/sdk/lib/retry.py", line 131, in __call__
    result = self._call_fn(*args, **kwargs)
  File "/home/zqf/miniconda3/envs/FedDISC/lib/python3.8/site-packages/wandb/sdk/internal/internal_api.py", line 2791, in upload_file
    raise _e.with_traceback(sys.exc_info()[2])
  File "/home/zqf/miniconda3/envs/FedDISC/lib/python3.8/site-packages/wandb/sdk/internal/internal_api.py", line 2760, in upload_file
    response = self._upload_file_session.put(
  File "/home/zqf/miniconda3/envs/FedDISC/lib/python3.8/site-packages/requests/sessions.py", line 649, in put
    return self.request("PUT", url, data=data, **kwargs)
  File "/home/zqf/miniconda3/envs/FedDISC/lib/python3.8/site-packages/requests/sessions.py", line 589, in request
    resp = self.send(prep, **send_kwargs)
  File "/home/zqf/miniconda3/envs/FedDISC/lib/python3.8/site-packages/requests/sessions.py", line 703, in send
    r = adapter.send(request, **kwargs)
  File "/home/zqf/miniconda3/envs/FedDISC/lib/python3.8/site-packages/requests/adapters.py", line 501, in send
    raise ConnectionError(err, request=request)
wandb.sdk.lib.retry.TransientError: None
2024-04-25 15:54:25,936 INFO    Thread-12 :311819 [dir_watcher.py:_on_file_created():271] file/dir created: /home/zqf/projects/FLNONIID/wandb/run-20240425_155417-rzji9xl0/files/output.log
2024-04-25 15:54:27,936 INFO    Thread-12 :311819 [dir_watcher.py:_on_file_modified():288] file/dir modified: /home/zqf/projects/FLNONIID/wandb/run-20240425_155417-rzji9xl0/files/output.log
2024-04-25 15:54:28,733 ERROR   wandb-upload_0:311819 [internal_api.py:upload_file():2767] upload_file exception https://storage.googleapis.com/wandb-production.appspot.com/zhangqufei945/my-awesome-project-1/rzji9xl0/wandb-metadata.json?Expires=1714118060&GoogleAccessId=gorilla-files-url-signer-man%40wandb-production.iam.gserviceaccount.com&Signature=pqOG%2BuyCIKy8WSG7PFD6Q2aq%2BqimQsALQjujIM2ztJ8ZW2iR2%2FpHYqXrY5k4YKVMKem5W4n1bKzEF5ji1xY8RjueuvdJzTYV%2B4Um0bYPJNIss8aTpsZcfGjcO7Ucvucf%2FPk74DQx9CyDzjAg7fPa5eOTtohBUwJB4MX1hHUNlmaw6qGZSjlCY0cSIs6f9PiMlMxkAvnxA1IbUWrMUHZJ2tJSnr1I9WkABzSZG8Mb4RVNcB%2ByH%2BsuMMbUt4c6QzsSnvztRTuC1q9e4EPKAb1STXls9%2BeUAM2iRhHGbo85c8q63rpoCmJCiLX8XS7Ct6Csqh2W%2BY9pUiY9DBi59j8nQg%3D%3D: ('Connection aborted.', ConnectionResetError(104, 'Connection reset by peer'))
2024-04-25 15:54:28,734 ERROR   wandb-upload_0:311819 [internal_api.py:upload_file():2769] upload_file request headers: {'User-Agent': 'python-requests/2.31.0', 'Accept-Encoding': 'gzip, deflate', 'Accept': '*/*', 'Connection': 'keep-alive', 'Content-Length': '2703'}
2024-04-25 15:54:28,734 ERROR   wandb-upload_0:311819 [internal_api.py:upload_file():2771] upload_file response body: 
2024-04-25 15:54:28,870 DEBUG   HandlerThread:311819 [handler.py:handle_request():146] handle_request: status_report
2024-04-25 15:54:28,936 INFO    Thread-12 :311819 [dir_watcher.py:_on_file_modified():288] file/dir modified: /home/zqf/projects/FLNONIID/wandb/run-20240425_155417-rzji9xl0/files/output.log
2024-04-25 15:54:33,871 DEBUG   HandlerThread:311819 [handler.py:handle_request():146] handle_request: status_report
2024-04-25 15:54:34,677 DEBUG   HandlerThread:311819 [handler.py:handle_request():146] handle_request: stop_status
2024-04-25 15:54:34,678 DEBUG   HandlerThread:311819 [handler.py:handle_request():146] handle_request: internal_messages
2024-04-25 15:54:34,678 DEBUG   SenderThread:311819 [sender.py:send_request():406] send_request: stop_status
2024-04-25 15:54:36,939 INFO    Thread-12 :311819 [dir_watcher.py:_on_file_modified():288] file/dir modified: /home/zqf/projects/FLNONIID/wandb/run-20240425_155417-rzji9xl0/files/output.log
2024-04-25 15:54:38,768 ERROR   wandb-upload_0:311819 [internal_api.py:upload_file():2767] upload_file exception https://storage.googleapis.com/wandb-production.appspot.com/zhangqufei945/my-awesome-project-1/rzji9xl0/wandb-metadata.json?Expires=1714118060&GoogleAccessId=gorilla-files-url-signer-man%40wandb-production.iam.gserviceaccount.com&Signature=pqOG%2BuyCIKy8WSG7PFD6Q2aq%2BqimQsALQjujIM2ztJ8ZW2iR2%2FpHYqXrY5k4YKVMKem5W4n1bKzEF5ji1xY8RjueuvdJzTYV%2B4Um0bYPJNIss8aTpsZcfGjcO7Ucvucf%2FPk74DQx9CyDzjAg7fPa5eOTtohBUwJB4MX1hHUNlmaw6qGZSjlCY0cSIs6f9PiMlMxkAvnxA1IbUWrMUHZJ2tJSnr1I9WkABzSZG8Mb4RVNcB%2ByH%2BsuMMbUt4c6QzsSnvztRTuC1q9e4EPKAb1STXls9%2BeUAM2iRhHGbo85c8q63rpoCmJCiLX8XS7Ct6Csqh2W%2BY9pUiY9DBi59j8nQg%3D%3D: ('Connection aborted.', ConnectionResetError(104, 'Connection reset by peer'))
2024-04-25 15:54:38,769 ERROR   wandb-upload_0:311819 [internal_api.py:upload_file():2769] upload_file request headers: {'User-Agent': 'python-requests/2.31.0', 'Accept-Encoding': 'gzip, deflate', 'Accept': '*/*', 'Connection': 'keep-alive', 'Content-Length': '2703'}
2024-04-25 15:54:38,769 ERROR   wandb-upload_0:311819 [internal_api.py:upload_file():2771] upload_file response body: 
2024-04-25 15:54:39,531 DEBUG   HandlerThread:311819 [handler.py:handle_request():146] handle_request: status_report
2024-04-25 15:54:44,533 DEBUG   HandlerThread:311819 [handler.py:handle_request():146] handle_request: status_report
2024-04-25 15:54:48,942 INFO    Thread-12 :311819 [dir_watcher.py:_on_file_modified():288] file/dir modified: /home/zqf/projects/FLNONIID/wandb/run-20240425_155417-rzji9xl0/files/output.log
2024-04-25 15:54:49,678 DEBUG   HandlerThread:311819 [handler.py:handle_request():146] handle_request: stop_status
2024-04-25 15:54:49,678 DEBUG   SenderThread:311819 [sender.py:send_request():406] send_request: stop_status
2024-04-25 15:54:49,680 DEBUG   HandlerThread:311819 [handler.py:handle_request():146] handle_request: internal_messages
2024-04-25 15:54:49,966 DEBUG   HandlerThread:311819 [handler.py:handle_request():146] handle_request: status_report
2024-04-25 15:54:50,943 INFO    Thread-12 :311819 [dir_watcher.py:_on_file_modified():288] file/dir modified: /home/zqf/projects/FLNONIID/wandb/run-20240425_155417-rzji9xl0/files/config.yaml
2024-04-25 15:54:54,944 INFO    Thread-12 :311819 [dir_watcher.py:_on_file_modified():288] file/dir modified: /home/zqf/projects/FLNONIID/wandb/run-20240425_155417-rzji9xl0/files/output.log
2024-04-25 15:54:55,443 DEBUG   HandlerThread:311819 [handler.py:handle_request():146] handle_request: status_report
2024-04-25 15:54:55,470 ERROR   wandb-upload_0:311819 [internal_api.py:upload_file():2767] upload_file exception https://storage.googleapis.com/wandb-production.appspot.com/zhangqufei945/my-awesome-project-1/rzji9xl0/wandb-metadata.json?Expires=1714118060&GoogleAccessId=gorilla-files-url-signer-man%40wandb-production.iam.gserviceaccount.com&Signature=pqOG%2BuyCIKy8WSG7PFD6Q2aq%2BqimQsALQjujIM2ztJ8ZW2iR2%2FpHYqXrY5k4YKVMKem5W4n1bKzEF5ji1xY8RjueuvdJzTYV%2B4Um0bYPJNIss8aTpsZcfGjcO7Ucvucf%2FPk74DQx9CyDzjAg7fPa5eOTtohBUwJB4MX1hHUNlmaw6qGZSjlCY0cSIs6f9PiMlMxkAvnxA1IbUWrMUHZJ2tJSnr1I9WkABzSZG8Mb4RVNcB%2ByH%2BsuMMbUt4c6QzsSnvztRTuC1q9e4EPKAb1STXls9%2BeUAM2iRhHGbo85c8q63rpoCmJCiLX8XS7Ct6Csqh2W%2BY9pUiY9DBi59j8nQg%3D%3D: ('Connection aborted.', ConnectionResetError(104, 'Connection reset by peer'))
2024-04-25 15:54:55,470 ERROR   wandb-upload_0:311819 [internal_api.py:upload_file():2769] upload_file request headers: {'User-Agent': 'python-requests/2.31.0', 'Accept-Encoding': 'gzip, deflate', 'Accept': '*/*', 'Connection': 'keep-alive', 'Content-Length': '2703'}
2024-04-25 15:54:55,470 ERROR   wandb-upload_0:311819 [internal_api.py:upload_file():2771] upload_file response body: 
2024-04-25 15:55:00,444 DEBUG   HandlerThread:311819 [handler.py:handle_request():146] handle_request: status_report
2024-04-25 15:55:04,677 DEBUG   HandlerThread:311819 [handler.py:handle_request():146] handle_request: stop_status
2024-04-25 15:55:04,678 DEBUG   HandlerThread:311819 [handler.py:handle_request():146] handle_request: internal_messages
2024-04-25 15:55:04,679 DEBUG   SenderThread:311819 [sender.py:send_request():406] send_request: stop_status
2024-04-25 15:55:06,027 DEBUG   HandlerThread:311819 [handler.py:handle_request():146] handle_request: status_report
2024-04-25 15:55:11,028 DEBUG   HandlerThread:311819 [handler.py:handle_request():146] handle_request: status_report
2024-04-25 15:55:14,950 INFO    Thread-12 :311819 [dir_watcher.py:_on_file_modified():288] file/dir modified: /home/zqf/projects/FLNONIID/wandb/run-20240425_155417-rzji9xl0/files/output.log
2024-04-25 15:55:16,603 DEBUG   HandlerThread:311819 [handler.py:handle_request():146] handle_request: status_report
2024-04-25 15:55:18,342 DEBUG   SystemMonitor:311819 [system_monitor.py:_start():172] Starting system metrics aggregation loop
2024-04-25 15:55:18,343 DEBUG   SenderThread:311819 [sender.py:send():379] send: stats
2024-04-25 15:55:19,678 DEBUG   HandlerThread:311819 [handler.py:handle_request():146] handle_request: stop_status
2024-04-25 15:55:19,678 DEBUG   SenderThread:311819 [sender.py:send_request():406] send_request: stop_status
2024-04-25 15:55:19,680 DEBUG   HandlerThread:311819 [handler.py:handle_request():146] handle_request: internal_messages
2024-04-25 15:55:21,697 DEBUG   HandlerThread:311819 [handler.py:handle_request():146] handle_request: status_report
2024-04-25 15:55:26,698 DEBUG   HandlerThread:311819 [handler.py:handle_request():146] handle_request: status_report
2024-04-25 15:55:28,955 INFO    Thread-12 :311819 [dir_watcher.py:_on_file_modified():288] file/dir modified: /home/zqf/projects/FLNONIID/wandb/run-20240425_155417-rzji9xl0/files/output.log
2024-04-25 15:55:30,568 ERROR   wandb-upload_0:311819 [internal_api.py:upload_file():2767] upload_file exception https://storage.googleapis.com/wandb-production.appspot.com/zhangqufei945/my-awesome-project-1/rzji9xl0/wandb-metadata.json?Expires=1714118060&GoogleAccessId=gorilla-files-url-signer-man%40wandb-production.iam.gserviceaccount.com&Signature=pqOG%2BuyCIKy8WSG7PFD6Q2aq%2BqimQsALQjujIM2ztJ8ZW2iR2%2FpHYqXrY5k4YKVMKem5W4n1bKzEF5ji1xY8RjueuvdJzTYV%2B4Um0bYPJNIss8aTpsZcfGjcO7Ucvucf%2FPk74DQx9CyDzjAg7fPa5eOTtohBUwJB4MX1hHUNlmaw6qGZSjlCY0cSIs6f9PiMlMxkAvnxA1IbUWrMUHZJ2tJSnr1I9WkABzSZG8Mb4RVNcB%2ByH%2BsuMMbUt4c6QzsSnvztRTuC1q9e4EPKAb1STXls9%2BeUAM2iRhHGbo85c8q63rpoCmJCiLX8XS7Ct6Csqh2W%2BY9pUiY9DBi59j8nQg%3D%3D: ('Connection aborted.', ConnectionResetError(104, 'Connection reset by peer'))
2024-04-25 15:55:30,568 ERROR   wandb-upload_0:311819 [internal_api.py:upload_file():2769] upload_file request headers: {'User-Agent': 'python-requests/2.31.0', 'Accept-Encoding': 'gzip, deflate', 'Accept': '*/*', 'Connection': 'keep-alive', 'Content-Length': '2703'}
2024-04-25 15:55:30,568 ERROR   wandb-upload_0:311819 [internal_api.py:upload_file():2771] upload_file response body: 
2024-04-25 15:55:31,728 DEBUG   HandlerThread:311819 [handler.py:handle_request():146] handle_request: status_report
2024-04-25 15:55:34,678 DEBUG   HandlerThread:311819 [handler.py:handle_request():146] handle_request: stop_status
2024-04-25 15:55:34,679 DEBUG   HandlerThread:311819 [handler.py:handle_request():146] handle_request: internal_messages
2024-04-25 15:55:34,679 DEBUG   SenderThread:311819 [sender.py:send_request():406] send_request: stop_status
2024-04-25 15:55:36,946 DEBUG   HandlerThread:311819 [handler.py:handle_request():146] handle_request: status_report
2024-04-25 15:55:41,947 DEBUG   HandlerThread:311819 [handler.py:handle_request():146] handle_request: status_report
2024-04-25 15:55:47,773 DEBUG   HandlerThread:311819 [handler.py:handle_request():146] handle_request: status_report
2024-04-25 15:55:47,962 INFO    Thread-12 :311819 [dir_watcher.py:_on_file_modified():288] file/dir modified: /home/zqf/projects/FLNONIID/wandb/run-20240425_155417-rzji9xl0/files/output.log
2024-04-25 15:55:48,344 DEBUG   SenderThread:311819 [sender.py:send():379] send: stats
2024-04-25 15:55:49,678 DEBUG   HandlerThread:311819 [handler.py:handle_request():146] handle_request: stop_status
2024-04-25 15:55:49,678 DEBUG   SenderThread:311819 [sender.py:send_request():406] send_request: stop_status
2024-04-25 15:55:49,679 DEBUG   HandlerThread:311819 [handler.py:handle_request():146] handle_request: internal_messages
2024-04-25 15:55:52,047 DEBUG   HandlerThread:311819 [handler.py:handle_request():146] handle_request: partial_history
2024-04-25 15:55:52,049 DEBUG   SenderThread:311819 [sender.py:send():379] send: history
2024-04-25 15:55:52,050 DEBUG   SenderThread:311819 [sender.py:send_request():406] send_request: summary_record
2024-04-25 15:55:52,053 INFO    SenderThread:311819 [sender.py:_save_file():1390] saving file wandb-summary.json with policy end
2024-04-25 15:55:52,963 INFO    Thread-12 :311819 [dir_watcher.py:_on_file_created():271] file/dir created: /home/zqf/projects/FLNONIID/wandb/run-20240425_155417-rzji9xl0/files/wandb-summary.json
2024-04-25 15:55:53,093 DEBUG   HandlerThread:311819 [handler.py:handle_request():146] handle_request: status_report
2024-04-25 15:55:53,964 INFO    Thread-12 :311819 [dir_watcher.py:_on_file_modified():288] file/dir modified: /home/zqf/projects/FLNONIID/wandb/run-20240425_155417-rzji9xl0/files/output.log
2024-04-25 15:55:58,095 DEBUG   HandlerThread:311819 [handler.py:handle_request():146] handle_request: status_report
2024-04-25 15:56:03,096 DEBUG   HandlerThread:311819 [handler.py:handle_request():146] handle_request: status_report
2024-04-25 15:56:04,678 DEBUG   HandlerThread:311819 [handler.py:handle_request():146] handle_request: stop_status
2024-04-25 15:56:04,679 DEBUG   SenderThread:311819 [sender.py:send_request():406] send_request: stop_status
2024-04-25 15:56:04,681 DEBUG   HandlerThread:311819 [handler.py:handle_request():146] handle_request: internal_messages
2024-04-25 15:56:08,933 DEBUG   HandlerThread:311819 [handler.py:handle_request():146] handle_request: status_report
2024-04-25 15:56:13,969 INFO    Thread-12 :311819 [dir_watcher.py:_on_file_modified():288] file/dir modified: /home/zqf/projects/FLNONIID/wandb/run-20240425_155417-rzji9xl0/files/output.log
2024-04-25 15:56:14,225 DEBUG   HandlerThread:311819 [handler.py:handle_request():146] handle_request: status_report
2024-04-25 15:56:18,344 DEBUG   SenderThread:311819 [sender.py:send():379] send: stats
2024-04-25 15:56:19,498 DEBUG   HandlerThread:311819 [handler.py:handle_request():146] handle_request: status_report
2024-04-25 15:56:19,678 DEBUG   HandlerThread:311819 [handler.py:handle_request():146] handle_request: stop_status
2024-04-25 15:56:19,679 DEBUG   SenderThread:311819 [sender.py:send_request():406] send_request: stop_status
2024-04-25 15:56:19,680 DEBUG   HandlerThread:311819 [handler.py:handle_request():146] handle_request: internal_messages
2024-04-25 15:56:19,971 INFO    Thread-12 :311819 [dir_watcher.py:_on_file_modified():288] file/dir modified: /home/zqf/projects/FLNONIID/wandb/run-20240425_155417-rzji9xl0/files/output.log
2024-04-25 15:56:24,995 DEBUG   HandlerThread:311819 [handler.py:handle_request():146] handle_request: status_report
2024-04-25 15:56:29,996 DEBUG   HandlerThread:311819 [handler.py:handle_request():146] handle_request: status_report
2024-04-25 15:56:34,678 DEBUG   HandlerThread:311819 [handler.py:handle_request():146] handle_request: stop_status
2024-04-25 15:56:34,679 DEBUG   SenderThread:311819 [sender.py:send_request():406] send_request: stop_status
2024-04-25 15:56:34,722 DEBUG   HandlerThread:311819 [handler.py:handle_request():146] handle_request: internal_messages
2024-04-25 15:56:35,586 DEBUG   HandlerThread:311819 [handler.py:handle_request():146] handle_request: status_report
2024-04-25 15:56:35,602 ERROR   wandb-upload_0:311819 [internal_api.py:upload_file():2767] upload_file exception https://storage.googleapis.com/wandb-production.appspot.com/zhangqufei945/my-awesome-project-1/rzji9xl0/wandb-metadata.json?Expires=1714118060&GoogleAccessId=gorilla-files-url-signer-man%40wandb-production.iam.gserviceaccount.com&Signature=pqOG%2BuyCIKy8WSG7PFD6Q2aq%2BqimQsALQjujIM2ztJ8ZW2iR2%2FpHYqXrY5k4YKVMKem5W4n1bKzEF5ji1xY8RjueuvdJzTYV%2B4Um0bYPJNIss8aTpsZcfGjcO7Ucvucf%2FPk74DQx9CyDzjAg7fPa5eOTtohBUwJB4MX1hHUNlmaw6qGZSjlCY0cSIs6f9PiMlMxkAvnxA1IbUWrMUHZJ2tJSnr1I9WkABzSZG8Mb4RVNcB%2ByH%2BsuMMbUt4c6QzsSnvztRTuC1q9e4EPKAb1STXls9%2BeUAM2iRhHGbo85c8q63rpoCmJCiLX8XS7Ct6Csqh2W%2BY9pUiY9DBi59j8nQg%3D%3D: ('Connection aborted.', ConnectionResetError(104, 'Connection reset by peer'))
2024-04-25 15:56:35,602 ERROR   wandb-upload_0:311819 [internal_api.py:upload_file():2769] upload_file request headers: {'User-Agent': 'python-requests/2.31.0', 'Accept-Encoding': 'gzip, deflate', 'Accept': '*/*', 'Connection': 'keep-alive', 'Content-Length': '2703'}
2024-04-25 15:56:35,603 ERROR   wandb-upload_0:311819 [internal_api.py:upload_file():2771] upload_file response body: 
2024-04-25 15:56:37,977 INFO    Thread-12 :311819 [dir_watcher.py:_on_file_modified():288] file/dir modified: /home/zqf/projects/FLNONIID/wandb/run-20240425_155417-rzji9xl0/files/output.log
2024-04-25 15:56:40,587 DEBUG   HandlerThread:311819 [handler.py:handle_request():146] handle_request: status_report
2024-04-25 15:56:45,588 DEBUG   HandlerThread:311819 [handler.py:handle_request():146] handle_request: status_report
2024-04-25 15:56:48,346 DEBUG   SenderThread:311819 [sender.py:send():379] send: stats
2024-04-25 15:56:49,679 DEBUG   HandlerThread:311819 [handler.py:handle_request():146] handle_request: stop_status
2024-04-25 15:56:49,679 DEBUG   SenderThread:311819 [sender.py:send_request():406] send_request: stop_status
2024-04-25 15:56:49,681 DEBUG   HandlerThread:311819 [handler.py:handle_request():146] handle_request: internal_messages
2024-04-25 15:56:51,027 DEBUG   HandlerThread:311819 [handler.py:handle_request():146] handle_request: status_report
2024-04-25 15:56:56,028 DEBUG   HandlerThread:311819 [handler.py:handle_request():146] handle_request: status_report
2024-04-25 15:56:59,983 INFO    Thread-12 :311819 [dir_watcher.py:_on_file_modified():288] file/dir modified: /home/zqf/projects/FLNONIID/wandb/run-20240425_155417-rzji9xl0/files/output.log
2024-04-25 15:57:01,108 DEBUG   HandlerThread:311819 [handler.py:handle_request():146] handle_request: status_report
2024-04-25 15:57:01,984 INFO    Thread-12 :311819 [dir_watcher.py:_on_file_modified():288] file/dir modified: /home/zqf/projects/FLNONIID/wandb/run-20240425_155417-rzji9xl0/files/output.log
2024-04-25 15:57:04,680 DEBUG   HandlerThread:311819 [handler.py:handle_request():146] handle_request: stop_status
2024-04-25 15:57:04,681 DEBUG   SenderThread:311819 [sender.py:send_request():406] send_request: stop_status
2024-04-25 15:57:04,683 DEBUG   HandlerThread:311819 [handler.py:handle_request():146] handle_request: internal_messages
2024-04-25 15:57:09,682 DEBUG   HandlerThread:311819 [handler.py:handle_request():146] handle_request: keepalive
2024-04-25 15:57:14,683 DEBUG   HandlerThread:311819 [handler.py:handle_request():146] handle_request: keepalive
2024-04-25 15:57:14,913 DEBUG   HandlerThread:311819 [handler.py:handle_request():146] handle_request: status_report
2024-04-25 15:57:17,989 INFO    Thread-12 :311819 [dir_watcher.py:_on_file_modified():288] file/dir modified: /home/zqf/projects/FLNONIID/wandb/run-20240425_155417-rzji9xl0/files/output.log
2024-04-25 15:57:18,347 DEBUG   SenderThread:311819 [sender.py:send():379] send: stats
2024-04-25 15:57:18,773 DEBUG   HandlerThread:311819 [handler.py:handle_request():146] handle_request: partial_history
2024-04-25 15:57:18,775 DEBUG   SenderThread:311819 [sender.py:send():379] send: history
2024-04-25 15:57:18,775 DEBUG   SenderThread:311819 [sender.py:send_request():406] send_request: summary_record
2024-04-25 15:57:18,776 INFO    SenderThread:311819 [sender.py:_save_file():1390] saving file wandb-summary.json with policy end
2024-04-25 15:57:18,989 INFO    Thread-12 :311819 [dir_watcher.py:_on_file_modified():288] file/dir modified: /home/zqf/projects/FLNONIID/wandb/run-20240425_155417-rzji9xl0/files/wandb-summary.json
2024-04-25 15:57:19,679 DEBUG   HandlerThread:311819 [handler.py:handle_request():146] handle_request: stop_status
2024-04-25 15:57:19,680 DEBUG   SenderThread:311819 [sender.py:send_request():406] send_request: stop_status
2024-04-25 15:57:19,682 DEBUG   HandlerThread:311819 [handler.py:handle_request():146] handle_request: internal_messages
2024-04-25 15:57:19,989 INFO    Thread-12 :311819 [dir_watcher.py:_on_file_modified():288] file/dir modified: /home/zqf/projects/FLNONIID/wandb/run-20240425_155417-rzji9xl0/files/output.log
2024-04-25 15:57:21,990 INFO    Thread-12 :311819 [dir_watcher.py:_on_file_modified():288] file/dir modified: /home/zqf/projects/FLNONIID/wandb/run-20240425_155417-rzji9xl0/files/output.log
2024-04-25 15:57:25,680 DEBUG   HandlerThread:311819 [handler.py:handle_request():146] handle_request: keepalive
2024-04-25 15:57:25,696 DEBUG   HandlerThread:311819 [handler.py:handle_request():146] handle_request: status_report
2024-04-25 15:57:30,697 DEBUG   HandlerThread:311819 [handler.py:handle_request():146] handle_request: status_report
2024-04-25 15:57:34,679 DEBUG   HandlerThread:311819 [handler.py:handle_request():146] handle_request: stop_status
2024-04-25 15:57:34,680 DEBUG   SenderThread:311819 [sender.py:send_request():406] send_request: stop_status
2024-04-25 15:57:34,723 DEBUG   HandlerThread:311819 [handler.py:handle_request():146] handle_request: internal_messages
2024-04-25 15:57:39,055 DEBUG   HandlerThread:311819 [handler.py:handle_request():146] handle_request: status_report
2024-04-25 15:57:41,996 INFO    Thread-12 :311819 [dir_watcher.py:_on_file_modified():288] file/dir modified: /home/zqf/projects/FLNONIID/wandb/run-20240425_155417-rzji9xl0/files/output.log
2024-04-25 15:57:44,665 DEBUG   HandlerThread:311819 [handler.py:handle_request():146] handle_request: status_report
2024-04-25 15:57:48,348 DEBUG   SenderThread:311819 [sender.py:send():379] send: stats
2024-04-25 15:57:49,680 DEBUG   HandlerThread:311819 [handler.py:handle_request():146] handle_request: stop_status
2024-04-25 15:57:49,680 DEBUG   SenderThread:311819 [sender.py:send_request():406] send_request: stop_status
2024-04-25 15:57:49,682 DEBUG   HandlerThread:311819 [handler.py:handle_request():146] handle_request: internal_messages
2024-04-25 15:57:49,992 DEBUG   HandlerThread:311819 [handler.py:handle_request():146] handle_request: status_report
2024-04-25 15:57:54,993 DEBUG   HandlerThread:311819 [handler.py:handle_request():146] handle_request: status_report
2024-04-25 15:58:00,002 INFO    Thread-12 :311819 [dir_watcher.py:_on_file_modified():288] file/dir modified: /home/zqf/projects/FLNONIID/wandb/run-20240425_155417-rzji9xl0/files/output.log
2024-04-25 15:58:00,820 DEBUG   HandlerThread:311819 [handler.py:handle_request():146] handle_request: status_report
2024-04-25 15:58:04,680 DEBUG   HandlerThread:311819 [handler.py:handle_request():146] handle_request: stop_status
2024-04-25 15:58:04,680 DEBUG   SenderThread:311819 [sender.py:send_request():406] send_request: stop_status
2024-04-25 15:58:04,682 DEBUG   HandlerThread:311819 [handler.py:handle_request():146] handle_request: internal_messages
2024-04-25 15:58:05,874 DEBUG   HandlerThread:311819 [handler.py:handle_request():146] handle_request: status_report
2024-04-25 15:58:08,004 INFO    Thread-12 :311819 [dir_watcher.py:_on_file_modified():288] file/dir modified: /home/zqf/projects/FLNONIID/wandb/run-20240425_155417-rzji9xl0/files/output.log
2024-04-25 15:58:10,875 DEBUG   HandlerThread:311819 [handler.py:handle_request():146] handle_request: status_report
2024-04-25 15:58:15,877 DEBUG   HandlerThread:311819 [handler.py:handle_request():146] handle_request: status_report
2024-04-25 15:58:18,360 DEBUG   SenderThread:311819 [sender.py:send():379] send: stats
2024-04-25 15:58:19,680 DEBUG   HandlerThread:311819 [handler.py:handle_request():146] handle_request: stop_status
2024-04-25 15:58:19,680 DEBUG   SenderThread:311819 [sender.py:send_request():406] send_request: stop_status
2024-04-25 15:58:19,682 DEBUG   HandlerThread:311819 [handler.py:handle_request():146] handle_request: internal_messages
2024-04-25 15:58:21,401 DEBUG   HandlerThread:311819 [handler.py:handle_request():146] handle_request: status_report
2024-04-25 15:58:26,918 DEBUG   HandlerThread:311819 [handler.py:handle_request():146] handle_request: status_report
2024-04-25 15:58:28,011 INFO    Thread-12 :311819 [dir_watcher.py:_on_file_modified():288] file/dir modified: /home/zqf/projects/FLNONIID/wandb/run-20240425_155417-rzji9xl0/files/output.log
2024-04-25 15:58:31,919 DEBUG   HandlerThread:311819 [handler.py:handle_request():146] handle_request: status_report
2024-04-25 15:58:34,680 DEBUG   HandlerThread:311819 [handler.py:handle_request():146] handle_request: stop_status
2024-04-25 15:58:34,681 DEBUG   SenderThread:311819 [sender.py:send_request():406] send_request: stop_status
2024-04-25 15:58:34,683 DEBUG   HandlerThread:311819 [handler.py:handle_request():146] handle_request: internal_messages
2024-04-25 15:58:36,979 DEBUG   HandlerThread:311819 [handler.py:handle_request():146] handle_request: status_report
2024-04-25 15:58:42,958 DEBUG   HandlerThread:311819 [handler.py:handle_request():146] handle_request: status_report
2024-04-25 15:58:44,016 INFO    Thread-12 :311819 [dir_watcher.py:_on_file_modified():288] file/dir modified: /home/zqf/projects/FLNONIID/wandb/run-20240425_155417-rzji9xl0/files/output.log
2024-04-25 15:58:48,349 DEBUG   SenderThread:311819 [sender.py:send():379] send: stats
2024-04-25 15:58:48,350 DEBUG   HandlerThread:311819 [handler.py:handle_request():146] handle_request: status_report
2024-04-25 15:58:49,680 DEBUG   HandlerThread:311819 [handler.py:handle_request():146] handle_request: stop_status
2024-04-25 15:58:49,681 DEBUG   SenderThread:311819 [sender.py:send_request():406] send_request: stop_status
2024-04-25 15:58:49,683 DEBUG   HandlerThread:311819 [handler.py:handle_request():146] handle_request: internal_messages
2024-04-25 15:58:50,018 INFO    Thread-12 :311819 [dir_watcher.py:_on_file_modified():288] file/dir modified: /home/zqf/projects/FLNONIID/wandb/run-20240425_155417-rzji9xl0/files/output.log
2024-04-25 15:58:52,691 DEBUG   HandlerThread:311819 [handler.py:handle_request():146] handle_request: partial_history
2024-04-25 15:58:52,692 DEBUG   SenderThread:311819 [sender.py:send():379] send: history
2024-04-25 15:58:52,692 DEBUG   SenderThread:311819 [sender.py:send_request():406] send_request: summary_record
2024-04-25 15:58:52,693 INFO    SenderThread:311819 [sender.py:_save_file():1390] saving file wandb-summary.json with policy end
2024-04-25 15:58:52,750 DEBUG   SenderThread:311819 [sender.py:send():379] send: exit
2024-04-25 15:58:52,750 INFO    SenderThread:311819 [sender.py:send_exit():586] handling exit code: 255
2024-04-25 15:58:52,750 INFO    SenderThread:311819 [sender.py:send_exit():588] handling runtime: 274
2024-04-25 15:58:52,750 INFO    SenderThread:311819 [sender.py:_save_file():1390] saving file wandb-summary.json with policy end
2024-04-25 15:58:52,750 INFO    SenderThread:311819 [sender.py:send_exit():594] send defer
2024-04-25 15:58:52,751 DEBUG   HandlerThread:311819 [handler.py:handle_request():146] handle_request: defer
2024-04-25 15:58:52,751 INFO    HandlerThread:311819 [handler.py:handle_request_defer():172] handle defer: 0
2024-04-25 15:58:52,751 DEBUG   SenderThread:311819 [sender.py:send_request():406] send_request: defer
2024-04-25 15:58:52,751 INFO    SenderThread:311819 [sender.py:send_request_defer():610] handle sender defer: 0
2024-04-25 15:58:52,751 INFO    SenderThread:311819 [sender.py:transition_state():614] send defer: 1
2024-04-25 15:58:52,752 DEBUG   HandlerThread:311819 [handler.py:handle_request():146] handle_request: defer
2024-04-25 15:58:52,752 INFO    HandlerThread:311819 [handler.py:handle_request_defer():172] handle defer: 1
2024-04-25 15:58:52,752 DEBUG   SenderThread:311819 [sender.py:send_request():406] send_request: defer
2024-04-25 15:58:52,752 INFO    SenderThread:311819 [sender.py:send_request_defer():610] handle sender defer: 1
2024-04-25 15:58:52,752 INFO    SenderThread:311819 [sender.py:transition_state():614] send defer: 2
2024-04-25 15:58:52,752 DEBUG   HandlerThread:311819 [handler.py:handle_request():146] handle_request: defer
2024-04-25 15:58:52,752 INFO    HandlerThread:311819 [handler.py:handle_request_defer():172] handle defer: 2
2024-04-25 15:58:52,752 INFO    HandlerThread:311819 [system_monitor.py:finish():203] Stopping system monitor
2024-04-25 15:58:52,753 DEBUG   SystemMonitor:311819 [system_monitor.py:_start():179] Finished system metrics aggregation loop
2024-04-25 15:58:52,753 DEBUG   SystemMonitor:311819 [system_monitor.py:_start():183] Publishing last batch of metrics
2024-04-25 15:58:52,754 INFO    HandlerThread:311819 [interfaces.py:finish():202] Joined cpu monitor
2024-04-25 15:58:52,755 INFO    HandlerThread:311819 [interfaces.py:finish():202] Joined disk monitor
2024-04-25 15:58:52,771 INFO    HandlerThread:311819 [interfaces.py:finish():202] Joined gpu monitor
2024-04-25 15:58:52,772 INFO    HandlerThread:311819 [interfaces.py:finish():202] Joined memory monitor
2024-04-25 15:58:52,772 INFO    HandlerThread:311819 [interfaces.py:finish():202] Joined network monitor
2024-04-25 15:58:52,773 DEBUG   SenderThread:311819 [sender.py:send_request():406] send_request: defer
2024-04-25 15:58:52,773 INFO    SenderThread:311819 [sender.py:send_request_defer():610] handle sender defer: 2
2024-04-25 15:58:52,773 INFO    SenderThread:311819 [sender.py:transition_state():614] send defer: 3
2024-04-25 15:58:52,773 DEBUG   SenderThread:311819 [sender.py:send():379] send: stats
2024-04-25 15:58:52,773 DEBUG   HandlerThread:311819 [handler.py:handle_request():146] handle_request: defer
2024-04-25 15:58:52,773 INFO    HandlerThread:311819 [handler.py:handle_request_defer():172] handle defer: 3
2024-04-25 15:58:52,774 DEBUG   SenderThread:311819 [sender.py:send_request():406] send_request: defer
2024-04-25 15:58:52,774 INFO    SenderThread:311819 [sender.py:send_request_defer():610] handle sender defer: 3
2024-04-25 15:58:52,774 INFO    SenderThread:311819 [sender.py:transition_state():614] send defer: 4
2024-04-25 15:58:52,774 DEBUG   HandlerThread:311819 [handler.py:handle_request():146] handle_request: defer
2024-04-25 15:58:52,774 INFO    HandlerThread:311819 [handler.py:handle_request_defer():172] handle defer: 4
2024-04-25 15:58:52,775 DEBUG   SenderThread:311819 [sender.py:send_request():406] send_request: defer
2024-04-25 15:58:52,775 INFO    SenderThread:311819 [sender.py:send_request_defer():610] handle sender defer: 4
2024-04-25 15:58:52,775 INFO    SenderThread:311819 [sender.py:transition_state():614] send defer: 5
2024-04-25 15:58:52,775 DEBUG   HandlerThread:311819 [handler.py:handle_request():146] handle_request: defer
2024-04-25 15:58:52,775 INFO    HandlerThread:311819 [handler.py:handle_request_defer():172] handle defer: 5
2024-04-25 15:58:52,776 DEBUG   SenderThread:311819 [sender.py:send():379] send: summary
2024-04-25 15:58:52,776 INFO    SenderThread:311819 [sender.py:_save_file():1390] saving file wandb-summary.json with policy end
2024-04-25 15:58:52,776 DEBUG   SenderThread:311819 [sender.py:send_request():406] send_request: defer
2024-04-25 15:58:52,776 INFO    SenderThread:311819 [sender.py:send_request_defer():610] handle sender defer: 5
2024-04-25 15:58:52,776 INFO    SenderThread:311819 [sender.py:transition_state():614] send defer: 6
2024-04-25 15:58:52,777 DEBUG   HandlerThread:311819 [handler.py:handle_request():146] handle_request: defer
2024-04-25 15:58:52,777 INFO    HandlerThread:311819 [handler.py:handle_request_defer():172] handle defer: 6
2024-04-25 15:58:52,777 DEBUG   SenderThread:311819 [sender.py:send_request():406] send_request: defer
2024-04-25 15:58:52,777 INFO    SenderThread:311819 [sender.py:send_request_defer():610] handle sender defer: 6
2024-04-25 15:58:52,777 INFO    SenderThread:311819 [sender.py:transition_state():614] send defer: 7
2024-04-25 15:58:52,777 DEBUG   HandlerThread:311819 [handler.py:handle_request():146] handle_request: status_report
2024-04-25 15:58:52,778 DEBUG   HandlerThread:311819 [handler.py:handle_request():146] handle_request: defer
2024-04-25 15:58:52,778 INFO    HandlerThread:311819 [handler.py:handle_request_defer():172] handle defer: 7
2024-04-25 15:58:52,778 DEBUG   SenderThread:311819 [sender.py:send_request():406] send_request: defer
2024-04-25 15:58:52,778 INFO    SenderThread:311819 [sender.py:send_request_defer():610] handle sender defer: 7
2024-04-25 15:58:53,019 INFO    Thread-12 :311819 [dir_watcher.py:_on_file_modified():288] file/dir modified: /home/zqf/projects/FLNONIID/wandb/run-20240425_155417-rzji9xl0/files/wandb-summary.json
2024-04-25 15:58:53,750 DEBUG   HandlerThread:311819 [handler.py:handle_request():146] handle_request: poll_exit
2024-04-25 15:58:54,019 INFO    Thread-12 :311819 [dir_watcher.py:_on_file_modified():288] file/dir modified: /home/zqf/projects/FLNONIID/wandb/run-20240425_155417-rzji9xl0/files/output.log
2024-04-25 15:58:55,213 INFO    SenderThread:311819 [sender.py:transition_state():614] send defer: 8
2024-04-25 15:58:55,213 DEBUG   SenderThread:311819 [sender.py:send_request():406] send_request: poll_exit
2024-04-25 15:58:55,213 DEBUG   HandlerThread:311819 [handler.py:handle_request():146] handle_request: defer
2024-04-25 15:58:55,214 INFO    HandlerThread:311819 [handler.py:handle_request_defer():172] handle defer: 8
2024-04-25 15:58:55,214 DEBUG   SenderThread:311819 [sender.py:send_request():406] send_request: defer
2024-04-25 15:58:55,214 INFO    SenderThread:311819 [sender.py:send_request_defer():610] handle sender defer: 8
2024-04-25 15:58:55,214 INFO    SenderThread:311819 [job_builder.py:build():318] Attempting to build job artifact
2024-04-25 15:58:55,215 INFO    SenderThread:311819 [job_builder.py:_get_source_type():466] no source found
2024-04-25 15:58:55,215 INFO    SenderThread:311819 [sender.py:transition_state():614] send defer: 9
2024-04-25 15:58:55,216 DEBUG   HandlerThread:311819 [handler.py:handle_request():146] handle_request: defer
2024-04-25 15:58:55,216 INFO    HandlerThread:311819 [handler.py:handle_request_defer():172] handle defer: 9
2024-04-25 15:58:55,216 DEBUG   SenderThread:311819 [sender.py:send_request():406] send_request: defer
2024-04-25 15:58:55,216 INFO    SenderThread:311819 [sender.py:send_request_defer():610] handle sender defer: 9
2024-04-25 15:58:55,216 INFO    SenderThread:311819 [dir_watcher.py:finish():358] shutting down directory watcher
2024-04-25 15:58:55,752 DEBUG   HandlerThread:311819 [handler.py:handle_request():146] handle_request: poll_exit
2024-04-25 15:58:56,022 INFO    SenderThread:311819 [dir_watcher.py:_on_file_modified():288] file/dir modified: /home/zqf/projects/FLNONIID/wandb/run-20240425_155417-rzji9xl0/files/output.log
2024-04-25 15:58:56,023 INFO    SenderThread:311819 [dir_watcher.py:finish():388] scan: /home/zqf/projects/FLNONIID/wandb/run-20240425_155417-rzji9xl0/files
2024-04-25 15:58:56,024 INFO    SenderThread:311819 [dir_watcher.py:finish():402] scan save: /home/zqf/projects/FLNONIID/wandb/run-20240425_155417-rzji9xl0/files/requirements.txt requirements.txt
2024-04-25 15:58:56,025 INFO    SenderThread:311819 [dir_watcher.py:finish():402] scan save: /home/zqf/projects/FLNONIID/wandb/run-20240425_155417-rzji9xl0/files/wandb-metadata.json wandb-metadata.json
2024-04-25 15:58:56,033 INFO    SenderThread:311819 [dir_watcher.py:finish():402] scan save: /home/zqf/projects/FLNONIID/wandb/run-20240425_155417-rzji9xl0/files/wandb-summary.json wandb-summary.json
2024-04-25 15:58:56,035 INFO    SenderThread:311819 [dir_watcher.py:finish():402] scan save: /home/zqf/projects/FLNONIID/wandb/run-20240425_155417-rzji9xl0/files/output.log output.log
2024-04-25 15:58:56,038 INFO    SenderThread:311819 [dir_watcher.py:finish():402] scan save: /home/zqf/projects/FLNONIID/wandb/run-20240425_155417-rzji9xl0/files/conda-environment.yaml conda-environment.yaml
2024-04-25 15:58:56,039 INFO    SenderThread:311819 [dir_watcher.py:finish():402] scan save: /home/zqf/projects/FLNONIID/wandb/run-20240425_155417-rzji9xl0/files/config.yaml config.yaml
2024-04-25 15:58:56,055 INFO    SenderThread:311819 [sender.py:transition_state():614] send defer: 10
2024-04-25 15:58:56,067 DEBUG   SenderThread:311819 [sender.py:send_request():406] send_request: poll_exit
2024-04-25 15:58:56,068 DEBUG   HandlerThread:311819 [handler.py:handle_request():146] handle_request: defer
2024-04-25 15:58:56,078 INFO    HandlerThread:311819 [handler.py:handle_request_defer():172] handle defer: 10
2024-04-25 15:58:56,082 DEBUG   SenderThread:311819 [sender.py:send_request():406] send_request: defer
2024-04-25 15:58:56,082 INFO    SenderThread:311819 [sender.py:send_request_defer():610] handle sender defer: 10
2024-04-25 15:58:56,083 INFO    SenderThread:311819 [file_pusher.py:finish():172] shutting down file pusher
2024-04-25 15:58:56,548 ERROR   wandb-upload_1:311819 [internal_api.py:upload_file():2767] upload_file exception https://storage.googleapis.com/wandb-production.appspot.com/zhangqufei945/my-awesome-project-1/rzji9xl0/requirements.txt?Expires=1714118336&GoogleAccessId=gorilla-files-url-signer-man%40wandb-production.iam.gserviceaccount.com&Signature=As7hWx7C4HEzg6QXbWpmXY01i3zF1un3jXAU7pViW99v1ajKayue6KzdMpeIIImF5nhz1JdSpYYKyXpEXTsnIzE0HCziAxQ%2BgRxsY1%2FuYqdNZxy3UX7Az69%2BV2LzczCgoa7bONrkwQ32FxuOjvlJ%2F48o0X5lBbafR7hnPDddopoWxzSbFSBJQYtU9KcJv%2Fd3nbtLmOTMic%2FXtxF4Y%2BUvbFRlqAP4Hqh9Xhd6wDBIfapXt540CnnU773qtO%2FgBero6vrG%2FpYjCo4ZgyEXoje8SYER5%2F7jW4e%2FlVRb9xEUWfiYlc9335H1REGp78QlP%2FoXW4Ng%2FwjAgcCFGh0LmC26Jw%3D%3D: ('Connection aborted.', ConnectionResetError(104, 'Connection reset by peer'))
2024-04-25 15:58:56,549 ERROR   wandb-upload_1:311819 [internal_api.py:upload_file():2769] upload_file request headers: {'User-Agent': 'python-requests/2.31.0', 'Accept-Encoding': 'gzip, deflate', 'Accept': '*/*', 'Connection': 'keep-alive', 'Content-Length': '903'}
2024-04-25 15:58:56,549 ERROR   wandb-upload_1:311819 [internal_api.py:upload_file():2771] upload_file response body: 
2024-04-25 15:58:56,737 ERROR   wandb-upload_5:311819 [internal_api.py:upload_file():2767] upload_file exception https://storage.googleapis.com/wandb-production.appspot.com/zhangqufei945/my-awesome-project-1/rzji9xl0/config.yaml?Expires=1714118337&GoogleAccessId=gorilla-files-url-signer-man%40wandb-production.iam.gserviceaccount.com&Signature=AQtwVbY0Qgct1P7lHPdXh2amFy7wk6uYmYyyaXzru7SvNZhSN333CZIbw3hyIW90VDXhIy0ADjxiHhKSNHBDLdLhD56wzYRhsi6FUPhd%2F4Hkg0Wa%2Fo3yhY9pmDtz1wEnEnUBjZeL%2B%2FfJUWXt3WFunvqOyPrjftwgDo%2B5b%2BtloIgNXlMRLoU3s1P0CEzeUSZku5uS4lJbQaE1Pub3s2TjoC%2FGnD43pVjZ%2FZYUXiwRU5pYnWd9za4VouSgb7%2B6%2FcKTej8PTV3LbvBDwl1nxH7P7w91c0%2FtfxO%2FVtd2yqpKsvG%2F2HoE%2F0suHDIJQwx99V%2FaQC%2FYw%2F59oi3OJrp3uFnejQ%3D%3D: ('Connection aborted.', ConnectionResetError(104, 'Connection reset by peer'))
2024-04-25 15:58:56,737 ERROR   wandb-upload_5:311819 [internal_api.py:upload_file():2769] upload_file request headers: {'User-Agent': 'python-requests/2.31.0', 'Accept-Encoding': 'gzip, deflate', 'Accept': '*/*', 'Connection': 'keep-alive', 'Content-Length': '386'}
2024-04-25 15:58:56,737 ERROR   wandb-upload_5:311819 [internal_api.py:upload_file():2771] upload_file response body: 
2024-04-25 15:58:56,755 DEBUG   HandlerThread:311819 [handler.py:handle_request():146] handle_request: poll_exit
2024-04-25 15:58:56,756 DEBUG   SenderThread:311819 [sender.py:send_request():406] send_request: poll_exit
2024-04-25 15:58:56,757 ERROR   wandb-upload_2:311819 [internal_api.py:upload_file():2767] upload_file exception https://storage.googleapis.com/wandb-production.appspot.com/zhangqufei945/my-awesome-project-1/rzji9xl0/wandb-summary.json?Expires=1714118337&GoogleAccessId=gorilla-files-url-signer-man%40wandb-production.iam.gserviceaccount.com&Signature=u43xh5ruC3wNn6MfB8J0kQ5g7LyOSUuRY6BAKUDT5XuszId4TNJi5N%2BBw%2FgCkN0Vjii1ZUHlDNcXnUubczbekZw9pS7R%2BHAi6Am1ID1V%2FH16%2BZE7IsGVj0t89WQCgRVUjjbrKReUSaZb2lpyI3d3wsUJtAqLaZcbIVlDpb%2BwnqZySAvTUot70Kt%2BLIK7WpSWMiSfu95FaPQ8067SRBLQkx%2B048Bh2z5WCMgl1ZcYvRbQ5gKvunKRJCI1txhZ06ZC9J%2BgTfdwzF%2BFCk91mNOtEj5NF3dk1xEXyPR%2FNJAWg%2FIuuoPk3R9WNhqS%2Fk0ugeDg3Mxm%2FlDMbFxc%2B1f4vtb04Q%3D%3D: ('Connection aborted.', ConnectionResetError(104, 'Connection reset by peer'))
2024-04-25 15:58:56,759 ERROR   wandb-upload_2:311819 [internal_api.py:upload_file():2769] upload_file request headers: {'User-Agent': 'python-requests/2.31.0', 'Accept-Encoding': 'gzip, deflate', 'Accept': '*/*', 'Connection': 'keep-alive', 'Content-Length': '148'}
2024-04-25 15:58:56,759 ERROR   wandb-upload_2:311819 [internal_api.py:upload_file():2771] upload_file response body: 
2024-04-25 15:58:56,763 ERROR   wandb-upload_4:311819 [internal_api.py:upload_file():2767] upload_file exception https://storage.googleapis.com/wandb-production.appspot.com/zhangqufei945/my-awesome-project-1/rzji9xl0/conda-environment.yaml?Expires=1714118337&GoogleAccessId=gorilla-files-url-signer-man%40wandb-production.iam.gserviceaccount.com&Signature=PiYX2TTqTKIA2%2FJ4QatFgJgpTrcgX2eT0IjRei160ku9GX%2F%2BYc%2BKqkReC8XQJUI%2FXjViaPh3GXk%2BPUS7HAnQIdIvy%2FhEozofJM%2BiMv%2BjzL4ReVMd1dLsV%2Bygc8KTp6ER9g44xTAeAI8AfKQeBfrWFL58eQoEmecd2eCJ7kedyNkmAaZBaxNReSpqd1ZMaMy4X1HhVgBFurM0VNj%2Fbxs1PeqFraCIqzbujrZsNHv3VakxiXoouOlL%2F6OcIxi4kCBZwcNyl9oh7X6%2BaY5%2BbS8IC1ABFQqnmqs2iWR3ZOrOj7PfwpcgcqLKrRoIEXct4xY5jZp7i8UG6W2TtLNgGs3wpA%3D%3D: ('Connection aborted.', ConnectionResetError(104, 'Connection reset by peer'))
2024-04-25 15:58:56,763 ERROR   wandb-upload_4:311819 [internal_api.py:upload_file():2769] upload_file request headers: {'User-Agent': 'python-requests/2.31.0', 'Accept-Encoding': 'gzip, deflate', 'Accept': '*/*', 'Connection': 'keep-alive', 'Content-Length': '3103'}
2024-04-25 15:58:56,764 ERROR   wandb-upload_4:311819 [internal_api.py:upload_file():2771] upload_file response body: 
2024-04-25 15:58:57,756 DEBUG   HandlerThread:311819 [handler.py:handle_request():146] handle_request: poll_exit
2024-04-25 15:58:57,756 DEBUG   SenderThread:311819 [sender.py:send_request():406] send_request: poll_exit
2024-04-25 15:58:57,846 ERROR   wandb-upload_1:311819 [internal_api.py:upload_file():2767] upload_file exception https://storage.googleapis.com/wandb-production.appspot.com/zhangqufei945/my-awesome-project-1/rzji9xl0/requirements.txt?Expires=1714118336&GoogleAccessId=gorilla-files-url-signer-man%40wandb-production.iam.gserviceaccount.com&Signature=As7hWx7C4HEzg6QXbWpmXY01i3zF1un3jXAU7pViW99v1ajKayue6KzdMpeIIImF5nhz1JdSpYYKyXpEXTsnIzE0HCziAxQ%2BgRxsY1%2FuYqdNZxy3UX7Az69%2BV2LzczCgoa7bONrkwQ32FxuOjvlJ%2F48o0X5lBbafR7hnPDddopoWxzSbFSBJQYtU9KcJv%2Fd3nbtLmOTMic%2FXtxF4Y%2BUvbFRlqAP4Hqh9Xhd6wDBIfapXt540CnnU773qtO%2FgBero6vrG%2FpYjCo4ZgyEXoje8SYER5%2F7jW4e%2FlVRb9xEUWfiYlc9335H1REGp78QlP%2FoXW4Ng%2FwjAgcCFGh0LmC26Jw%3D%3D: ('Connection aborted.', ConnectionResetError(104, 'Connection reset by peer'))
2024-04-25 15:58:57,846 ERROR   wandb-upload_1:311819 [internal_api.py:upload_file():2769] upload_file request headers: {'User-Agent': 'python-requests/2.31.0', 'Accept-Encoding': 'gzip, deflate', 'Accept': '*/*', 'Connection': 'keep-alive', 'Content-Length': '903'}
2024-04-25 15:58:57,846 ERROR   wandb-upload_1:311819 [internal_api.py:upload_file():2771] upload_file response body: 
2024-04-25 15:58:58,129 ERROR   wandb-upload_4:311819 [internal_api.py:upload_file():2767] upload_file exception https://storage.googleapis.com/wandb-production.appspot.com/zhangqufei945/my-awesome-project-1/rzji9xl0/conda-environment.yaml?Expires=1714118337&GoogleAccessId=gorilla-files-url-signer-man%40wandb-production.iam.gserviceaccount.com&Signature=PiYX2TTqTKIA2%2FJ4QatFgJgpTrcgX2eT0IjRei160ku9GX%2F%2BYc%2BKqkReC8XQJUI%2FXjViaPh3GXk%2BPUS7HAnQIdIvy%2FhEozofJM%2BiMv%2BjzL4ReVMd1dLsV%2Bygc8KTp6ER9g44xTAeAI8AfKQeBfrWFL58eQoEmecd2eCJ7kedyNkmAaZBaxNReSpqd1ZMaMy4X1HhVgBFurM0VNj%2Fbxs1PeqFraCIqzbujrZsNHv3VakxiXoouOlL%2F6OcIxi4kCBZwcNyl9oh7X6%2BaY5%2BbS8IC1ABFQqnmqs2iWR3ZOrOj7PfwpcgcqLKrRoIEXct4xY5jZp7i8UG6W2TtLNgGs3wpA%3D%3D: ('Connection aborted.', ConnectionResetError(104, 'Connection reset by peer'))
2024-04-25 15:58:58,129 ERROR   wandb-upload_4:311819 [internal_api.py:upload_file():2769] upload_file request headers: {'User-Agent': 'python-requests/2.31.0', 'Accept-Encoding': 'gzip, deflate', 'Accept': '*/*', 'Connection': 'keep-alive', 'Content-Length': '3103'}
2024-04-25 15:58:58,129 ERROR   wandb-upload_4:311819 [internal_api.py:upload_file():2771] upload_file response body: 
2024-04-25 15:58:58,149 ERROR   wandb-upload_5:311819 [internal_api.py:upload_file():2767] upload_file exception https://storage.googleapis.com/wandb-production.appspot.com/zhangqufei945/my-awesome-project-1/rzji9xl0/config.yaml?Expires=1714118337&GoogleAccessId=gorilla-files-url-signer-man%40wandb-production.iam.gserviceaccount.com&Signature=AQtwVbY0Qgct1P7lHPdXh2amFy7wk6uYmYyyaXzru7SvNZhSN333CZIbw3hyIW90VDXhIy0ADjxiHhKSNHBDLdLhD56wzYRhsi6FUPhd%2F4Hkg0Wa%2Fo3yhY9pmDtz1wEnEnUBjZeL%2B%2FfJUWXt3WFunvqOyPrjftwgDo%2B5b%2BtloIgNXlMRLoU3s1P0CEzeUSZku5uS4lJbQaE1Pub3s2TjoC%2FGnD43pVjZ%2FZYUXiwRU5pYnWd9za4VouSgb7%2B6%2FcKTej8PTV3LbvBDwl1nxH7P7w91c0%2FtfxO%2FVtd2yqpKsvG%2F2HoE%2F0suHDIJQwx99V%2FaQC%2FYw%2F59oi3OJrp3uFnejQ%3D%3D: ('Connection aborted.', ConnectionResetError(104, 'Connection reset by peer'))
2024-04-25 15:58:58,150 ERROR   wandb-upload_5:311819 [internal_api.py:upload_file():2769] upload_file request headers: {'User-Agent': 'python-requests/2.31.0', 'Accept-Encoding': 'gzip, deflate', 'Accept': '*/*', 'Connection': 'keep-alive', 'Content-Length': '386'}
2024-04-25 15:58:58,150 ERROR   wandb-upload_5:311819 [internal_api.py:upload_file():2771] upload_file response body: 
2024-04-25 15:58:58,181 ERROR   wandb-upload_2:311819 [internal_api.py:upload_file():2767] upload_file exception https://storage.googleapis.com/wandb-production.appspot.com/zhangqufei945/my-awesome-project-1/rzji9xl0/wandb-summary.json?Expires=1714118337&GoogleAccessId=gorilla-files-url-signer-man%40wandb-production.iam.gserviceaccount.com&Signature=u43xh5ruC3wNn6MfB8J0kQ5g7LyOSUuRY6BAKUDT5XuszId4TNJi5N%2BBw%2FgCkN0Vjii1ZUHlDNcXnUubczbekZw9pS7R%2BHAi6Am1ID1V%2FH16%2BZE7IsGVj0t89WQCgRVUjjbrKReUSaZb2lpyI3d3wsUJtAqLaZcbIVlDpb%2BwnqZySAvTUot70Kt%2BLIK7WpSWMiSfu95FaPQ8067SRBLQkx%2B048Bh2z5WCMgl1ZcYvRbQ5gKvunKRJCI1txhZ06ZC9J%2BgTfdwzF%2BFCk91mNOtEj5NF3dk1xEXyPR%2FNJAWg%2FIuuoPk3R9WNhqS%2Fk0ugeDg3Mxm%2FlDMbFxc%2B1f4vtb04Q%3D%3D: ('Connection aborted.', ConnectionResetError(104, 'Connection reset by peer'))
2024-04-25 15:58:58,181 ERROR   wandb-upload_2:311819 [internal_api.py:upload_file():2769] upload_file request headers: {'User-Agent': 'python-requests/2.31.0', 'Accept-Encoding': 'gzip, deflate', 'Accept': '*/*', 'Connection': 'keep-alive', 'Content-Length': '148'}
2024-04-25 15:58:58,181 ERROR   wandb-upload_2:311819 [internal_api.py:upload_file():2771] upload_file response body: 
2024-04-25 15:58:58,758 DEBUG   HandlerThread:311819 [handler.py:handle_request():146] handle_request: poll_exit
2024-04-25 15:58:58,758 DEBUG   SenderThread:311819 [sender.py:send_request():406] send_request: poll_exit
2024-04-25 15:58:59,758 DEBUG   HandlerThread:311819 [handler.py:handle_request():146] handle_request: poll_exit
2024-04-25 15:58:59,759 DEBUG   SenderThread:311819 [sender.py:send_request():406] send_request: poll_exit
2024-04-25 15:59:00,104 ERROR   wandb-upload_0:311819 [internal_api.py:upload_file():2767] upload_file exception https://storage.googleapis.com/wandb-production.appspot.com/zhangqufei945/my-awesome-project-1/rzji9xl0/wandb-metadata.json?Expires=1714118060&GoogleAccessId=gorilla-files-url-signer-man%40wandb-production.iam.gserviceaccount.com&Signature=pqOG%2BuyCIKy8WSG7PFD6Q2aq%2BqimQsALQjujIM2ztJ8ZW2iR2%2FpHYqXrY5k4YKVMKem5W4n1bKzEF5ji1xY8RjueuvdJzTYV%2B4Um0bYPJNIss8aTpsZcfGjcO7Ucvucf%2FPk74DQx9CyDzjAg7fPa5eOTtohBUwJB4MX1hHUNlmaw6qGZSjlCY0cSIs6f9PiMlMxkAvnxA1IbUWrMUHZJ2tJSnr1I9WkABzSZG8Mb4RVNcB%2ByH%2BsuMMbUt4c6QzsSnvztRTuC1q9e4EPKAb1STXls9%2BeUAM2iRhHGbo85c8q63rpoCmJCiLX8XS7Ct6Csqh2W%2BY9pUiY9DBi59j8nQg%3D%3D: ('Connection aborted.', ConnectionResetError(104, 'Connection reset by peer'))
2024-04-25 15:59:00,104 ERROR   wandb-upload_0:311819 [internal_api.py:upload_file():2769] upload_file request headers: {'User-Agent': 'python-requests/2.31.0', 'Accept-Encoding': 'gzip, deflate', 'Accept': '*/*', 'Connection': 'keep-alive', 'Content-Length': '2703'}
2024-04-25 15:59:00,104 ERROR   wandb-upload_0:311819 [internal_api.py:upload_file():2771] upload_file response body: 
2024-04-25 15:59:00,569 ERROR   wandb-upload_1:311819 [internal_api.py:upload_file():2767] upload_file exception https://storage.googleapis.com/wandb-production.appspot.com/zhangqufei945/my-awesome-project-1/rzji9xl0/requirements.txt?Expires=1714118336&GoogleAccessId=gorilla-files-url-signer-man%40wandb-production.iam.gserviceaccount.com&Signature=As7hWx7C4HEzg6QXbWpmXY01i3zF1un3jXAU7pViW99v1ajKayue6KzdMpeIIImF5nhz1JdSpYYKyXpEXTsnIzE0HCziAxQ%2BgRxsY1%2FuYqdNZxy3UX7Az69%2BV2LzczCgoa7bONrkwQ32FxuOjvlJ%2F48o0X5lBbafR7hnPDddopoWxzSbFSBJQYtU9KcJv%2Fd3nbtLmOTMic%2FXtxF4Y%2BUvbFRlqAP4Hqh9Xhd6wDBIfapXt540CnnU773qtO%2FgBero6vrG%2FpYjCo4ZgyEXoje8SYER5%2F7jW4e%2FlVRb9xEUWfiYlc9335H1REGp78QlP%2FoXW4Ng%2FwjAgcCFGh0LmC26Jw%3D%3D: ('Connection aborted.', ConnectionResetError(104, 'Connection reset by peer'))
2024-04-25 15:59:00,569 ERROR   wandb-upload_1:311819 [internal_api.py:upload_file():2769] upload_file request headers: {'User-Agent': 'python-requests/2.31.0', 'Accept-Encoding': 'gzip, deflate', 'Accept': '*/*', 'Connection': 'keep-alive', 'Content-Length': '903'}
2024-04-25 15:59:00,569 ERROR   wandb-upload_1:311819 [internal_api.py:upload_file():2771] upload_file response body: 
2024-04-25 15:59:00,725 ERROR   wandb-upload_5:311819 [internal_api.py:upload_file():2767] upload_file exception https://storage.googleapis.com/wandb-production.appspot.com/zhangqufei945/my-awesome-project-1/rzji9xl0/config.yaml?Expires=1714118337&GoogleAccessId=gorilla-files-url-signer-man%40wandb-production.iam.gserviceaccount.com&Signature=AQtwVbY0Qgct1P7lHPdXh2amFy7wk6uYmYyyaXzru7SvNZhSN333CZIbw3hyIW90VDXhIy0ADjxiHhKSNHBDLdLhD56wzYRhsi6FUPhd%2F4Hkg0Wa%2Fo3yhY9pmDtz1wEnEnUBjZeL%2B%2FfJUWXt3WFunvqOyPrjftwgDo%2B5b%2BtloIgNXlMRLoU3s1P0CEzeUSZku5uS4lJbQaE1Pub3s2TjoC%2FGnD43pVjZ%2FZYUXiwRU5pYnWd9za4VouSgb7%2B6%2FcKTej8PTV3LbvBDwl1nxH7P7w91c0%2FtfxO%2FVtd2yqpKsvG%2F2HoE%2F0suHDIJQwx99V%2FaQC%2FYw%2F59oi3OJrp3uFnejQ%3D%3D: ('Connection aborted.', ConnectionResetError(104, 'Connection reset by peer'))
2024-04-25 15:59:00,725 ERROR   wandb-upload_5:311819 [internal_api.py:upload_file():2769] upload_file request headers: {'User-Agent': 'python-requests/2.31.0', 'Accept-Encoding': 'gzip, deflate', 'Accept': '*/*', 'Connection': 'keep-alive', 'Content-Length': '386'}
2024-04-25 15:59:00,725 ERROR   wandb-upload_5:311819 [internal_api.py:upload_file():2771] upload_file response body: 
2024-04-25 15:59:00,757 ERROR   wandb-upload_2:311819 [internal_api.py:upload_file():2767] upload_file exception https://storage.googleapis.com/wandb-production.appspot.com/zhangqufei945/my-awesome-project-1/rzji9xl0/wandb-summary.json?Expires=1714118337&GoogleAccessId=gorilla-files-url-signer-man%40wandb-production.iam.gserviceaccount.com&Signature=u43xh5ruC3wNn6MfB8J0kQ5g7LyOSUuRY6BAKUDT5XuszId4TNJi5N%2BBw%2FgCkN0Vjii1ZUHlDNcXnUubczbekZw9pS7R%2BHAi6Am1ID1V%2FH16%2BZE7IsGVj0t89WQCgRVUjjbrKReUSaZb2lpyI3d3wsUJtAqLaZcbIVlDpb%2BwnqZySAvTUot70Kt%2BLIK7WpSWMiSfu95FaPQ8067SRBLQkx%2B048Bh2z5WCMgl1ZcYvRbQ5gKvunKRJCI1txhZ06ZC9J%2BgTfdwzF%2BFCk91mNOtEj5NF3dk1xEXyPR%2FNJAWg%2FIuuoPk3R9WNhqS%2Fk0ugeDg3Mxm%2FlDMbFxc%2B1f4vtb04Q%3D%3D: ('Connection aborted.', ConnectionResetError(104, 'Connection reset by peer'))
2024-04-25 15:59:00,757 ERROR   wandb-upload_2:311819 [internal_api.py:upload_file():2769] upload_file request headers: {'User-Agent': 'python-requests/2.31.0', 'Accept-Encoding': 'gzip, deflate', 'Accept': '*/*', 'Connection': 'keep-alive', 'Content-Length': '148'}
2024-04-25 15:59:00,757 ERROR   wandb-upload_2:311819 [internal_api.py:upload_file():2771] upload_file response body: 
2024-04-25 15:59:00,758 DEBUG   HandlerThread:311819 [handler.py:handle_request():146] handle_request: poll_exit
2024-04-25 15:59:00,759 DEBUG   SenderThread:311819 [sender.py:send_request():406] send_request: poll_exit
2024-04-25 15:59:00,759 DEBUG   HandlerThread:311819 [handler.py:handle_request():146] handle_request: status_report
2024-04-25 15:59:00,813 ERROR   wandb-upload_4:311819 [internal_api.py:upload_file():2767] upload_file exception https://storage.googleapis.com/wandb-production.appspot.com/zhangqufei945/my-awesome-project-1/rzji9xl0/conda-environment.yaml?Expires=1714118337&GoogleAccessId=gorilla-files-url-signer-man%40wandb-production.iam.gserviceaccount.com&Signature=PiYX2TTqTKIA2%2FJ4QatFgJgpTrcgX2eT0IjRei160ku9GX%2F%2BYc%2BKqkReC8XQJUI%2FXjViaPh3GXk%2BPUS7HAnQIdIvy%2FhEozofJM%2BiMv%2BjzL4ReVMd1dLsV%2Bygc8KTp6ER9g44xTAeAI8AfKQeBfrWFL58eQoEmecd2eCJ7kedyNkmAaZBaxNReSpqd1ZMaMy4X1HhVgBFurM0VNj%2Fbxs1PeqFraCIqzbujrZsNHv3VakxiXoouOlL%2F6OcIxi4kCBZwcNyl9oh7X6%2BaY5%2BbS8IC1ABFQqnmqs2iWR3ZOrOj7PfwpcgcqLKrRoIEXct4xY5jZp7i8UG6W2TtLNgGs3wpA%3D%3D: ('Connection aborted.', ConnectionResetError(104, 'Connection reset by peer'))
2024-04-25 15:59:00,813 ERROR   wandb-upload_4:311819 [internal_api.py:upload_file():2769] upload_file request headers: {'User-Agent': 'python-requests/2.31.0', 'Accept-Encoding': 'gzip, deflate', 'Accept': '*/*', 'Connection': 'keep-alive', 'Content-Length': '3103'}
2024-04-25 15:59:00,813 ERROR   wandb-upload_4:311819 [internal_api.py:upload_file():2771] upload_file response body: 
2024-04-25 15:59:01,759 DEBUG   HandlerThread:311819 [handler.py:handle_request():146] handle_request: poll_exit
2024-04-25 15:59:01,760 DEBUG   SenderThread:311819 [sender.py:send_request():406] send_request: poll_exit
2024-04-25 15:59:02,759 DEBUG   HandlerThread:311819 [handler.py:handle_request():146] handle_request: poll_exit
2024-04-25 15:59:02,760 DEBUG   SenderThread:311819 [sender.py:send_request():406] send_request: poll_exit
2024-04-25 15:59:03,761 DEBUG   HandlerThread:311819 [handler.py:handle_request():146] handle_request: poll_exit
2024-04-25 15:59:03,761 DEBUG   SenderThread:311819 [sender.py:send_request():406] send_request: poll_exit
2024-04-25 15:59:04,761 DEBUG   HandlerThread:311819 [handler.py:handle_request():146] handle_request: poll_exit
2024-04-25 15:59:04,762 DEBUG   SenderThread:311819 [sender.py:send_request():406] send_request: poll_exit
2024-04-25 15:59:05,240 ERROR   wandb-upload_2:311819 [internal_api.py:upload_file():2767] upload_file exception https://storage.googleapis.com/wandb-production.appspot.com/zhangqufei945/my-awesome-project-1/rzji9xl0/wandb-summary.json?Expires=1714118337&GoogleAccessId=gorilla-files-url-signer-man%40wandb-production.iam.gserviceaccount.com&Signature=u43xh5ruC3wNn6MfB8J0kQ5g7LyOSUuRY6BAKUDT5XuszId4TNJi5N%2BBw%2FgCkN0Vjii1ZUHlDNcXnUubczbekZw9pS7R%2BHAi6Am1ID1V%2FH16%2BZE7IsGVj0t89WQCgRVUjjbrKReUSaZb2lpyI3d3wsUJtAqLaZcbIVlDpb%2BwnqZySAvTUot70Kt%2BLIK7WpSWMiSfu95FaPQ8067SRBLQkx%2B048Bh2z5WCMgl1ZcYvRbQ5gKvunKRJCI1txhZ06ZC9J%2BgTfdwzF%2BFCk91mNOtEj5NF3dk1xEXyPR%2FNJAWg%2FIuuoPk3R9WNhqS%2Fk0ugeDg3Mxm%2FlDMbFxc%2B1f4vtb04Q%3D%3D: ('Connection aborted.', ConnectionResetError(104, 'Connection reset by peer'))
2024-04-25 15:59:05,240 ERROR   wandb-upload_2:311819 [internal_api.py:upload_file():2769] upload_file request headers: {'User-Agent': 'python-requests/2.31.0', 'Accept-Encoding': 'gzip, deflate', 'Accept': '*/*', 'Connection': 'keep-alive', 'Content-Length': '148'}
2024-04-25 15:59:05,240 ERROR   wandb-upload_2:311819 [internal_api.py:upload_file():2771] upload_file response body: 
2024-04-25 15:59:05,590 ERROR   wandb-upload_4:311819 [internal_api.py:upload_file():2767] upload_file exception https://storage.googleapis.com/wandb-production.appspot.com/zhangqufei945/my-awesome-project-1/rzji9xl0/conda-environment.yaml?Expires=1714118337&GoogleAccessId=gorilla-files-url-signer-man%40wandb-production.iam.gserviceaccount.com&Signature=PiYX2TTqTKIA2%2FJ4QatFgJgpTrcgX2eT0IjRei160ku9GX%2F%2BYc%2BKqkReC8XQJUI%2FXjViaPh3GXk%2BPUS7HAnQIdIvy%2FhEozofJM%2BiMv%2BjzL4ReVMd1dLsV%2Bygc8KTp6ER9g44xTAeAI8AfKQeBfrWFL58eQoEmecd2eCJ7kedyNkmAaZBaxNReSpqd1ZMaMy4X1HhVgBFurM0VNj%2Fbxs1PeqFraCIqzbujrZsNHv3VakxiXoouOlL%2F6OcIxi4kCBZwcNyl9oh7X6%2BaY5%2BbS8IC1ABFQqnmqs2iWR3ZOrOj7PfwpcgcqLKrRoIEXct4xY5jZp7i8UG6W2TtLNgGs3wpA%3D%3D: ('Connection aborted.', ConnectionResetError(104, 'Connection reset by peer'))
2024-04-25 15:59:05,590 ERROR   wandb-upload_4:311819 [internal_api.py:upload_file():2769] upload_file request headers: {'User-Agent': 'python-requests/2.31.0', 'Accept-Encoding': 'gzip, deflate', 'Accept': '*/*', 'Connection': 'keep-alive', 'Content-Length': '3103'}
2024-04-25 15:59:05,590 ERROR   wandb-upload_4:311819 [internal_api.py:upload_file():2771] upload_file response body: 
2024-04-25 15:59:05,725 ERROR   wandb-upload_1:311819 [internal_api.py:upload_file():2767] upload_file exception https://storage.googleapis.com/wandb-production.appspot.com/zhangqufei945/my-awesome-project-1/rzji9xl0/requirements.txt?Expires=1714118336&GoogleAccessId=gorilla-files-url-signer-man%40wandb-production.iam.gserviceaccount.com&Signature=As7hWx7C4HEzg6QXbWpmXY01i3zF1un3jXAU7pViW99v1ajKayue6KzdMpeIIImF5nhz1JdSpYYKyXpEXTsnIzE0HCziAxQ%2BgRxsY1%2FuYqdNZxy3UX7Az69%2BV2LzczCgoa7bONrkwQ32FxuOjvlJ%2F48o0X5lBbafR7hnPDddopoWxzSbFSBJQYtU9KcJv%2Fd3nbtLmOTMic%2FXtxF4Y%2BUvbFRlqAP4Hqh9Xhd6wDBIfapXt540CnnU773qtO%2FgBero6vrG%2FpYjCo4ZgyEXoje8SYER5%2F7jW4e%2FlVRb9xEUWfiYlc9335H1REGp78QlP%2FoXW4Ng%2FwjAgcCFGh0LmC26Jw%3D%3D: ('Connection aborted.', ConnectionResetError(104, 'Connection reset by peer'))
2024-04-25 15:59:05,726 ERROR   wandb-upload_1:311819 [internal_api.py:upload_file():2769] upload_file request headers: {'User-Agent': 'python-requests/2.31.0', 'Accept-Encoding': 'gzip, deflate', 'Accept': '*/*', 'Connection': 'keep-alive', 'Content-Length': '903'}
2024-04-25 15:59:05,726 ERROR   wandb-upload_1:311819 [internal_api.py:upload_file():2771] upload_file response body: 
2024-04-25 15:59:05,762 DEBUG   HandlerThread:311819 [handler.py:handle_request():146] handle_request: poll_exit
2024-04-25 15:59:05,763 DEBUG   SenderThread:311819 [sender.py:send_request():406] send_request: poll_exit
2024-04-25 15:59:05,764 DEBUG   HandlerThread:311819 [handler.py:handle_request():146] handle_request: status_report
2024-04-25 15:59:05,931 ERROR   wandb-upload_5:311819 [internal_api.py:upload_file():2767] upload_file exception https://storage.googleapis.com/wandb-production.appspot.com/zhangqufei945/my-awesome-project-1/rzji9xl0/config.yaml?Expires=1714118337&GoogleAccessId=gorilla-files-url-signer-man%40wandb-production.iam.gserviceaccount.com&Signature=AQtwVbY0Qgct1P7lHPdXh2amFy7wk6uYmYyyaXzru7SvNZhSN333CZIbw3hyIW90VDXhIy0ADjxiHhKSNHBDLdLhD56wzYRhsi6FUPhd%2F4Hkg0Wa%2Fo3yhY9pmDtz1wEnEnUBjZeL%2B%2FfJUWXt3WFunvqOyPrjftwgDo%2B5b%2BtloIgNXlMRLoU3s1P0CEzeUSZku5uS4lJbQaE1Pub3s2TjoC%2FGnD43pVjZ%2FZYUXiwRU5pYnWd9za4VouSgb7%2B6%2FcKTej8PTV3LbvBDwl1nxH7P7w91c0%2FtfxO%2FVtd2yqpKsvG%2F2HoE%2F0suHDIJQwx99V%2FaQC%2FYw%2F59oi3OJrp3uFnejQ%3D%3D: ('Connection aborted.', ConnectionResetError(104, 'Connection reset by peer'))
2024-04-25 15:59:05,931 ERROR   wandb-upload_5:311819 [internal_api.py:upload_file():2769] upload_file request headers: {'User-Agent': 'python-requests/2.31.0', 'Accept-Encoding': 'gzip, deflate', 'Accept': '*/*', 'Connection': 'keep-alive', 'Content-Length': '386'}
2024-04-25 15:59:05,932 ERROR   wandb-upload_5:311819 [internal_api.py:upload_file():2771] upload_file response body: 
2024-04-25 15:59:06,764 DEBUG   HandlerThread:311819 [handler.py:handle_request():146] handle_request: poll_exit
2024-04-25 15:59:06,764 DEBUG   SenderThread:311819 [sender.py:send_request():406] send_request: poll_exit
2024-04-25 15:59:07,765 DEBUG   HandlerThread:311819 [handler.py:handle_request():146] handle_request: poll_exit
2024-04-25 15:59:07,766 DEBUG   SenderThread:311819 [sender.py:send_request():406] send_request: poll_exit
2024-04-25 15:59:08,766 DEBUG   HandlerThread:311819 [handler.py:handle_request():146] handle_request: poll_exit
2024-04-25 15:59:08,772 DEBUG   SenderThread:311819 [sender.py:send_request():406] send_request: poll_exit
2024-04-25 15:59:09,772 DEBUG   HandlerThread:311819 [handler.py:handle_request():146] handle_request: poll_exit
2024-04-25 15:59:09,773 DEBUG   SenderThread:311819 [sender.py:send_request():406] send_request: poll_exit
2024-04-25 15:59:10,772 DEBUG   HandlerThread:311819 [handler.py:handle_request():146] handle_request: poll_exit
2024-04-25 15:59:10,773 DEBUG   SenderThread:311819 [sender.py:send_request():406] send_request: poll_exit
2024-04-25 15:59:10,773 DEBUG   HandlerThread:311819 [handler.py:handle_request():146] handle_request: status_report
2024-04-25 15:59:11,773 DEBUG   HandlerThread:311819 [handler.py:handle_request():146] handle_request: poll_exit
2024-04-25 15:59:11,774 DEBUG   SenderThread:311819 [sender.py:send_request():406] send_request: poll_exit
2024-04-25 15:59:12,775 DEBUG   HandlerThread:311819 [handler.py:handle_request():146] handle_request: poll_exit
2024-04-25 15:59:12,775 DEBUG   SenderThread:311819 [sender.py:send_request():406] send_request: poll_exit
2024-04-25 15:59:13,775 DEBUG   HandlerThread:311819 [handler.py:handle_request():146] handle_request: poll_exit
2024-04-25 15:59:13,776 DEBUG   SenderThread:311819 [sender.py:send_request():406] send_request: poll_exit
2024-04-25 15:59:14,421 ERROR   wandb-upload_2:311819 [internal_api.py:upload_file():2767] upload_file exception https://storage.googleapis.com/wandb-production.appspot.com/zhangqufei945/my-awesome-project-1/rzji9xl0/wandb-summary.json?Expires=1714118337&GoogleAccessId=gorilla-files-url-signer-man%40wandb-production.iam.gserviceaccount.com&Signature=u43xh5ruC3wNn6MfB8J0kQ5g7LyOSUuRY6BAKUDT5XuszId4TNJi5N%2BBw%2FgCkN0Vjii1ZUHlDNcXnUubczbekZw9pS7R%2BHAi6Am1ID1V%2FH16%2BZE7IsGVj0t89WQCgRVUjjbrKReUSaZb2lpyI3d3wsUJtAqLaZcbIVlDpb%2BwnqZySAvTUot70Kt%2BLIK7WpSWMiSfu95FaPQ8067SRBLQkx%2B048Bh2z5WCMgl1ZcYvRbQ5gKvunKRJCI1txhZ06ZC9J%2BgTfdwzF%2BFCk91mNOtEj5NF3dk1xEXyPR%2FNJAWg%2FIuuoPk3R9WNhqS%2Fk0ugeDg3Mxm%2FlDMbFxc%2B1f4vtb04Q%3D%3D: ('Connection aborted.', ConnectionResetError(104, 'Connection reset by peer'))
2024-04-25 15:59:14,421 ERROR   wandb-upload_2:311819 [internal_api.py:upload_file():2769] upload_file request headers: {'User-Agent': 'python-requests/2.31.0', 'Accept-Encoding': 'gzip, deflate', 'Accept': '*/*', 'Connection': 'keep-alive', 'Content-Length': '148'}
2024-04-25 15:59:14,421 ERROR   wandb-upload_2:311819 [internal_api.py:upload_file():2771] upload_file response body: 
2024-04-25 15:59:14,776 DEBUG   HandlerThread:311819 [handler.py:handle_request():146] handle_request: poll_exit
2024-04-25 15:59:14,777 DEBUG   SenderThread:311819 [sender.py:send_request():406] send_request: poll_exit
2024-04-25 15:59:14,859 ERROR   wandb-upload_5:311819 [internal_api.py:upload_file():2767] upload_file exception https://storage.googleapis.com/wandb-production.appspot.com/zhangqufei945/my-awesome-project-1/rzji9xl0/config.yaml?Expires=1714118337&GoogleAccessId=gorilla-files-url-signer-man%40wandb-production.iam.gserviceaccount.com&Signature=AQtwVbY0Qgct1P7lHPdXh2amFy7wk6uYmYyyaXzru7SvNZhSN333CZIbw3hyIW90VDXhIy0ADjxiHhKSNHBDLdLhD56wzYRhsi6FUPhd%2F4Hkg0Wa%2Fo3yhY9pmDtz1wEnEnUBjZeL%2B%2FfJUWXt3WFunvqOyPrjftwgDo%2B5b%2BtloIgNXlMRLoU3s1P0CEzeUSZku5uS4lJbQaE1Pub3s2TjoC%2FGnD43pVjZ%2FZYUXiwRU5pYnWd9za4VouSgb7%2B6%2FcKTej8PTV3LbvBDwl1nxH7P7w91c0%2FtfxO%2FVtd2yqpKsvG%2F2HoE%2F0suHDIJQwx99V%2FaQC%2FYw%2F59oi3OJrp3uFnejQ%3D%3D: ('Connection aborted.', ConnectionResetError(104, 'Connection reset by peer'))
2024-04-25 15:59:14,859 ERROR   wandb-upload_5:311819 [internal_api.py:upload_file():2769] upload_file request headers: {'User-Agent': 'python-requests/2.31.0', 'Accept-Encoding': 'gzip, deflate', 'Accept': '*/*', 'Connection': 'keep-alive', 'Content-Length': '386'}
2024-04-25 15:59:14,859 ERROR   wandb-upload_5:311819 [internal_api.py:upload_file():2771] upload_file response body: 
2024-04-25 15:59:15,131 ERROR   wandb-upload_4:311819 [internal_api.py:upload_file():2767] upload_file exception https://storage.googleapis.com/wandb-production.appspot.com/zhangqufei945/my-awesome-project-1/rzji9xl0/conda-environment.yaml?Expires=1714118337&GoogleAccessId=gorilla-files-url-signer-man%40wandb-production.iam.gserviceaccount.com&Signature=PiYX2TTqTKIA2%2FJ4QatFgJgpTrcgX2eT0IjRei160ku9GX%2F%2BYc%2BKqkReC8XQJUI%2FXjViaPh3GXk%2BPUS7HAnQIdIvy%2FhEozofJM%2BiMv%2BjzL4ReVMd1dLsV%2Bygc8KTp6ER9g44xTAeAI8AfKQeBfrWFL58eQoEmecd2eCJ7kedyNkmAaZBaxNReSpqd1ZMaMy4X1HhVgBFurM0VNj%2Fbxs1PeqFraCIqzbujrZsNHv3VakxiXoouOlL%2F6OcIxi4kCBZwcNyl9oh7X6%2BaY5%2BbS8IC1ABFQqnmqs2iWR3ZOrOj7PfwpcgcqLKrRoIEXct4xY5jZp7i8UG6W2TtLNgGs3wpA%3D%3D: ('Connection aborted.', ConnectionResetError(104, 'Connection reset by peer'))
2024-04-25 15:59:15,131 ERROR   wandb-upload_4:311819 [internal_api.py:upload_file():2769] upload_file request headers: {'User-Agent': 'python-requests/2.31.0', 'Accept-Encoding': 'gzip, deflate', 'Accept': '*/*', 'Connection': 'keep-alive', 'Content-Length': '3103'}
2024-04-25 15:59:15,131 ERROR   wandb-upload_4:311819 [internal_api.py:upload_file():2771] upload_file response body: 
2024-04-25 15:59:15,429 ERROR   wandb-upload_1:311819 [internal_api.py:upload_file():2767] upload_file exception https://storage.googleapis.com/wandb-production.appspot.com/zhangqufei945/my-awesome-project-1/rzji9xl0/requirements.txt?Expires=1714118336&GoogleAccessId=gorilla-files-url-signer-man%40wandb-production.iam.gserviceaccount.com&Signature=As7hWx7C4HEzg6QXbWpmXY01i3zF1un3jXAU7pViW99v1ajKayue6KzdMpeIIImF5nhz1JdSpYYKyXpEXTsnIzE0HCziAxQ%2BgRxsY1%2FuYqdNZxy3UX7Az69%2BV2LzczCgoa7bONrkwQ32FxuOjvlJ%2F48o0X5lBbafR7hnPDddopoWxzSbFSBJQYtU9KcJv%2Fd3nbtLmOTMic%2FXtxF4Y%2BUvbFRlqAP4Hqh9Xhd6wDBIfapXt540CnnU773qtO%2FgBero6vrG%2FpYjCo4ZgyEXoje8SYER5%2F7jW4e%2FlVRb9xEUWfiYlc9335H1REGp78QlP%2FoXW4Ng%2FwjAgcCFGh0LmC26Jw%3D%3D: ('Connection aborted.', ConnectionResetError(104, 'Connection reset by peer'))
2024-04-25 15:59:15,429 ERROR   wandb-upload_1:311819 [internal_api.py:upload_file():2769] upload_file request headers: {'User-Agent': 'python-requests/2.31.0', 'Accept-Encoding': 'gzip, deflate', 'Accept': '*/*', 'Connection': 'keep-alive', 'Content-Length': '903'}
2024-04-25 15:59:15,429 ERROR   wandb-upload_1:311819 [internal_api.py:upload_file():2771] upload_file response body: 
2024-04-25 15:59:15,777 DEBUG   HandlerThread:311819 [handler.py:handle_request():146] handle_request: poll_exit
2024-04-25 15:59:15,777 DEBUG   SenderThread:311819 [sender.py:send_request():406] send_request: poll_exit
2024-04-25 15:59:15,778 DEBUG   HandlerThread:311819 [handler.py:handle_request():146] handle_request: status_report
2024-04-25 15:59:16,778 DEBUG   HandlerThread:311819 [handler.py:handle_request():146] handle_request: poll_exit
2024-04-25 15:59:16,779 DEBUG   SenderThread:311819 [sender.py:send_request():406] send_request: poll_exit
2024-04-25 15:59:17,779 DEBUG   HandlerThread:311819 [handler.py:handle_request():146] handle_request: poll_exit
2024-04-25 15:59:17,779 DEBUG   SenderThread:311819 [sender.py:send_request():406] send_request: poll_exit
2024-04-25 15:59:17,949 ERROR   wandb-upload_3:311819 [internal_api.py:upload_file():2767] upload_file exception https://storage.googleapis.com/wandb-production.appspot.com/zhangqufei945/my-awesome-project-1/rzji9xl0/output.log?Expires=1714118358&GoogleAccessId=gorilla-files-url-signer-man%40wandb-production.iam.gserviceaccount.com&Signature=v%2B2Adoh%2FkWf4nYyt%2B2ZUWFLNAfA0AgVT5krK6k2wGFxAdu2j7TrLLZDoiGHAgn955b9%2BMXdEMu9tDCXcSWBby7od68qGKnx8WSAYy1kL16XH326Lwz1MxAd6rgZtesTz0bdJFke7S2BTLgMcfTJ9ChV3B%2Bt4clE6lYKGEvn%2B0bXWo8EDLtZnfXYbSJvPtDqcN5M2Qxko3CfCdYU9Ltm5JBsuoHh1CP52xhujnXCWuG0LFftcPqzJKi%2BFB5H0xJBh53SdbcGi6QWVRGQFlMZFC1XQ3VVsx2jg2oH1WW1khYxm%2F0zXcJyQJbKtpJKaKgnlcagPMxq9Hgv1%2Fx7UUNa%2B6g%3D%3D: ('Connection aborted.', ConnectionResetError(104, 'Connection reset by peer'))
2024-04-25 15:59:17,949 ERROR   wandb-upload_3:311819 [internal_api.py:upload_file():2769] upload_file request headers: {'User-Agent': 'python-requests/2.31.0', 'Accept-Encoding': 'gzip, deflate', 'Accept': '*/*', 'Connection': 'keep-alive', 'Content-Length': '5449'}
2024-04-25 15:59:17,949 ERROR   wandb-upload_3:311819 [internal_api.py:upload_file():2771] upload_file response body: 
2024-04-25 15:59:18,780 DEBUG   HandlerThread:311819 [handler.py:handle_request():146] handle_request: poll_exit
2024-04-25 15:59:18,781 DEBUG   SenderThread:311819 [sender.py:send_request():406] send_request: poll_exit
2024-04-25 15:59:19,230 ERROR   wandb-upload_3:311819 [internal_api.py:upload_file():2767] upload_file exception https://storage.googleapis.com/wandb-production.appspot.com/zhangqufei945/my-awesome-project-1/rzji9xl0/output.log?Expires=1714118358&GoogleAccessId=gorilla-files-url-signer-man%40wandb-production.iam.gserviceaccount.com&Signature=v%2B2Adoh%2FkWf4nYyt%2B2ZUWFLNAfA0AgVT5krK6k2wGFxAdu2j7TrLLZDoiGHAgn955b9%2BMXdEMu9tDCXcSWBby7od68qGKnx8WSAYy1kL16XH326Lwz1MxAd6rgZtesTz0bdJFke7S2BTLgMcfTJ9ChV3B%2Bt4clE6lYKGEvn%2B0bXWo8EDLtZnfXYbSJvPtDqcN5M2Qxko3CfCdYU9Ltm5JBsuoHh1CP52xhujnXCWuG0LFftcPqzJKi%2BFB5H0xJBh53SdbcGi6QWVRGQFlMZFC1XQ3VVsx2jg2oH1WW1khYxm%2F0zXcJyQJbKtpJKaKgnlcagPMxq9Hgv1%2Fx7UUNa%2B6g%3D%3D: ('Connection aborted.', ConnectionResetError(104, 'Connection reset by peer'))
2024-04-25 15:59:19,230 ERROR   wandb-upload_3:311819 [internal_api.py:upload_file():2769] upload_file request headers: {'User-Agent': 'python-requests/2.31.0', 'Accept-Encoding': 'gzip, deflate', 'Accept': '*/*', 'Connection': 'keep-alive', 'Content-Length': '5449'}
2024-04-25 15:59:19,230 ERROR   wandb-upload_3:311819 [internal_api.py:upload_file():2771] upload_file response body: 
2024-04-25 15:59:19,781 DEBUG   HandlerThread:311819 [handler.py:handle_request():146] handle_request: poll_exit
2024-04-25 15:59:19,782 DEBUG   SenderThread:311819 [sender.py:send_request():406] send_request: poll_exit
2024-04-25 15:59:20,783 DEBUG   HandlerThread:311819 [handler.py:handle_request():146] handle_request: poll_exit
2024-04-25 15:59:20,783 DEBUG   HandlerThread:311819 [handler.py:handle_request():146] handle_request: status_report
2024-04-25 15:59:20,783 DEBUG   SenderThread:311819 [sender.py:send_request():406] send_request: poll_exit
2024-04-25 15:59:21,783 DEBUG   HandlerThread:311819 [handler.py:handle_request():146] handle_request: poll_exit
2024-04-25 15:59:21,784 DEBUG   SenderThread:311819 [sender.py:send_request():406] send_request: poll_exit
2024-04-25 15:59:21,866 ERROR   wandb-upload_3:311819 [internal_api.py:upload_file():2767] upload_file exception https://storage.googleapis.com/wandb-production.appspot.com/zhangqufei945/my-awesome-project-1/rzji9xl0/output.log?Expires=1714118358&GoogleAccessId=gorilla-files-url-signer-man%40wandb-production.iam.gserviceaccount.com&Signature=v%2B2Adoh%2FkWf4nYyt%2B2ZUWFLNAfA0AgVT5krK6k2wGFxAdu2j7TrLLZDoiGHAgn955b9%2BMXdEMu9tDCXcSWBby7od68qGKnx8WSAYy1kL16XH326Lwz1MxAd6rgZtesTz0bdJFke7S2BTLgMcfTJ9ChV3B%2Bt4clE6lYKGEvn%2B0bXWo8EDLtZnfXYbSJvPtDqcN5M2Qxko3CfCdYU9Ltm5JBsuoHh1CP52xhujnXCWuG0LFftcPqzJKi%2BFB5H0xJBh53SdbcGi6QWVRGQFlMZFC1XQ3VVsx2jg2oH1WW1khYxm%2F0zXcJyQJbKtpJKaKgnlcagPMxq9Hgv1%2Fx7UUNa%2B6g%3D%3D: ('Connection aborted.', ConnectionResetError(104, 'Connection reset by peer'))
2024-04-25 15:59:21,866 ERROR   wandb-upload_3:311819 [internal_api.py:upload_file():2769] upload_file request headers: {'User-Agent': 'python-requests/2.31.0', 'Accept-Encoding': 'gzip, deflate', 'Accept': '*/*', 'Connection': 'keep-alive', 'Content-Length': '5449'}
2024-04-25 15:59:21,867 ERROR   wandb-upload_3:311819 [internal_api.py:upload_file():2771] upload_file response body: 
2024-04-25 15:59:21,867 INFO    wandb-upload_3:311819 [retry.py:__call__():172] Retry attempt failed:
Traceback (most recent call last):
  File "/home/zqf/miniconda3/envs/FedDISC/lib/python3.8/site-packages/urllib3/connectionpool.py", line 793, in urlopen
    response = self._make_request(
  File "/home/zqf/miniconda3/envs/FedDISC/lib/python3.8/site-packages/urllib3/connectionpool.py", line 491, in _make_request
    raise new_e
  File "/home/zqf/miniconda3/envs/FedDISC/lib/python3.8/site-packages/urllib3/connectionpool.py", line 467, in _make_request
    self._validate_conn(conn)
  File "/home/zqf/miniconda3/envs/FedDISC/lib/python3.8/site-packages/urllib3/connectionpool.py", line 1099, in _validate_conn
    conn.connect()
  File "/home/zqf/miniconda3/envs/FedDISC/lib/python3.8/site-packages/urllib3/connection.py", line 653, in connect
    sock_and_verified = _ssl_wrap_socket_and_match_hostname(
  File "/home/zqf/miniconda3/envs/FedDISC/lib/python3.8/site-packages/urllib3/connection.py", line 806, in _ssl_wrap_socket_and_match_hostname
    ssl_sock = ssl_wrap_socket(
  File "/home/zqf/miniconda3/envs/FedDISC/lib/python3.8/site-packages/urllib3/util/ssl_.py", line 465, in ssl_wrap_socket
    ssl_sock = _ssl_wrap_socket_impl(sock, context, tls_in_tls, server_hostname)
  File "/home/zqf/miniconda3/envs/FedDISC/lib/python3.8/site-packages/urllib3/util/ssl_.py", line 509, in _ssl_wrap_socket_impl
    return ssl_context.wrap_socket(sock, server_hostname=server_hostname)
  File "/home/zqf/miniconda3/envs/FedDISC/lib/python3.8/ssl.py", line 500, in wrap_socket
    return self.sslsocket_class._create(
  File "/home/zqf/miniconda3/envs/FedDISC/lib/python3.8/ssl.py", line 1073, in _create
    self.do_handshake()
  File "/home/zqf/miniconda3/envs/FedDISC/lib/python3.8/ssl.py", line 1342, in do_handshake
    self._sslobj.do_handshake()
ConnectionResetError: [Errno 104] Connection reset by peer

During handling of the above exception, another exception occurred:

Traceback (most recent call last):
  File "/home/zqf/miniconda3/envs/FedDISC/lib/python3.8/site-packages/requests/adapters.py", line 486, in send
    resp = conn.urlopen(
  File "/home/zqf/miniconda3/envs/FedDISC/lib/python3.8/site-packages/urllib3/connectionpool.py", line 847, in urlopen
    retries = retries.increment(
  File "/home/zqf/miniconda3/envs/FedDISC/lib/python3.8/site-packages/urllib3/util/retry.py", line 470, in increment
    raise reraise(type(error), error, _stacktrace)
  File "/home/zqf/miniconda3/envs/FedDISC/lib/python3.8/site-packages/urllib3/util/util.py", line 38, in reraise
    raise value.with_traceback(tb)
  File "/home/zqf/miniconda3/envs/FedDISC/lib/python3.8/site-packages/urllib3/connectionpool.py", line 793, in urlopen
    response = self._make_request(
  File "/home/zqf/miniconda3/envs/FedDISC/lib/python3.8/site-packages/urllib3/connectionpool.py", line 491, in _make_request
    raise new_e
  File "/home/zqf/miniconda3/envs/FedDISC/lib/python3.8/site-packages/urllib3/connectionpool.py", line 467, in _make_request
    self._validate_conn(conn)
  File "/home/zqf/miniconda3/envs/FedDISC/lib/python3.8/site-packages/urllib3/connectionpool.py", line 1099, in _validate_conn
    conn.connect()
  File "/home/zqf/miniconda3/envs/FedDISC/lib/python3.8/site-packages/urllib3/connection.py", line 653, in connect
    sock_and_verified = _ssl_wrap_socket_and_match_hostname(
  File "/home/zqf/miniconda3/envs/FedDISC/lib/python3.8/site-packages/urllib3/connection.py", line 806, in _ssl_wrap_socket_and_match_hostname
    ssl_sock = ssl_wrap_socket(
  File "/home/zqf/miniconda3/envs/FedDISC/lib/python3.8/site-packages/urllib3/util/ssl_.py", line 465, in ssl_wrap_socket
    ssl_sock = _ssl_wrap_socket_impl(sock, context, tls_in_tls, server_hostname)
  File "/home/zqf/miniconda3/envs/FedDISC/lib/python3.8/site-packages/urllib3/util/ssl_.py", line 509, in _ssl_wrap_socket_impl
    return ssl_context.wrap_socket(sock, server_hostname=server_hostname)
  File "/home/zqf/miniconda3/envs/FedDISC/lib/python3.8/ssl.py", line 500, in wrap_socket
    return self.sslsocket_class._create(
  File "/home/zqf/miniconda3/envs/FedDISC/lib/python3.8/ssl.py", line 1073, in _create
    self.do_handshake()
  File "/home/zqf/miniconda3/envs/FedDISC/lib/python3.8/ssl.py", line 1342, in do_handshake
    self._sslobj.do_handshake()
urllib3.exceptions.ProtocolError: ('Connection aborted.', ConnectionResetError(104, 'Connection reset by peer'))

During handling of the above exception, another exception occurred:

Traceback (most recent call last):
  File "/home/zqf/miniconda3/envs/FedDISC/lib/python3.8/site-packages/wandb/sdk/internal/internal_api.py", line 2760, in upload_file
    response = self._upload_file_session.put(
  File "/home/zqf/miniconda3/envs/FedDISC/lib/python3.8/site-packages/requests/sessions.py", line 649, in put
    return self.request("PUT", url, data=data, **kwargs)
  File "/home/zqf/miniconda3/envs/FedDISC/lib/python3.8/site-packages/requests/sessions.py", line 589, in request
    resp = self.send(prep, **send_kwargs)
  File "/home/zqf/miniconda3/envs/FedDISC/lib/python3.8/site-packages/requests/sessions.py", line 703, in send
    r = adapter.send(request, **kwargs)
  File "/home/zqf/miniconda3/envs/FedDISC/lib/python3.8/site-packages/requests/adapters.py", line 501, in send
    raise ConnectionError(err, request=request)
requests.exceptions.ConnectionError: ('Connection aborted.', ConnectionResetError(104, 'Connection reset by peer'))

During handling of the above exception, another exception occurred:

Traceback (most recent call last):
  File "/home/zqf/miniconda3/envs/FedDISC/lib/python3.8/site-packages/wandb/sdk/lib/retry.py", line 131, in __call__
    result = self._call_fn(*args, **kwargs)
  File "/home/zqf/miniconda3/envs/FedDISC/lib/python3.8/site-packages/wandb/sdk/internal/internal_api.py", line 2791, in upload_file
    raise _e.with_traceback(sys.exc_info()[2])
  File "/home/zqf/miniconda3/envs/FedDISC/lib/python3.8/site-packages/wandb/sdk/internal/internal_api.py", line 2760, in upload_file
    response = self._upload_file_session.put(
  File "/home/zqf/miniconda3/envs/FedDISC/lib/python3.8/site-packages/requests/sessions.py", line 649, in put
    return self.request("PUT", url, data=data, **kwargs)
  File "/home/zqf/miniconda3/envs/FedDISC/lib/python3.8/site-packages/requests/sessions.py", line 589, in request
    resp = self.send(prep, **send_kwargs)
  File "/home/zqf/miniconda3/envs/FedDISC/lib/python3.8/site-packages/requests/sessions.py", line 703, in send
    r = adapter.send(request, **kwargs)
  File "/home/zqf/miniconda3/envs/FedDISC/lib/python3.8/site-packages/requests/adapters.py", line 501, in send
    raise ConnectionError(err, request=request)
wandb.sdk.lib.retry.TransientError: None
2024-04-25 15:59:22,785 DEBUG   HandlerThread:311819 [handler.py:handle_request():146] handle_request: poll_exit
2024-04-25 15:59:22,786 DEBUG   SenderThread:311819 [sender.py:send_request():406] send_request: poll_exit
2024-04-25 15:59:23,785 DEBUG   HandlerThread:311819 [handler.py:handle_request():146] handle_request: poll_exit
2024-04-25 15:59:23,786 DEBUG   SenderThread:311819 [sender.py:send_request():406] send_request: poll_exit
2024-04-25 15:59:24,787 DEBUG   HandlerThread:311819 [handler.py:handle_request():146] handle_request: poll_exit
2024-04-25 15:59:24,788 DEBUG   SenderThread:311819 [sender.py:send_request():406] send_request: poll_exit
2024-04-25 15:59:25,788 DEBUG   HandlerThread:311819 [handler.py:handle_request():146] handle_request: poll_exit
2024-04-25 15:59:25,788 DEBUG   HandlerThread:311819 [handler.py:handle_request():146] handle_request: status_report
2024-04-25 15:59:25,789 DEBUG   SenderThread:311819 [sender.py:send_request():406] send_request: poll_exit
2024-04-25 15:59:26,446 ERROR   wandb-upload_3:311819 [internal_api.py:upload_file():2767] upload_file exception https://storage.googleapis.com/wandb-production.appspot.com/zhangqufei945/my-awesome-project-1/rzji9xl0/output.log?Expires=1714118358&GoogleAccessId=gorilla-files-url-signer-man%40wandb-production.iam.gserviceaccount.com&Signature=v%2B2Adoh%2FkWf4nYyt%2B2ZUWFLNAfA0AgVT5krK6k2wGFxAdu2j7TrLLZDoiGHAgn955b9%2BMXdEMu9tDCXcSWBby7od68qGKnx8WSAYy1kL16XH326Lwz1MxAd6rgZtesTz0bdJFke7S2BTLgMcfTJ9ChV3B%2Bt4clE6lYKGEvn%2B0bXWo8EDLtZnfXYbSJvPtDqcN5M2Qxko3CfCdYU9Ltm5JBsuoHh1CP52xhujnXCWuG0LFftcPqzJKi%2BFB5H0xJBh53SdbcGi6QWVRGQFlMZFC1XQ3VVsx2jg2oH1WW1khYxm%2F0zXcJyQJbKtpJKaKgnlcagPMxq9Hgv1%2Fx7UUNa%2B6g%3D%3D: ('Connection aborted.', ConnectionResetError(104, 'Connection reset by peer'))
2024-04-25 15:59:26,446 ERROR   wandb-upload_3:311819 [internal_api.py:upload_file():2769] upload_file request headers: {'User-Agent': 'python-requests/2.31.0', 'Accept-Encoding': 'gzip, deflate', 'Accept': '*/*', 'Connection': 'keep-alive', 'Content-Length': '5449'}
2024-04-25 15:59:26,446 ERROR   wandb-upload_3:311819 [internal_api.py:upload_file():2771] upload_file response body: 
2024-04-25 15:59:26,789 DEBUG   HandlerThread:311819 [handler.py:handle_request():146] handle_request: poll_exit
2024-04-25 15:59:26,789 DEBUG   SenderThread:311819 [sender.py:send_request():406] send_request: poll_exit
2024-04-25 15:59:27,789 DEBUG   HandlerThread:311819 [handler.py:handle_request():146] handle_request: poll_exit
2024-04-25 15:59:27,789 DEBUG   SenderThread:311819 [sender.py:send_request():406] send_request: poll_exit
2024-04-25 15:59:28,789 DEBUG   HandlerThread:311819 [handler.py:handle_request():146] handle_request: poll_exit
2024-04-25 15:59:28,790 DEBUG   SenderThread:311819 [sender.py:send_request():406] send_request: poll_exit
2024-04-25 15:59:29,791 DEBUG   HandlerThread:311819 [handler.py:handle_request():146] handle_request: poll_exit
2024-04-25 15:59:29,792 DEBUG   SenderThread:311819 [sender.py:send_request():406] send_request: poll_exit
2024-04-25 15:59:30,793 DEBUG   HandlerThread:311819 [handler.py:handle_request():146] handle_request: poll_exit
2024-04-25 15:59:30,793 DEBUG   SenderThread:311819 [sender.py:send_request():406] send_request: poll_exit
2024-04-25 15:59:30,794 DEBUG   HandlerThread:311819 [handler.py:handle_request():146] handle_request: status_report
2024-04-25 15:59:31,672 ERROR   wandb-upload_4:311819 [internal_api.py:upload_file():2767] upload_file exception https://storage.googleapis.com/wandb-production.appspot.com/zhangqufei945/my-awesome-project-1/rzji9xl0/conda-environment.yaml?Expires=1714118337&GoogleAccessId=gorilla-files-url-signer-man%40wandb-production.iam.gserviceaccount.com&Signature=PiYX2TTqTKIA2%2FJ4QatFgJgpTrcgX2eT0IjRei160ku9GX%2F%2BYc%2BKqkReC8XQJUI%2FXjViaPh3GXk%2BPUS7HAnQIdIvy%2FhEozofJM%2BiMv%2BjzL4ReVMd1dLsV%2Bygc8KTp6ER9g44xTAeAI8AfKQeBfrWFL58eQoEmecd2eCJ7kedyNkmAaZBaxNReSpqd1ZMaMy4X1HhVgBFurM0VNj%2Fbxs1PeqFraCIqzbujrZsNHv3VakxiXoouOlL%2F6OcIxi4kCBZwcNyl9oh7X6%2BaY5%2BbS8IC1ABFQqnmqs2iWR3ZOrOj7PfwpcgcqLKrRoIEXct4xY5jZp7i8UG6W2TtLNgGs3wpA%3D%3D: ('Connection aborted.', ConnectionResetError(104, 'Connection reset by peer'))
2024-04-25 15:59:31,672 ERROR   wandb-upload_4:311819 [internal_api.py:upload_file():2769] upload_file request headers: {'User-Agent': 'python-requests/2.31.0', 'Accept-Encoding': 'gzip, deflate', 'Accept': '*/*', 'Connection': 'keep-alive', 'Content-Length': '3103'}
2024-04-25 15:59:31,672 ERROR   wandb-upload_4:311819 [internal_api.py:upload_file():2771] upload_file response body: 
2024-04-25 15:59:31,793 DEBUG   HandlerThread:311819 [handler.py:handle_request():146] handle_request: poll_exit
2024-04-25 15:59:31,794 DEBUG   SenderThread:311819 [sender.py:send_request():406] send_request: poll_exit
2024-04-25 15:59:32,795 DEBUG   HandlerThread:311819 [handler.py:handle_request():146] handle_request: poll_exit
2024-04-25 15:59:32,795 DEBUG   SenderThread:311819 [sender.py:send_request():406] send_request: poll_exit
2024-04-25 15:59:33,632 ERROR   wandb-upload_5:311819 [internal_api.py:upload_file():2767] upload_file exception https://storage.googleapis.com/wandb-production.appspot.com/zhangqufei945/my-awesome-project-1/rzji9xl0/config.yaml?Expires=1714118337&GoogleAccessId=gorilla-files-url-signer-man%40wandb-production.iam.gserviceaccount.com&Signature=AQtwVbY0Qgct1P7lHPdXh2amFy7wk6uYmYyyaXzru7SvNZhSN333CZIbw3hyIW90VDXhIy0ADjxiHhKSNHBDLdLhD56wzYRhsi6FUPhd%2F4Hkg0Wa%2Fo3yhY9pmDtz1wEnEnUBjZeL%2B%2FfJUWXt3WFunvqOyPrjftwgDo%2B5b%2BtloIgNXlMRLoU3s1P0CEzeUSZku5uS4lJbQaE1Pub3s2TjoC%2FGnD43pVjZ%2FZYUXiwRU5pYnWd9za4VouSgb7%2B6%2FcKTej8PTV3LbvBDwl1nxH7P7w91c0%2FtfxO%2FVtd2yqpKsvG%2F2HoE%2F0suHDIJQwx99V%2FaQC%2FYw%2F59oi3OJrp3uFnejQ%3D%3D: ('Connection aborted.', ConnectionResetError(104, 'Connection reset by peer'))
2024-04-25 15:59:33,632 ERROR   wandb-upload_5:311819 [internal_api.py:upload_file():2769] upload_file request headers: {'User-Agent': 'python-requests/2.31.0', 'Accept-Encoding': 'gzip, deflate', 'Accept': '*/*', 'Connection': 'keep-alive', 'Content-Length': '386'}
2024-04-25 15:59:33,632 ERROR   wandb-upload_5:311819 [internal_api.py:upload_file():2771] upload_file response body: 
2024-04-25 15:59:33,795 DEBUG   HandlerThread:311819 [handler.py:handle_request():146] handle_request: poll_exit
2024-04-25 15:59:33,796 ERROR   wandb-upload_2:311819 [internal_api.py:upload_file():2767] upload_file exception https://storage.googleapis.com/wandb-production.appspot.com/zhangqufei945/my-awesome-project-1/rzji9xl0/wandb-summary.json?Expires=1714118337&GoogleAccessId=gorilla-files-url-signer-man%40wandb-production.iam.gserviceaccount.com&Signature=u43xh5ruC3wNn6MfB8J0kQ5g7LyOSUuRY6BAKUDT5XuszId4TNJi5N%2BBw%2FgCkN0Vjii1ZUHlDNcXnUubczbekZw9pS7R%2BHAi6Am1ID1V%2FH16%2BZE7IsGVj0t89WQCgRVUjjbrKReUSaZb2lpyI3d3wsUJtAqLaZcbIVlDpb%2BwnqZySAvTUot70Kt%2BLIK7WpSWMiSfu95FaPQ8067SRBLQkx%2B048Bh2z5WCMgl1ZcYvRbQ5gKvunKRJCI1txhZ06ZC9J%2BgTfdwzF%2BFCk91mNOtEj5NF3dk1xEXyPR%2FNJAWg%2FIuuoPk3R9WNhqS%2Fk0ugeDg3Mxm%2FlDMbFxc%2B1f4vtb04Q%3D%3D: ('Connection aborted.', ConnectionResetError(104, 'Connection reset by peer'))
2024-04-25 15:59:33,796 DEBUG   SenderThread:311819 [sender.py:send_request():406] send_request: poll_exit
2024-04-25 15:59:33,797 ERROR   wandb-upload_2:311819 [internal_api.py:upload_file():2769] upload_file request headers: {'User-Agent': 'python-requests/2.31.0', 'Accept-Encoding': 'gzip, deflate', 'Accept': '*/*', 'Connection': 'keep-alive', 'Content-Length': '148'}
2024-04-25 15:59:33,797 ERROR   wandb-upload_2:311819 [internal_api.py:upload_file():2771] upload_file response body: 
2024-04-25 15:59:34,798 DEBUG   HandlerThread:311819 [handler.py:handle_request():146] handle_request: poll_exit
2024-04-25 15:59:34,798 DEBUG   SenderThread:311819 [sender.py:send_request():406] send_request: poll_exit
2024-04-25 15:59:35,354 ERROR   wandb-upload_1:311819 [internal_api.py:upload_file():2767] upload_file exception https://storage.googleapis.com/wandb-production.appspot.com/zhangqufei945/my-awesome-project-1/rzji9xl0/requirements.txt?Expires=1714118336&GoogleAccessId=gorilla-files-url-signer-man%40wandb-production.iam.gserviceaccount.com&Signature=As7hWx7C4HEzg6QXbWpmXY01i3zF1un3jXAU7pViW99v1ajKayue6KzdMpeIIImF5nhz1JdSpYYKyXpEXTsnIzE0HCziAxQ%2BgRxsY1%2FuYqdNZxy3UX7Az69%2BV2LzczCgoa7bONrkwQ32FxuOjvlJ%2F48o0X5lBbafR7hnPDddopoWxzSbFSBJQYtU9KcJv%2Fd3nbtLmOTMic%2FXtxF4Y%2BUvbFRlqAP4Hqh9Xhd6wDBIfapXt540CnnU773qtO%2FgBero6vrG%2FpYjCo4ZgyEXoje8SYER5%2F7jW4e%2FlVRb9xEUWfiYlc9335H1REGp78QlP%2FoXW4Ng%2FwjAgcCFGh0LmC26Jw%3D%3D: ('Connection aborted.', ConnectionResetError(104, 'Connection reset by peer'))
2024-04-25 15:59:35,354 ERROR   wandb-upload_1:311819 [internal_api.py:upload_file():2769] upload_file request headers: {'User-Agent': 'python-requests/2.31.0', 'Accept-Encoding': 'gzip, deflate', 'Accept': '*/*', 'Connection': 'keep-alive', 'Content-Length': '903'}
2024-04-25 15:59:35,354 ERROR   wandb-upload_1:311819 [internal_api.py:upload_file():2771] upload_file response body: 
2024-04-25 15:59:35,799 DEBUG   HandlerThread:311819 [handler.py:handle_request():146] handle_request: poll_exit
2024-04-25 15:59:35,800 DEBUG   HandlerThread:311819 [handler.py:handle_request():146] handle_request: status_report
2024-04-25 15:59:35,800 DEBUG   SenderThread:311819 [sender.py:send_request():406] send_request: poll_exit
2024-04-25 15:59:36,448 ERROR   wandb-upload_3:311819 [internal_api.py:upload_file():2767] upload_file exception https://storage.googleapis.com/wandb-production.appspot.com/zhangqufei945/my-awesome-project-1/rzji9xl0/output.log?Expires=1714118358&GoogleAccessId=gorilla-files-url-signer-man%40wandb-production.iam.gserviceaccount.com&Signature=v%2B2Adoh%2FkWf4nYyt%2B2ZUWFLNAfA0AgVT5krK6k2wGFxAdu2j7TrLLZDoiGHAgn955b9%2BMXdEMu9tDCXcSWBby7od68qGKnx8WSAYy1kL16XH326Lwz1MxAd6rgZtesTz0bdJFke7S2BTLgMcfTJ9ChV3B%2Bt4clE6lYKGEvn%2B0bXWo8EDLtZnfXYbSJvPtDqcN5M2Qxko3CfCdYU9Ltm5JBsuoHh1CP52xhujnXCWuG0LFftcPqzJKi%2BFB5H0xJBh53SdbcGi6QWVRGQFlMZFC1XQ3VVsx2jg2oH1WW1khYxm%2F0zXcJyQJbKtpJKaKgnlcagPMxq9Hgv1%2Fx7UUNa%2B6g%3D%3D: ('Connection aborted.', ConnectionResetError(104, 'Connection reset by peer'))
2024-04-25 15:59:36,448 ERROR   wandb-upload_3:311819 [internal_api.py:upload_file():2769] upload_file request headers: {'User-Agent': 'python-requests/2.31.0', 'Accept-Encoding': 'gzip, deflate', 'Accept': '*/*', 'Connection': 'keep-alive', 'Content-Length': '5449'}
2024-04-25 15:59:36,448 ERROR   wandb-upload_3:311819 [internal_api.py:upload_file():2771] upload_file response body: 
2024-04-25 15:59:36,801 DEBUG   HandlerThread:311819 [handler.py:handle_request():146] handle_request: poll_exit
2024-04-25 15:59:36,802 DEBUG   SenderThread:311819 [sender.py:send_request():406] send_request: poll_exit
2024-04-25 15:59:37,802 DEBUG   HandlerThread:311819 [handler.py:handle_request():146] handle_request: poll_exit
2024-04-25 15:59:37,803 DEBUG   SenderThread:311819 [sender.py:send_request():406] send_request: poll_exit
2024-04-25 15:59:38,803 DEBUG   HandlerThread:311819 [handler.py:handle_request():146] handle_request: poll_exit
2024-04-25 15:59:38,804 DEBUG   SenderThread:311819 [sender.py:send_request():406] send_request: poll_exit
2024-04-25 15:59:39,804 DEBUG   HandlerThread:311819 [handler.py:handle_request():146] handle_request: poll_exit
2024-04-25 15:59:39,805 DEBUG   SenderThread:311819 [sender.py:send_request():406] send_request: poll_exit
2024-04-25 15:59:40,805 DEBUG   HandlerThread:311819 [handler.py:handle_request():146] handle_request: poll_exit
2024-04-25 15:59:40,806 DEBUG   HandlerThread:311819 [handler.py:handle_request():146] handle_request: status_report
2024-04-25 15:59:40,806 DEBUG   SenderThread:311819 [sender.py:send_request():406] send_request: poll_exit
2024-04-25 15:59:41,806 DEBUG   HandlerThread:311819 [handler.py:handle_request():146] handle_request: poll_exit
2024-04-25 15:59:41,807 DEBUG   SenderThread:311819 [sender.py:send_request():406] send_request: poll_exit
2024-04-25 15:59:42,807 DEBUG   HandlerThread:311819 [handler.py:handle_request():146] handle_request: poll_exit
2024-04-25 15:59:42,807 DEBUG   SenderThread:311819 [sender.py:send_request():406] send_request: poll_exit
2024-04-25 15:59:43,807 DEBUG   HandlerThread:311819 [handler.py:handle_request():146] handle_request: poll_exit
2024-04-25 15:59:43,808 DEBUG   SenderThread:311819 [sender.py:send_request():406] send_request: poll_exit
2024-04-25 15:59:44,809 DEBUG   HandlerThread:311819 [handler.py:handle_request():146] handle_request: poll_exit
2024-04-25 15:59:44,809 DEBUG   SenderThread:311819 [sender.py:send_request():406] send_request: poll_exit
2024-04-25 15:59:45,810 DEBUG   HandlerThread:311819 [handler.py:handle_request():146] handle_request: poll_exit
2024-04-25 15:59:45,811 DEBUG   HandlerThread:311819 [handler.py:handle_request():146] handle_request: status_report
2024-04-25 15:59:45,811 DEBUG   SenderThread:311819 [sender.py:send_request():406] send_request: poll_exit
2024-04-25 15:59:46,811 DEBUG   HandlerThread:311819 [handler.py:handle_request():146] handle_request: poll_exit
2024-04-25 15:59:46,811 DEBUG   SenderThread:311819 [sender.py:send_request():406] send_request: poll_exit
2024-04-25 15:59:47,812 DEBUG   HandlerThread:311819 [handler.py:handle_request():146] handle_request: poll_exit
2024-04-25 15:59:47,813 DEBUG   SenderThread:311819 [sender.py:send_request():406] send_request: poll_exit
2024-04-25 15:59:48,813 DEBUG   HandlerThread:311819 [handler.py:handle_request():146] handle_request: poll_exit
2024-04-25 15:59:48,814 DEBUG   SenderThread:311819 [sender.py:send_request():406] send_request: poll_exit
2024-04-25 15:59:49,814 DEBUG   HandlerThread:311819 [handler.py:handle_request():146] handle_request: poll_exit
2024-04-25 15:59:49,815 DEBUG   SenderThread:311819 [sender.py:send_request():406] send_request: poll_exit
2024-04-25 15:59:50,816 DEBUG   HandlerThread:311819 [handler.py:handle_request():146] handle_request: poll_exit
2024-04-25 15:59:50,816 DEBUG   HandlerThread:311819 [handler.py:handle_request():146] handle_request: status_report
2024-04-25 15:59:50,816 DEBUG   SenderThread:311819 [sender.py:send_request():406] send_request: poll_exit
2024-04-25 15:59:51,816 DEBUG   HandlerThread:311819 [handler.py:handle_request():146] handle_request: poll_exit
2024-04-25 15:59:51,817 DEBUG   SenderThread:311819 [sender.py:send_request():406] send_request: poll_exit
2024-04-25 15:59:52,817 DEBUG   HandlerThread:311819 [handler.py:handle_request():146] handle_request: poll_exit
2024-04-25 15:59:52,818 DEBUG   SenderThread:311819 [sender.py:send_request():406] send_request: poll_exit
2024-04-25 15:59:53,818 DEBUG   HandlerThread:311819 [handler.py:handle_request():146] handle_request: poll_exit
2024-04-25 15:59:53,819 DEBUG   SenderThread:311819 [sender.py:send_request():406] send_request: poll_exit
2024-04-25 15:59:54,819 DEBUG   HandlerThread:311819 [handler.py:handle_request():146] handle_request: poll_exit
2024-04-25 15:59:54,820 DEBUG   SenderThread:311819 [sender.py:send_request():406] send_request: poll_exit
2024-04-25 15:59:55,820 DEBUG   HandlerThread:311819 [handler.py:handle_request():146] handle_request: poll_exit
2024-04-25 15:59:55,825 DEBUG   SenderThread:311819 [sender.py:send_request():406] send_request: poll_exit
2024-04-25 15:59:55,826 DEBUG   HandlerThread:311819 [handler.py:handle_request():146] handle_request: status_report
2024-04-25 15:59:56,262 ERROR   wandb-upload_3:311819 [internal_api.py:upload_file():2767] upload_file exception https://storage.googleapis.com/wandb-production.appspot.com/zhangqufei945/my-awesome-project-1/rzji9xl0/output.log?Expires=1714118358&GoogleAccessId=gorilla-files-url-signer-man%40wandb-production.iam.gserviceaccount.com&Signature=v%2B2Adoh%2FkWf4nYyt%2B2ZUWFLNAfA0AgVT5krK6k2wGFxAdu2j7TrLLZDoiGHAgn955b9%2BMXdEMu9tDCXcSWBby7od68qGKnx8WSAYy1kL16XH326Lwz1MxAd6rgZtesTz0bdJFke7S2BTLgMcfTJ9ChV3B%2Bt4clE6lYKGEvn%2B0bXWo8EDLtZnfXYbSJvPtDqcN5M2Qxko3CfCdYU9Ltm5JBsuoHh1CP52xhujnXCWuG0LFftcPqzJKi%2BFB5H0xJBh53SdbcGi6QWVRGQFlMZFC1XQ3VVsx2jg2oH1WW1khYxm%2F0zXcJyQJbKtpJKaKgnlcagPMxq9Hgv1%2Fx7UUNa%2B6g%3D%3D: ('Connection aborted.', ConnectionResetError(104, 'Connection reset by peer'))
2024-04-25 15:59:56,263 ERROR   wandb-upload_3:311819 [internal_api.py:upload_file():2769] upload_file request headers: {'User-Agent': 'python-requests/2.31.0', 'Accept-Encoding': 'gzip, deflate', 'Accept': '*/*', 'Connection': 'keep-alive', 'Content-Length': '5449'}
2024-04-25 15:59:56,263 ERROR   wandb-upload_3:311819 [internal_api.py:upload_file():2771] upload_file response body: 
2024-04-25 15:59:56,827 DEBUG   HandlerThread:311819 [handler.py:handle_request():146] handle_request: poll_exit
2024-04-25 15:59:56,827 DEBUG   SenderThread:311819 [sender.py:send_request():406] send_request: poll_exit
2024-04-25 15:59:57,827 DEBUG   HandlerThread:311819 [handler.py:handle_request():146] handle_request: poll_exit
2024-04-25 15:59:57,828 DEBUG   SenderThread:311819 [sender.py:send_request():406] send_request: poll_exit
2024-04-25 15:59:58,828 DEBUG   HandlerThread:311819 [handler.py:handle_request():146] handle_request: poll_exit
2024-04-25 15:59:58,829 DEBUG   SenderThread:311819 [sender.py:send_request():406] send_request: poll_exit
2024-04-25 15:59:59,829 DEBUG   HandlerThread:311819 [handler.py:handle_request():146] handle_request: poll_exit
2024-04-25 15:59:59,829 DEBUG   SenderThread:311819 [sender.py:send_request():406] send_request: poll_exit
2024-04-25 16:00:00,831 DEBUG   HandlerThread:311819 [handler.py:handle_request():146] handle_request: status_report
2024-04-25 16:00:00,831 DEBUG   HandlerThread:311819 [handler.py:handle_request():146] handle_request: poll_exit
2024-04-25 16:00:00,831 DEBUG   SenderThread:311819 [sender.py:send_request():406] send_request: poll_exit
2024-04-25 16:00:01,831 DEBUG   HandlerThread:311819 [handler.py:handle_request():146] handle_request: poll_exit
2024-04-25 16:00:01,832 DEBUG   SenderThread:311819 [sender.py:send_request():406] send_request: poll_exit
2024-04-25 16:00:02,832 DEBUG   HandlerThread:311819 [handler.py:handle_request():146] handle_request: poll_exit
2024-04-25 16:00:02,833 DEBUG   SenderThread:311819 [sender.py:send_request():406] send_request: poll_exit
2024-04-25 16:00:03,833 DEBUG   HandlerThread:311819 [handler.py:handle_request():146] handle_request: poll_exit
2024-04-25 16:00:03,834 DEBUG   SenderThread:311819 [sender.py:send_request():406] send_request: poll_exit
2024-04-25 16:00:04,835 DEBUG   HandlerThread:311819 [handler.py:handle_request():146] handle_request: poll_exit
2024-04-25 16:00:04,835 DEBUG   SenderThread:311819 [sender.py:send_request():406] send_request: poll_exit
2024-04-25 16:00:05,835 DEBUG   HandlerThread:311819 [handler.py:handle_request():146] handle_request: poll_exit
2024-04-25 16:00:05,836 DEBUG   HandlerThread:311819 [handler.py:handle_request():146] handle_request: status_report
2024-04-25 16:00:05,837 DEBUG   SenderThread:311819 [sender.py:send_request():406] send_request: poll_exit
2024-04-25 16:00:06,836 DEBUG   HandlerThread:311819 [handler.py:handle_request():146] handle_request: poll_exit
2024-04-25 16:00:06,837 DEBUG   SenderThread:311819 [sender.py:send_request():406] send_request: poll_exit
2024-04-25 16:00:07,837 DEBUG   HandlerThread:311819 [handler.py:handle_request():146] handle_request: poll_exit
2024-04-25 16:00:07,838 DEBUG   SenderThread:311819 [sender.py:send_request():406] send_request: poll_exit
2024-04-25 16:00:08,125 ERROR   wandb-upload_4:311819 [internal_api.py:upload_file():2767] upload_file exception https://storage.googleapis.com/wandb-production.appspot.com/zhangqufei945/my-awesome-project-1/rzji9xl0/conda-environment.yaml?Expires=1714118337&GoogleAccessId=gorilla-files-url-signer-man%40wandb-production.iam.gserviceaccount.com&Signature=PiYX2TTqTKIA2%2FJ4QatFgJgpTrcgX2eT0IjRei160ku9GX%2F%2BYc%2BKqkReC8XQJUI%2FXjViaPh3GXk%2BPUS7HAnQIdIvy%2FhEozofJM%2BiMv%2BjzL4ReVMd1dLsV%2Bygc8KTp6ER9g44xTAeAI8AfKQeBfrWFL58eQoEmecd2eCJ7kedyNkmAaZBaxNReSpqd1ZMaMy4X1HhVgBFurM0VNj%2Fbxs1PeqFraCIqzbujrZsNHv3VakxiXoouOlL%2F6OcIxi4kCBZwcNyl9oh7X6%2BaY5%2BbS8IC1ABFQqnmqs2iWR3ZOrOj7PfwpcgcqLKrRoIEXct4xY5jZp7i8UG6W2TtLNgGs3wpA%3D%3D: ('Connection aborted.', ConnectionResetError(104, 'Connection reset by peer'))
2024-04-25 16:00:08,125 ERROR   wandb-upload_4:311819 [internal_api.py:upload_file():2769] upload_file request headers: {'User-Agent': 'python-requests/2.31.0', 'Accept-Encoding': 'gzip, deflate', 'Accept': '*/*', 'Connection': 'keep-alive', 'Content-Length': '3103'}
2024-04-25 16:00:08,125 ERROR   wandb-upload_4:311819 [internal_api.py:upload_file():2771] upload_file response body: 
2024-04-25 16:00:08,127 ERROR   wandb-upload_5:311819 [internal_api.py:upload_file():2767] upload_file exception https://storage.googleapis.com/wandb-production.appspot.com/zhangqufei945/my-awesome-project-1/rzji9xl0/config.yaml?Expires=1714118337&GoogleAccessId=gorilla-files-url-signer-man%40wandb-production.iam.gserviceaccount.com&Signature=AQtwVbY0Qgct1P7lHPdXh2amFy7wk6uYmYyyaXzru7SvNZhSN333CZIbw3hyIW90VDXhIy0ADjxiHhKSNHBDLdLhD56wzYRhsi6FUPhd%2F4Hkg0Wa%2Fo3yhY9pmDtz1wEnEnUBjZeL%2B%2FfJUWXt3WFunvqOyPrjftwgDo%2B5b%2BtloIgNXlMRLoU3s1P0CEzeUSZku5uS4lJbQaE1Pub3s2TjoC%2FGnD43pVjZ%2FZYUXiwRU5pYnWd9za4VouSgb7%2B6%2FcKTej8PTV3LbvBDwl1nxH7P7w91c0%2FtfxO%2FVtd2yqpKsvG%2F2HoE%2F0suHDIJQwx99V%2FaQC%2FYw%2F59oi3OJrp3uFnejQ%3D%3D: ('Connection aborted.', ConnectionResetError(104, 'Connection reset by peer'))
2024-04-25 16:00:08,127 ERROR   wandb-upload_5:311819 [internal_api.py:upload_file():2769] upload_file request headers: {'User-Agent': 'python-requests/2.31.0', 'Accept-Encoding': 'gzip, deflate', 'Accept': '*/*', 'Connection': 'keep-alive', 'Content-Length': '386'}
2024-04-25 16:00:08,127 ERROR   wandb-upload_5:311819 [internal_api.py:upload_file():2771] upload_file response body: 
2024-04-25 16:00:08,838 DEBUG   HandlerThread:311819 [handler.py:handle_request():146] handle_request: poll_exit
2024-04-25 16:00:08,838 DEBUG   SenderThread:311819 [sender.py:send_request():406] send_request: poll_exit
2024-04-25 16:00:09,838 DEBUG   HandlerThread:311819 [handler.py:handle_request():146] handle_request: poll_exit
2024-04-25 16:00:09,839 DEBUG   SenderThread:311819 [sender.py:send_request():406] send_request: poll_exit
2024-04-25 16:00:10,839 DEBUG   HandlerThread:311819 [handler.py:handle_request():146] handle_request: poll_exit
2024-04-25 16:00:10,840 DEBUG   SenderThread:311819 [sender.py:send_request():406] send_request: poll_exit
2024-04-25 16:00:10,840 DEBUG   HandlerThread:311819 [handler.py:handle_request():146] handle_request: status_report
2024-04-25 16:00:11,840 DEBUG   HandlerThread:311819 [handler.py:handle_request():146] handle_request: poll_exit
2024-04-25 16:00:11,840 DEBUG   SenderThread:311819 [sender.py:send_request():406] send_request: poll_exit
2024-04-25 16:00:12,842 DEBUG   HandlerThread:311819 [handler.py:handle_request():146] handle_request: poll_exit
2024-04-25 16:00:12,842 DEBUG   SenderThread:311819 [sender.py:send_request():406] send_request: poll_exit
2024-04-25 16:00:12,843 ERROR   wandb-upload_1:311819 [internal_api.py:upload_file():2767] upload_file exception https://storage.googleapis.com/wandb-production.appspot.com/zhangqufei945/my-awesome-project-1/rzji9xl0/requirements.txt?Expires=1714118336&GoogleAccessId=gorilla-files-url-signer-man%40wandb-production.iam.gserviceaccount.com&Signature=As7hWx7C4HEzg6QXbWpmXY01i3zF1un3jXAU7pViW99v1ajKayue6KzdMpeIIImF5nhz1JdSpYYKyXpEXTsnIzE0HCziAxQ%2BgRxsY1%2FuYqdNZxy3UX7Az69%2BV2LzczCgoa7bONrkwQ32FxuOjvlJ%2F48o0X5lBbafR7hnPDddopoWxzSbFSBJQYtU9KcJv%2Fd3nbtLmOTMic%2FXtxF4Y%2BUvbFRlqAP4Hqh9Xhd6wDBIfapXt540CnnU773qtO%2FgBero6vrG%2FpYjCo4ZgyEXoje8SYER5%2F7jW4e%2FlVRb9xEUWfiYlc9335H1REGp78QlP%2FoXW4Ng%2FwjAgcCFGh0LmC26Jw%3D%3D: ('Connection aborted.', ConnectionResetError(104, 'Connection reset by peer'))
2024-04-25 16:00:12,843 ERROR   wandb-upload_1:311819 [internal_api.py:upload_file():2769] upload_file request headers: {'User-Agent': 'python-requests/2.31.0', 'Accept-Encoding': 'gzip, deflate', 'Accept': '*/*', 'Connection': 'keep-alive', 'Content-Length': '903'}
2024-04-25 16:00:12,843 ERROR   wandb-upload_1:311819 [internal_api.py:upload_file():2771] upload_file response body: 
2024-04-25 16:00:13,474 ERROR   wandb-upload_2:311819 [internal_api.py:upload_file():2767] upload_file exception https://storage.googleapis.com/wandb-production.appspot.com/zhangqufei945/my-awesome-project-1/rzji9xl0/wandb-summary.json?Expires=1714118337&GoogleAccessId=gorilla-files-url-signer-man%40wandb-production.iam.gserviceaccount.com&Signature=u43xh5ruC3wNn6MfB8J0kQ5g7LyOSUuRY6BAKUDT5XuszId4TNJi5N%2BBw%2FgCkN0Vjii1ZUHlDNcXnUubczbekZw9pS7R%2BHAi6Am1ID1V%2FH16%2BZE7IsGVj0t89WQCgRVUjjbrKReUSaZb2lpyI3d3wsUJtAqLaZcbIVlDpb%2BwnqZySAvTUot70Kt%2BLIK7WpSWMiSfu95FaPQ8067SRBLQkx%2B048Bh2z5WCMgl1ZcYvRbQ5gKvunKRJCI1txhZ06ZC9J%2BgTfdwzF%2BFCk91mNOtEj5NF3dk1xEXyPR%2FNJAWg%2FIuuoPk3R9WNhqS%2Fk0ugeDg3Mxm%2FlDMbFxc%2B1f4vtb04Q%3D%3D: ('Connection aborted.', ConnectionResetError(104, 'Connection reset by peer'))
2024-04-25 16:00:13,474 ERROR   wandb-upload_2:311819 [internal_api.py:upload_file():2769] upload_file request headers: {'User-Agent': 'python-requests/2.31.0', 'Accept-Encoding': 'gzip, deflate', 'Accept': '*/*', 'Connection': 'keep-alive', 'Content-Length': '148'}
2024-04-25 16:00:13,474 ERROR   wandb-upload_2:311819 [internal_api.py:upload_file():2771] upload_file response body: 
2024-04-25 16:00:13,842 DEBUG   HandlerThread:311819 [handler.py:handle_request():146] handle_request: poll_exit
2024-04-25 16:00:13,843 DEBUG   SenderThread:311819 [sender.py:send_request():406] send_request: poll_exit
2024-04-25 16:00:14,843 DEBUG   HandlerThread:311819 [handler.py:handle_request():146] handle_request: poll_exit
2024-04-25 16:00:14,844 DEBUG   SenderThread:311819 [sender.py:send_request():406] send_request: poll_exit
2024-04-25 16:00:15,844 DEBUG   HandlerThread:311819 [handler.py:handle_request():146] handle_request: poll_exit
2024-04-25 16:00:15,845 DEBUG   HandlerThread:311819 [handler.py:handle_request():146] handle_request: status_report
2024-04-25 16:00:15,845 DEBUG   SenderThread:311819 [sender.py:send_request():406] send_request: poll_exit
2024-04-25 16:00:16,845 DEBUG   HandlerThread:311819 [handler.py:handle_request():146] handle_request: poll_exit
2024-04-25 16:00:16,845 DEBUG   SenderThread:311819 [sender.py:send_request():406] send_request: poll_exit
2024-04-25 16:00:17,845 DEBUG   HandlerThread:311819 [handler.py:handle_request():146] handle_request: poll_exit
2024-04-25 16:00:17,846 DEBUG   SenderThread:311819 [sender.py:send_request():406] send_request: poll_exit
2024-04-25 16:00:18,846 DEBUG   HandlerThread:311819 [handler.py:handle_request():146] handle_request: poll_exit
2024-04-25 16:00:18,846 DEBUG   SenderThread:311819 [sender.py:send_request():406] send_request: poll_exit
2024-04-25 16:00:19,846 DEBUG   HandlerThread:311819 [handler.py:handle_request():146] handle_request: poll_exit
2024-04-25 16:00:19,847 DEBUG   SenderThread:311819 [sender.py:send_request():406] send_request: poll_exit
2024-04-25 16:00:20,848 DEBUG   HandlerThread:311819 [handler.py:handle_request():146] handle_request: status_report
2024-04-25 16:00:20,849 DEBUG   HandlerThread:311819 [handler.py:handle_request():146] handle_request: poll_exit
2024-04-25 16:00:20,849 DEBUG   SenderThread:311819 [sender.py:send_request():406] send_request: poll_exit
2024-04-25 16:00:21,849 DEBUG   HandlerThread:311819 [handler.py:handle_request():146] handle_request: poll_exit
2024-04-25 16:00:21,850 DEBUG   SenderThread:311819 [sender.py:send_request():406] send_request: poll_exit
2024-04-25 16:00:22,850 DEBUG   HandlerThread:311819 [handler.py:handle_request():146] handle_request: poll_exit
2024-04-25 16:00:22,851 DEBUG   SenderThread:311819 [sender.py:send_request():406] send_request: poll_exit
2024-04-25 16:00:23,851 DEBUG   HandlerThread:311819 [handler.py:handle_request():146] handle_request: poll_exit
2024-04-25 16:00:23,852 DEBUG   SenderThread:311819 [sender.py:send_request():406] send_request: poll_exit
2024-04-25 16:00:24,852 DEBUG   HandlerThread:311819 [handler.py:handle_request():146] handle_request: poll_exit
2024-04-25 16:00:24,853 DEBUG   SenderThread:311819 [sender.py:send_request():406] send_request: poll_exit
2024-04-25 16:00:25,854 DEBUG   HandlerThread:311819 [handler.py:handle_request():146] handle_request: poll_exit
2024-04-25 16:00:25,854 DEBUG   HandlerThread:311819 [handler.py:handle_request():146] handle_request: status_report
2024-04-25 16:00:25,855 DEBUG   SenderThread:311819 [sender.py:send_request():406] send_request: poll_exit
2024-04-25 16:00:26,855 DEBUG   HandlerThread:311819 [handler.py:handle_request():146] handle_request: poll_exit
2024-04-25 16:00:26,856 DEBUG   SenderThread:311819 [sender.py:send_request():406] send_request: poll_exit
2024-04-25 16:00:27,856 DEBUG   HandlerThread:311819 [handler.py:handle_request():146] handle_request: poll_exit
2024-04-25 16:00:27,857 DEBUG   SenderThread:311819 [sender.py:send_request():406] send_request: poll_exit
2024-04-25 16:00:28,857 DEBUG   HandlerThread:311819 [handler.py:handle_request():146] handle_request: poll_exit
2024-04-25 16:00:28,858 DEBUG   SenderThread:311819 [sender.py:send_request():406] send_request: poll_exit
2024-04-25 16:00:29,858 DEBUG   HandlerThread:311819 [handler.py:handle_request():146] handle_request: poll_exit
2024-04-25 16:00:29,859 DEBUG   SenderThread:311819 [sender.py:send_request():406] send_request: poll_exit
2024-04-25 16:00:30,391 ERROR   wandb-upload_3:311819 [internal_api.py:upload_file():2767] upload_file exception https://storage.googleapis.com/wandb-production.appspot.com/zhangqufei945/my-awesome-project-1/rzji9xl0/output.log?Expires=1714118358&GoogleAccessId=gorilla-files-url-signer-man%40wandb-production.iam.gserviceaccount.com&Signature=v%2B2Adoh%2FkWf4nYyt%2B2ZUWFLNAfA0AgVT5krK6k2wGFxAdu2j7TrLLZDoiGHAgn955b9%2BMXdEMu9tDCXcSWBby7od68qGKnx8WSAYy1kL16XH326Lwz1MxAd6rgZtesTz0bdJFke7S2BTLgMcfTJ9ChV3B%2Bt4clE6lYKGEvn%2B0bXWo8EDLtZnfXYbSJvPtDqcN5M2Qxko3CfCdYU9Ltm5JBsuoHh1CP52xhujnXCWuG0LFftcPqzJKi%2BFB5H0xJBh53SdbcGi6QWVRGQFlMZFC1XQ3VVsx2jg2oH1WW1khYxm%2F0zXcJyQJbKtpJKaKgnlcagPMxq9Hgv1%2Fx7UUNa%2B6g%3D%3D: ('Connection aborted.', ConnectionResetError(104, 'Connection reset by peer'))
2024-04-25 16:00:30,392 ERROR   wandb-upload_3:311819 [internal_api.py:upload_file():2769] upload_file request headers: {'User-Agent': 'python-requests/2.31.0', 'Accept-Encoding': 'gzip, deflate', 'Accept': '*/*', 'Connection': 'keep-alive', 'Content-Length': '5449'}
2024-04-25 16:00:30,392 ERROR   wandb-upload_3:311819 [internal_api.py:upload_file():2771] upload_file response body: 
2024-04-25 16:00:30,860 DEBUG   HandlerThread:311819 [handler.py:handle_request():146] handle_request: poll_exit
2024-04-25 16:00:30,860 DEBUG   HandlerThread:311819 [handler.py:handle_request():146] handle_request: status_report
2024-04-25 16:00:30,861 DEBUG   SenderThread:311819 [sender.py:send_request():406] send_request: poll_exit
2024-04-25 16:00:31,860 DEBUG   HandlerThread:311819 [handler.py:handle_request():146] handle_request: poll_exit
2024-04-25 16:00:31,861 DEBUG   SenderThread:311819 [sender.py:send_request():406] send_request: poll_exit
2024-04-25 16:00:32,861 DEBUG   HandlerThread:311819 [handler.py:handle_request():146] handle_request: poll_exit
2024-04-25 16:00:32,862 DEBUG   SenderThread:311819 [sender.py:send_request():406] send_request: poll_exit
2024-04-25 16:00:33,863 DEBUG   HandlerThread:311819 [handler.py:handle_request():146] handle_request: poll_exit
2024-04-25 16:00:33,864 DEBUG   SenderThread:311819 [sender.py:send_request():406] send_request: poll_exit
2024-04-25 16:00:34,864 DEBUG   HandlerThread:311819 [handler.py:handle_request():146] handle_request: poll_exit
2024-04-25 16:00:34,864 DEBUG   SenderThread:311819 [sender.py:send_request():406] send_request: poll_exit
2024-04-25 16:00:35,864 DEBUG   HandlerThread:311819 [handler.py:handle_request():146] handle_request: poll_exit
2024-04-25 16:00:35,865 DEBUG   SenderThread:311819 [sender.py:send_request():406] send_request: poll_exit
2024-04-25 16:00:35,866 DEBUG   HandlerThread:311819 [handler.py:handle_request():146] handle_request: status_report
2024-04-25 16:00:36,867 DEBUG   HandlerThread:311819 [handler.py:handle_request():146] handle_request: poll_exit
2024-04-25 16:00:36,867 DEBUG   SenderThread:311819 [sender.py:send_request():406] send_request: poll_exit
2024-04-25 16:00:37,867 DEBUG   HandlerThread:311819 [handler.py:handle_request():146] handle_request: poll_exit
2024-04-25 16:00:37,868 DEBUG   SenderThread:311819 [sender.py:send_request():406] send_request: poll_exit
2024-04-25 16:00:38,868 DEBUG   HandlerThread:311819 [handler.py:handle_request():146] handle_request: poll_exit
2024-04-25 16:00:38,869 DEBUG   SenderThread:311819 [sender.py:send_request():406] send_request: poll_exit
2024-04-25 16:00:39,869 DEBUG   HandlerThread:311819 [handler.py:handle_request():146] handle_request: poll_exit
2024-04-25 16:00:39,869 DEBUG   SenderThread:311819 [sender.py:send_request():406] send_request: poll_exit
2024-04-25 16:00:40,870 DEBUG   HandlerThread:311819 [handler.py:handle_request():146] handle_request: poll_exit
2024-04-25 16:00:40,870 DEBUG   HandlerThread:311819 [handler.py:handle_request():146] handle_request: status_report
2024-04-25 16:00:40,871 DEBUG   SenderThread:311819 [sender.py:send_request():406] send_request: poll_exit
2024-04-25 16:00:41,870 DEBUG   HandlerThread:311819 [handler.py:handle_request():146] handle_request: poll_exit
2024-04-25 16:00:41,871 DEBUG   SenderThread:311819 [sender.py:send_request():406] send_request: poll_exit
2024-04-25 16:00:42,871 DEBUG   HandlerThread:311819 [handler.py:handle_request():146] handle_request: poll_exit
2024-04-25 16:00:42,871 DEBUG   SenderThread:311819 [sender.py:send_request():406] send_request: poll_exit
2024-04-25 16:00:43,872 DEBUG   HandlerThread:311819 [handler.py:handle_request():146] handle_request: poll_exit
2024-04-25 16:00:43,873 DEBUG   SenderThread:311819 [sender.py:send_request():406] send_request: poll_exit
2024-04-25 16:00:44,873 DEBUG   HandlerThread:311819 [handler.py:handle_request():146] handle_request: poll_exit
2024-04-25 16:00:44,873 DEBUG   SenderThread:311819 [sender.py:send_request():406] send_request: poll_exit
2024-04-25 16:00:45,873 DEBUG   HandlerThread:311819 [handler.py:handle_request():146] handle_request: poll_exit
2024-04-25 16:00:45,874 DEBUG   SenderThread:311819 [sender.py:send_request():406] send_request: poll_exit
2024-04-25 16:00:45,874 DEBUG   HandlerThread:311819 [handler.py:handle_request():146] handle_request: status_report
2024-04-25 16:00:46,875 DEBUG   HandlerThread:311819 [handler.py:handle_request():146] handle_request: poll_exit
2024-04-25 16:00:46,875 DEBUG   SenderThread:311819 [sender.py:send_request():406] send_request: poll_exit
2024-04-25 16:00:47,875 DEBUG   HandlerThread:311819 [handler.py:handle_request():146] handle_request: poll_exit
2024-04-25 16:00:47,876 DEBUG   SenderThread:311819 [sender.py:send_request():406] send_request: poll_exit
2024-04-25 16:00:48,877 DEBUG   HandlerThread:311819 [handler.py:handle_request():146] handle_request: poll_exit
2024-04-25 16:00:48,878 DEBUG   SenderThread:311819 [sender.py:send_request():406] send_request: poll_exit
2024-04-25 16:00:49,877 DEBUG   HandlerThread:311819 [handler.py:handle_request():146] handle_request: poll_exit
2024-04-25 16:00:49,878 DEBUG   SenderThread:311819 [sender.py:send_request():406] send_request: poll_exit
2024-04-25 16:00:50,879 DEBUG   HandlerThread:311819 [handler.py:handle_request():146] handle_request: poll_exit
2024-04-25 16:00:50,879 DEBUG   HandlerThread:311819 [handler.py:handle_request():146] handle_request: status_report
2024-04-25 16:00:50,879 DEBUG   SenderThread:311819 [sender.py:send_request():406] send_request: poll_exit
2024-04-25 16:00:51,879 DEBUG   HandlerThread:311819 [handler.py:handle_request():146] handle_request: poll_exit
2024-04-25 16:00:51,879 DEBUG   SenderThread:311819 [sender.py:send_request():406] send_request: poll_exit
2024-04-25 16:00:52,880 DEBUG   HandlerThread:311819 [handler.py:handle_request():146] handle_request: poll_exit
2024-04-25 16:00:52,881 DEBUG   SenderThread:311819 [sender.py:send_request():406] send_request: poll_exit
2024-04-25 16:00:53,880 DEBUG   HandlerThread:311819 [handler.py:handle_request():146] handle_request: poll_exit
2024-04-25 16:00:53,882 DEBUG   SenderThread:311819 [sender.py:send_request():406] send_request: poll_exit
2024-04-25 16:00:54,882 DEBUG   HandlerThread:311819 [handler.py:handle_request():146] handle_request: poll_exit
2024-04-25 16:00:54,883 DEBUG   SenderThread:311819 [sender.py:send_request():406] send_request: poll_exit
2024-04-25 16:00:55,883 DEBUG   HandlerThread:311819 [handler.py:handle_request():146] handle_request: poll_exit
2024-04-25 16:00:55,883 DEBUG   SenderThread:311819 [sender.py:send_request():406] send_request: poll_exit
2024-04-25 16:00:55,884 DEBUG   HandlerThread:311819 [handler.py:handle_request():146] handle_request: status_report
2024-04-25 16:00:56,885 DEBUG   HandlerThread:311819 [handler.py:handle_request():146] handle_request: poll_exit
2024-04-25 16:00:56,885 DEBUG   SenderThread:311819 [sender.py:send_request():406] send_request: poll_exit
2024-04-25 16:00:57,886 DEBUG   HandlerThread:311819 [handler.py:handle_request():146] handle_request: poll_exit
2024-04-25 16:00:57,887 DEBUG   SenderThread:311819 [sender.py:send_request():406] send_request: poll_exit
2024-04-25 16:00:58,888 DEBUG   HandlerThread:311819 [handler.py:handle_request():146] handle_request: poll_exit
2024-04-25 16:00:58,888 DEBUG   SenderThread:311819 [sender.py:send_request():406] send_request: poll_exit
2024-04-25 16:00:59,888 DEBUG   HandlerThread:311819 [handler.py:handle_request():146] handle_request: poll_exit
2024-04-25 16:00:59,889 DEBUG   SenderThread:311819 [sender.py:send_request():406] send_request: poll_exit
2024-04-25 16:01:00,890 DEBUG   HandlerThread:311819 [handler.py:handle_request():146] handle_request: poll_exit
2024-04-25 16:01:00,890 DEBUG   HandlerThread:311819 [handler.py:handle_request():146] handle_request: status_report
2024-04-25 16:01:00,891 DEBUG   SenderThread:311819 [sender.py:send_request():406] send_request: poll_exit
2024-04-25 16:01:01,890 DEBUG   HandlerThread:311819 [handler.py:handle_request():146] handle_request: poll_exit
2024-04-25 16:01:01,891 DEBUG   SenderThread:311819 [sender.py:send_request():406] send_request: poll_exit
2024-04-25 16:01:02,891 DEBUG   HandlerThread:311819 [handler.py:handle_request():146] handle_request: poll_exit
2024-04-25 16:01:02,892 DEBUG   SenderThread:311819 [sender.py:send_request():406] send_request: poll_exit
2024-04-25 16:01:03,892 DEBUG   HandlerThread:311819 [handler.py:handle_request():146] handle_request: poll_exit
2024-04-25 16:01:03,893 DEBUG   SenderThread:311819 [sender.py:send_request():406] send_request: poll_exit
2024-04-25 16:01:04,893 DEBUG   HandlerThread:311819 [handler.py:handle_request():146] handle_request: poll_exit
2024-04-25 16:01:04,894 DEBUG   SenderThread:311819 [sender.py:send_request():406] send_request: poll_exit
2024-04-25 16:01:05,894 DEBUG   HandlerThread:311819 [handler.py:handle_request():146] handle_request: poll_exit
2024-04-25 16:01:05,894 DEBUG   SenderThread:311819 [sender.py:send_request():406] send_request: poll_exit
2024-04-25 16:01:05,895 DEBUG   HandlerThread:311819 [handler.py:handle_request():146] handle_request: status_report
2024-04-25 16:01:06,896 DEBUG   HandlerThread:311819 [handler.py:handle_request():146] handle_request: poll_exit
2024-04-25 16:01:06,896 DEBUG   SenderThread:311819 [sender.py:send_request():406] send_request: poll_exit
2024-04-25 16:01:07,896 DEBUG   HandlerThread:311819 [handler.py:handle_request():146] handle_request: poll_exit
2024-04-25 16:01:07,897 DEBUG   SenderThread:311819 [sender.py:send_request():406] send_request: poll_exit
2024-04-25 16:01:08,898 DEBUG   HandlerThread:311819 [handler.py:handle_request():146] handle_request: poll_exit
2024-04-25 16:01:08,899 DEBUG   SenderThread:311819 [sender.py:send_request():406] send_request: poll_exit
2024-04-25 16:01:09,899 DEBUG   HandlerThread:311819 [handler.py:handle_request():146] handle_request: poll_exit
2024-04-25 16:01:09,900 DEBUG   SenderThread:311819 [sender.py:send_request():406] send_request: poll_exit
2024-04-25 16:01:10,901 DEBUG   HandlerThread:311819 [handler.py:handle_request():146] handle_request: poll_exit
2024-04-25 16:01:10,901 DEBUG   HandlerThread:311819 [handler.py:handle_request():146] handle_request: status_report
2024-04-25 16:01:10,901 DEBUG   SenderThread:311819 [sender.py:send_request():406] send_request: poll_exit
2024-04-25 16:01:11,902 DEBUG   HandlerThread:311819 [handler.py:handle_request():146] handle_request: poll_exit
2024-04-25 16:01:11,903 DEBUG   SenderThread:311819 [sender.py:send_request():406] send_request: poll_exit
2024-04-25 16:01:12,903 DEBUG   HandlerThread:311819 [handler.py:handle_request():146] handle_request: poll_exit
2024-04-25 16:01:12,903 DEBUG   SenderThread:311819 [sender.py:send_request():406] send_request: poll_exit
2024-04-25 16:01:13,421 ERROR   wandb-upload_4:311819 [internal_api.py:upload_file():2767] upload_file exception https://storage.googleapis.com/wandb-production.appspot.com/zhangqufei945/my-awesome-project-1/rzji9xl0/conda-environment.yaml?Expires=1714118337&GoogleAccessId=gorilla-files-url-signer-man%40wandb-production.iam.gserviceaccount.com&Signature=PiYX2TTqTKIA2%2FJ4QatFgJgpTrcgX2eT0IjRei160ku9GX%2F%2BYc%2BKqkReC8XQJUI%2FXjViaPh3GXk%2BPUS7HAnQIdIvy%2FhEozofJM%2BiMv%2BjzL4ReVMd1dLsV%2Bygc8KTp6ER9g44xTAeAI8AfKQeBfrWFL58eQoEmecd2eCJ7kedyNkmAaZBaxNReSpqd1ZMaMy4X1HhVgBFurM0VNj%2Fbxs1PeqFraCIqzbujrZsNHv3VakxiXoouOlL%2F6OcIxi4kCBZwcNyl9oh7X6%2BaY5%2BbS8IC1ABFQqnmqs2iWR3ZOrOj7PfwpcgcqLKrRoIEXct4xY5jZp7i8UG6W2TtLNgGs3wpA%3D%3D: ('Connection aborted.', ConnectionResetError(104, 'Connection reset by peer'))
2024-04-25 16:01:13,422 ERROR   wandb-upload_4:311819 [internal_api.py:upload_file():2769] upload_file request headers: {'User-Agent': 'python-requests/2.31.0', 'Accept-Encoding': 'gzip, deflate', 'Accept': '*/*', 'Connection': 'keep-alive', 'Content-Length': '3103'}
2024-04-25 16:01:13,422 ERROR   wandb-upload_4:311819 [internal_api.py:upload_file():2771] upload_file response body: 
2024-04-25 16:01:13,801 ERROR   wandb-upload_5:311819 [internal_api.py:upload_file():2767] upload_file exception https://storage.googleapis.com/wandb-production.appspot.com/zhangqufei945/my-awesome-project-1/rzji9xl0/config.yaml?Expires=1714118337&GoogleAccessId=gorilla-files-url-signer-man%40wandb-production.iam.gserviceaccount.com&Signature=AQtwVbY0Qgct1P7lHPdXh2amFy7wk6uYmYyyaXzru7SvNZhSN333CZIbw3hyIW90VDXhIy0ADjxiHhKSNHBDLdLhD56wzYRhsi6FUPhd%2F4Hkg0Wa%2Fo3yhY9pmDtz1wEnEnUBjZeL%2B%2FfJUWXt3WFunvqOyPrjftwgDo%2B5b%2BtloIgNXlMRLoU3s1P0CEzeUSZku5uS4lJbQaE1Pub3s2TjoC%2FGnD43pVjZ%2FZYUXiwRU5pYnWd9za4VouSgb7%2B6%2FcKTej8PTV3LbvBDwl1nxH7P7w91c0%2FtfxO%2FVtd2yqpKsvG%2F2HoE%2F0suHDIJQwx99V%2FaQC%2FYw%2F59oi3OJrp3uFnejQ%3D%3D: ('Connection aborted.', ConnectionResetError(104, 'Connection reset by peer'))
2024-04-25 16:01:13,801 ERROR   wandb-upload_5:311819 [internal_api.py:upload_file():2769] upload_file request headers: {'User-Agent': 'python-requests/2.31.0', 'Accept-Encoding': 'gzip, deflate', 'Accept': '*/*', 'Connection': 'keep-alive', 'Content-Length': '386'}
2024-04-25 16:01:13,801 ERROR   wandb-upload_5:311819 [internal_api.py:upload_file():2771] upload_file response body: 
2024-04-25 16:01:13,903 DEBUG   HandlerThread:311819 [handler.py:handle_request():146] handle_request: poll_exit
2024-04-25 16:01:13,904 DEBUG   SenderThread:311819 [sender.py:send_request():406] send_request: poll_exit
2024-04-25 16:01:14,904 DEBUG   HandlerThread:311819 [handler.py:handle_request():146] handle_request: poll_exit
2024-04-25 16:01:14,905 DEBUG   SenderThread:311819 [sender.py:send_request():406] send_request: poll_exit
2024-04-25 16:01:15,905 DEBUG   HandlerThread:311819 [handler.py:handle_request():146] handle_request: status_report
2024-04-25 16:01:15,906 DEBUG   HandlerThread:311819 [handler.py:handle_request():146] handle_request: poll_exit
2024-04-25 16:01:15,907 DEBUG   SenderThread:311819 [sender.py:send_request():406] send_request: poll_exit
2024-04-25 16:01:16,907 DEBUG   HandlerThread:311819 [handler.py:handle_request():146] handle_request: poll_exit
2024-04-25 16:01:16,908 DEBUG   SenderThread:311819 [sender.py:send_request():406] send_request: poll_exit
2024-04-25 16:01:17,909 DEBUG   HandlerThread:311819 [handler.py:handle_request():146] handle_request: poll_exit
2024-04-25 16:01:17,909 DEBUG   SenderThread:311819 [sender.py:send_request():406] send_request: poll_exit
2024-04-25 16:01:18,910 DEBUG   HandlerThread:311819 [handler.py:handle_request():146] handle_request: poll_exit
2024-04-25 16:01:18,911 DEBUG   SenderThread:311819 [sender.py:send_request():406] send_request: poll_exit
2024-04-25 16:01:19,682 ERROR   wandb-upload_2:311819 [internal_api.py:upload_file():2767] upload_file exception https://storage.googleapis.com/wandb-production.appspot.com/zhangqufei945/my-awesome-project-1/rzji9xl0/wandb-summary.json?Expires=1714118337&GoogleAccessId=gorilla-files-url-signer-man%40wandb-production.iam.gserviceaccount.com&Signature=u43xh5ruC3wNn6MfB8J0kQ5g7LyOSUuRY6BAKUDT5XuszId4TNJi5N%2BBw%2FgCkN0Vjii1ZUHlDNcXnUubczbekZw9pS7R%2BHAi6Am1ID1V%2FH16%2BZE7IsGVj0t89WQCgRVUjjbrKReUSaZb2lpyI3d3wsUJtAqLaZcbIVlDpb%2BwnqZySAvTUot70Kt%2BLIK7WpSWMiSfu95FaPQ8067SRBLQkx%2B048Bh2z5WCMgl1ZcYvRbQ5gKvunKRJCI1txhZ06ZC9J%2BgTfdwzF%2BFCk91mNOtEj5NF3dk1xEXyPR%2FNJAWg%2FIuuoPk3R9WNhqS%2Fk0ugeDg3Mxm%2FlDMbFxc%2B1f4vtb04Q%3D%3D: ('Connection aborted.', ConnectionResetError(104, 'Connection reset by peer'))
2024-04-25 16:01:19,683 ERROR   wandb-upload_2:311819 [internal_api.py:upload_file():2769] upload_file request headers: {'User-Agent': 'python-requests/2.31.0', 'Accept-Encoding': 'gzip, deflate', 'Accept': '*/*', 'Connection': 'keep-alive', 'Content-Length': '148'}
2024-04-25 16:01:19,683 ERROR   wandb-upload_2:311819 [internal_api.py:upload_file():2771] upload_file response body: 
2024-04-25 16:01:19,911 DEBUG   HandlerThread:311819 [handler.py:handle_request():146] handle_request: poll_exit
2024-04-25 16:01:19,912 DEBUG   SenderThread:311819 [sender.py:send_request():406] send_request: poll_exit
2024-04-25 16:01:20,913 DEBUG   HandlerThread:311819 [handler.py:handle_request():146] handle_request: status_report
2024-04-25 16:01:20,913 DEBUG   HandlerThread:311819 [handler.py:handle_request():146] handle_request: poll_exit
2024-04-25 16:01:20,914 DEBUG   SenderThread:311819 [sender.py:send_request():406] send_request: poll_exit
2024-04-25 16:01:21,913 DEBUG   HandlerThread:311819 [handler.py:handle_request():146] handle_request: poll_exit
2024-04-25 16:01:21,918 DEBUG   SenderThread:311819 [sender.py:send_request():406] send_request: poll_exit
2024-04-25 16:01:22,918 DEBUG   HandlerThread:311819 [handler.py:handle_request():146] handle_request: poll_exit
2024-04-25 16:01:22,919 DEBUG   SenderThread:311819 [sender.py:send_request():406] send_request: poll_exit
2024-04-25 16:01:23,919 DEBUG   HandlerThread:311819 [handler.py:handle_request():146] handle_request: poll_exit
2024-04-25 16:01:23,920 DEBUG   SenderThread:311819 [sender.py:send_request():406] send_request: poll_exit
2024-04-25 16:01:24,921 DEBUG   HandlerThread:311819 [handler.py:handle_request():146] handle_request: poll_exit
2024-04-25 16:01:24,921 DEBUG   SenderThread:311819 [sender.py:send_request():406] send_request: poll_exit
2024-04-25 16:01:25,484 ERROR   wandb-upload_1:311819 [internal_api.py:upload_file():2767] upload_file exception https://storage.googleapis.com/wandb-production.appspot.com/zhangqufei945/my-awesome-project-1/rzji9xl0/requirements.txt?Expires=1714118336&GoogleAccessId=gorilla-files-url-signer-man%40wandb-production.iam.gserviceaccount.com&Signature=As7hWx7C4HEzg6QXbWpmXY01i3zF1un3jXAU7pViW99v1ajKayue6KzdMpeIIImF5nhz1JdSpYYKyXpEXTsnIzE0HCziAxQ%2BgRxsY1%2FuYqdNZxy3UX7Az69%2BV2LzczCgoa7bONrkwQ32FxuOjvlJ%2F48o0X5lBbafR7hnPDddopoWxzSbFSBJQYtU9KcJv%2Fd3nbtLmOTMic%2FXtxF4Y%2BUvbFRlqAP4Hqh9Xhd6wDBIfapXt540CnnU773qtO%2FgBero6vrG%2FpYjCo4ZgyEXoje8SYER5%2F7jW4e%2FlVRb9xEUWfiYlc9335H1REGp78QlP%2FoXW4Ng%2FwjAgcCFGh0LmC26Jw%3D%3D: ('Connection aborted.', ConnectionResetError(104, 'Connection reset by peer'))
2024-04-25 16:01:25,484 ERROR   wandb-upload_1:311819 [internal_api.py:upload_file():2769] upload_file request headers: {'User-Agent': 'python-requests/2.31.0', 'Accept-Encoding': 'gzip, deflate', 'Accept': '*/*', 'Connection': 'keep-alive', 'Content-Length': '903'}
2024-04-25 16:01:25,484 ERROR   wandb-upload_1:311819 [internal_api.py:upload_file():2771] upload_file response body: 
2024-04-25 16:01:25,921 DEBUG   HandlerThread:311819 [handler.py:handle_request():146] handle_request: poll_exit
2024-04-25 16:01:25,922 DEBUG   HandlerThread:311819 [handler.py:handle_request():146] handle_request: status_report
2024-04-25 16:01:25,922 DEBUG   SenderThread:311819 [sender.py:send_request():406] send_request: poll_exit
2024-04-25 16:01:26,922 DEBUG   HandlerThread:311819 [handler.py:handle_request():146] handle_request: poll_exit
2024-04-25 16:01:26,922 DEBUG   SenderThread:311819 [sender.py:send_request():406] send_request: poll_exit
2024-04-25 16:01:27,923 DEBUG   HandlerThread:311819 [handler.py:handle_request():146] handle_request: poll_exit
2024-04-25 16:01:27,924 DEBUG   SenderThread:311819 [sender.py:send_request():406] send_request: poll_exit
2024-04-25 16:01:28,924 DEBUG   HandlerThread:311819 [handler.py:handle_request():146] handle_request: poll_exit
2024-04-25 16:01:28,925 DEBUG   SenderThread:311819 [sender.py:send_request():406] send_request: poll_exit
2024-04-25 16:01:29,925 DEBUG   HandlerThread:311819 [handler.py:handle_request():146] handle_request: poll_exit
2024-04-25 16:01:29,926 DEBUG   SenderThread:311819 [sender.py:send_request():406] send_request: poll_exit
2024-04-25 16:01:30,926 DEBUG   HandlerThread:311819 [handler.py:handle_request():146] handle_request: status_report
2024-04-25 16:01:30,928 DEBUG   HandlerThread:311819 [handler.py:handle_request():146] handle_request: poll_exit
2024-04-25 16:01:30,928 DEBUG   SenderThread:311819 [sender.py:send_request():406] send_request: poll_exit
2024-04-25 16:01:31,928 DEBUG   HandlerThread:311819 [handler.py:handle_request():146] handle_request: poll_exit
2024-04-25 16:01:31,929 DEBUG   SenderThread:311819 [sender.py:send_request():406] send_request: poll_exit
2024-04-25 16:01:32,930 DEBUG   HandlerThread:311819 [handler.py:handle_request():146] handle_request: poll_exit
2024-04-25 16:01:32,930 DEBUG   SenderThread:311819 [sender.py:send_request():406] send_request: poll_exit
2024-04-25 16:01:33,931 DEBUG   HandlerThread:311819 [handler.py:handle_request():146] handle_request: poll_exit
2024-04-25 16:01:33,932 DEBUG   SenderThread:311819 [sender.py:send_request():406] send_request: poll_exit
2024-04-25 16:01:34,932 DEBUG   HandlerThread:311819 [handler.py:handle_request():146] handle_request: poll_exit
2024-04-25 16:01:34,932 DEBUG   SenderThread:311819 [sender.py:send_request():406] send_request: poll_exit
2024-04-25 16:01:35,932 DEBUG   HandlerThread:311819 [handler.py:handle_request():146] handle_request: poll_exit
2024-04-25 16:01:35,933 DEBUG   HandlerThread:311819 [handler.py:handle_request():146] handle_request: status_report
2024-04-25 16:01:35,933 DEBUG   SenderThread:311819 [sender.py:send_request():406] send_request: poll_exit
2024-04-25 16:01:36,933 DEBUG   HandlerThread:311819 [handler.py:handle_request():146] handle_request: poll_exit
2024-04-25 16:01:36,934 DEBUG   SenderThread:311819 [sender.py:send_request():406] send_request: poll_exit
2024-04-25 16:01:37,069 ERROR   wandb-upload_3:311819 [internal_api.py:upload_file():2767] upload_file exception https://storage.googleapis.com/wandb-production.appspot.com/zhangqufei945/my-awesome-project-1/rzji9xl0/output.log?Expires=1714118358&GoogleAccessId=gorilla-files-url-signer-man%40wandb-production.iam.gserviceaccount.com&Signature=v%2B2Adoh%2FkWf4nYyt%2B2ZUWFLNAfA0AgVT5krK6k2wGFxAdu2j7TrLLZDoiGHAgn955b9%2BMXdEMu9tDCXcSWBby7od68qGKnx8WSAYy1kL16XH326Lwz1MxAd6rgZtesTz0bdJFke7S2BTLgMcfTJ9ChV3B%2Bt4clE6lYKGEvn%2B0bXWo8EDLtZnfXYbSJvPtDqcN5M2Qxko3CfCdYU9Ltm5JBsuoHh1CP52xhujnXCWuG0LFftcPqzJKi%2BFB5H0xJBh53SdbcGi6QWVRGQFlMZFC1XQ3VVsx2jg2oH1WW1khYxm%2F0zXcJyQJbKtpJKaKgnlcagPMxq9Hgv1%2Fx7UUNa%2B6g%3D%3D: ('Connection aborted.', ConnectionResetError(104, 'Connection reset by peer'))
2024-04-25 16:01:37,069 ERROR   wandb-upload_3:311819 [internal_api.py:upload_file():2769] upload_file request headers: {'User-Agent': 'python-requests/2.31.0', 'Accept-Encoding': 'gzip, deflate', 'Accept': '*/*', 'Connection': 'keep-alive', 'Content-Length': '5449'}
2024-04-25 16:01:37,069 ERROR   wandb-upload_3:311819 [internal_api.py:upload_file():2771] upload_file response body: 
2024-04-25 16:01:37,934 DEBUG   HandlerThread:311819 [handler.py:handle_request():146] handle_request: poll_exit
2024-04-25 16:01:37,935 DEBUG   SenderThread:311819 [sender.py:send_request():406] send_request: poll_exit
2024-04-25 16:01:38,935 DEBUG   HandlerThread:311819 [handler.py:handle_request():146] handle_request: poll_exit
2024-04-25 16:01:38,936 DEBUG   SenderThread:311819 [sender.py:send_request():406] send_request: poll_exit
2024-04-25 16:01:39,936 DEBUG   HandlerThread:311819 [handler.py:handle_request():146] handle_request: poll_exit
2024-04-25 16:01:39,936 DEBUG   SenderThread:311819 [sender.py:send_request():406] send_request: poll_exit
2024-04-25 16:01:40,937 DEBUG   HandlerThread:311819 [handler.py:handle_request():146] handle_request: status_report
2024-04-25 16:01:40,938 DEBUG   HandlerThread:311819 [handler.py:handle_request():146] handle_request: poll_exit
2024-04-25 16:01:40,938 DEBUG   SenderThread:311819 [sender.py:send_request():406] send_request: poll_exit
2024-04-25 16:01:41,939 DEBUG   HandlerThread:311819 [handler.py:handle_request():146] handle_request: poll_exit
2024-04-25 16:01:41,939 DEBUG   SenderThread:311819 [sender.py:send_request():406] send_request: poll_exit
2024-04-25 16:01:42,940 DEBUG   HandlerThread:311819 [handler.py:handle_request():146] handle_request: poll_exit
2024-04-25 16:01:42,941 DEBUG   SenderThread:311819 [sender.py:send_request():406] send_request: poll_exit
2024-04-25 16:01:43,941 DEBUG   HandlerThread:311819 [handler.py:handle_request():146] handle_request: poll_exit
2024-04-25 16:01:43,942 DEBUG   SenderThread:311819 [sender.py:send_request():406] send_request: poll_exit
2024-04-25 16:01:44,942 DEBUG   HandlerThread:311819 [handler.py:handle_request():146] handle_request: poll_exit
2024-04-25 16:01:44,942 DEBUG   SenderThread:311819 [sender.py:send_request():406] send_request: poll_exit
2024-04-25 16:01:45,942 DEBUG   HandlerThread:311819 [handler.py:handle_request():146] handle_request: poll_exit
2024-04-25 16:01:45,943 DEBUG   SenderThread:311819 [sender.py:send_request():406] send_request: poll_exit
2024-04-25 16:01:45,943 DEBUG   HandlerThread:311819 [handler.py:handle_request():146] handle_request: status_report
2024-04-25 16:01:46,944 DEBUG   HandlerThread:311819 [handler.py:handle_request():146] handle_request: poll_exit
2024-04-25 16:01:46,944 DEBUG   SenderThread:311819 [sender.py:send_request():406] send_request: poll_exit
2024-04-25 16:01:47,944 DEBUG   HandlerThread:311819 [handler.py:handle_request():146] handle_request: poll_exit
2024-04-25 16:01:47,945 DEBUG   SenderThread:311819 [sender.py:send_request():406] send_request: poll_exit
2024-04-25 16:01:48,945 DEBUG   HandlerThread:311819 [handler.py:handle_request():146] handle_request: poll_exit
2024-04-25 16:01:48,946 DEBUG   SenderThread:311819 [sender.py:send_request():406] send_request: poll_exit
2024-04-25 16:01:49,946 DEBUG   HandlerThread:311819 [handler.py:handle_request():146] handle_request: poll_exit
2024-04-25 16:01:49,946 DEBUG   SenderThread:311819 [sender.py:send_request():406] send_request: poll_exit
2024-04-25 16:01:50,947 DEBUG   HandlerThread:311819 [handler.py:handle_request():146] handle_request: poll_exit
2024-04-25 16:01:50,947 DEBUG   HandlerThread:311819 [handler.py:handle_request():146] handle_request: status_report
2024-04-25 16:01:50,948 DEBUG   SenderThread:311819 [sender.py:send_request():406] send_request: poll_exit
2024-04-25 16:01:51,948 DEBUG   HandlerThread:311819 [handler.py:handle_request():146] handle_request: poll_exit
2024-04-25 16:01:51,948 DEBUG   SenderThread:311819 [sender.py:send_request():406] send_request: poll_exit
2024-04-25 16:01:52,949 DEBUG   HandlerThread:311819 [handler.py:handle_request():146] handle_request: poll_exit
2024-04-25 16:01:52,950 DEBUG   SenderThread:311819 [sender.py:send_request():406] send_request: poll_exit
2024-04-25 16:01:53,951 DEBUG   HandlerThread:311819 [handler.py:handle_request():146] handle_request: poll_exit
2024-04-25 16:01:53,952 DEBUG   SenderThread:311819 [sender.py:send_request():406] send_request: poll_exit
2024-04-25 16:01:54,952 DEBUG   HandlerThread:311819 [handler.py:handle_request():146] handle_request: poll_exit
2024-04-25 16:01:54,953 DEBUG   SenderThread:311819 [sender.py:send_request():406] send_request: poll_exit
2024-04-25 16:01:55,953 DEBUG   HandlerThread:311819 [handler.py:handle_request():146] handle_request: poll_exit
2024-04-25 16:01:55,953 DEBUG   HandlerThread:311819 [handler.py:handle_request():146] handle_request: status_report
2024-04-25 16:01:55,954 DEBUG   SenderThread:311819 [sender.py:send_request():406] send_request: poll_exit
2024-04-25 16:01:56,955 DEBUG   HandlerThread:311819 [handler.py:handle_request():146] handle_request: poll_exit
2024-04-25 16:01:56,955 DEBUG   SenderThread:311819 [sender.py:send_request():406] send_request: poll_exit
2024-04-25 16:01:57,956 DEBUG   HandlerThread:311819 [handler.py:handle_request():146] handle_request: poll_exit
2024-04-25 16:01:57,957 DEBUG   SenderThread:311819 [sender.py:send_request():406] send_request: poll_exit
2024-04-25 16:01:58,957 DEBUG   HandlerThread:311819 [handler.py:handle_request():146] handle_request: poll_exit
2024-04-25 16:01:58,958 DEBUG   SenderThread:311819 [sender.py:send_request():406] send_request: poll_exit
2024-04-25 16:01:59,958 DEBUG   HandlerThread:311819 [handler.py:handle_request():146] handle_request: poll_exit
2024-04-25 16:01:59,959 DEBUG   SenderThread:311819 [sender.py:send_request():406] send_request: poll_exit
2024-04-25 16:02:00,960 DEBUG   HandlerThread:311819 [handler.py:handle_request():146] handle_request: poll_exit
2024-04-25 16:02:00,960 DEBUG   SenderThread:311819 [sender.py:send_request():406] send_request: poll_exit
2024-04-25 16:02:00,961 DEBUG   HandlerThread:311819 [handler.py:handle_request():146] handle_request: status_report
2024-04-25 16:02:01,960 DEBUG   HandlerThread:311819 [handler.py:handle_request():146] handle_request: poll_exit
2024-04-25 16:02:01,961 DEBUG   SenderThread:311819 [sender.py:send_request():406] send_request: poll_exit
2024-04-25 16:02:02,962 DEBUG   HandlerThread:311819 [handler.py:handle_request():146] handle_request: poll_exit
2024-04-25 16:02:02,963 DEBUG   SenderThread:311819 [sender.py:send_request():406] send_request: poll_exit
2024-04-25 16:02:03,962 DEBUG   HandlerThread:311819 [handler.py:handle_request():146] handle_request: poll_exit
2024-04-25 16:02:03,963 DEBUG   SenderThread:311819 [sender.py:send_request():406] send_request: poll_exit
2024-04-25 16:02:04,964 DEBUG   HandlerThread:311819 [handler.py:handle_request():146] handle_request: poll_exit
2024-04-25 16:02:04,965 DEBUG   SenderThread:311819 [sender.py:send_request():406] send_request: poll_exit
2024-04-25 16:02:05,965 DEBUG   HandlerThread:311819 [handler.py:handle_request():146] handle_request: poll_exit
2024-04-25 16:02:05,966 DEBUG   SenderThread:311819 [sender.py:send_request():406] send_request: poll_exit
2024-04-25 16:02:05,966 DEBUG   HandlerThread:311819 [handler.py:handle_request():146] handle_request: status_report
2024-04-25 16:02:06,966 DEBUG   HandlerThread:311819 [handler.py:handle_request():146] handle_request: poll_exit
2024-04-25 16:02:06,967 DEBUG   SenderThread:311819 [sender.py:send_request():406] send_request: poll_exit
2024-04-25 16:02:07,967 DEBUG   HandlerThread:311819 [handler.py:handle_request():146] handle_request: poll_exit
2024-04-25 16:02:07,969 DEBUG   SenderThread:311819 [sender.py:send_request():406] send_request: poll_exit
2024-04-25 16:02:08,969 DEBUG   HandlerThread:311819 [handler.py:handle_request():146] handle_request: poll_exit
2024-04-25 16:02:08,970 DEBUG   SenderThread:311819 [sender.py:send_request():406] send_request: poll_exit
2024-04-25 16:02:09,970 DEBUG   HandlerThread:311819 [handler.py:handle_request():146] handle_request: poll_exit
2024-04-25 16:02:09,971 DEBUG   SenderThread:311819 [sender.py:send_request():406] send_request: poll_exit
2024-04-25 16:02:10,745 WARNING StreamThr :311819 [internal.py:is_dead():414] Internal process exiting, parent pid 311774 disappeared
2024-04-25 16:02:10,746 ERROR   StreamThr :311819 [internal.py:wandb_internal():152] Internal process shutdown.
2024-04-25 16:02:10,971 INFO    HandlerThread:311819 [handler.py:finish():866] shutting down handler
2024-04-25 16:02:10,971 INFO    WriterThread:311819 [datastore.py:close():296] close: /home/zqf/projects/FLNONIID/wandb/run-20240425_155417-rzji9xl0/run-rzji9xl0.wandb
2024-04-25 16:02:10,980 INFO    SenderThread:311819 [sender.py:finish():1546] shutting down sender
2024-04-25 16:02:10,981 INFO    SenderThread:311819 [file_pusher.py:finish():172] shutting down file pusher
2024-04-25 16:02:10,981 INFO    SenderThread:311819 [file_pusher.py:join():178] waiting for file pusher
2024-04-25 16:03:27,109 ERROR   wandb-upload_5:311819 [internal_api.py:upload_file():2767] upload_file exception https://storage.googleapis.com/wandb-production.appspot.com/zhangqufei945/my-awesome-project-1/rzji9xl0/config.yaml?Expires=1714118337&GoogleAccessId=gorilla-files-url-signer-man%40wandb-production.iam.gserviceaccount.com&Signature=AQtwVbY0Qgct1P7lHPdXh2amFy7wk6uYmYyyaXzru7SvNZhSN333CZIbw3hyIW90VDXhIy0ADjxiHhKSNHBDLdLhD56wzYRhsi6FUPhd%2F4Hkg0Wa%2Fo3yhY9pmDtz1wEnEnUBjZeL%2B%2FfJUWXt3WFunvqOyPrjftwgDo%2B5b%2BtloIgNXlMRLoU3s1P0CEzeUSZku5uS4lJbQaE1Pub3s2TjoC%2FGnD43pVjZ%2FZYUXiwRU5pYnWd9za4VouSgb7%2B6%2FcKTej8PTV3LbvBDwl1nxH7P7w91c0%2FtfxO%2FVtd2yqpKsvG%2F2HoE%2F0suHDIJQwx99V%2FaQC%2FYw%2F59oi3OJrp3uFnejQ%3D%3D: ('Connection aborted.', ConnectionResetError(104, 'Connection reset by peer'))
2024-04-25 16:03:27,110 ERROR   wandb-upload_5:311819 [internal_api.py:upload_file():2769] upload_file request headers: {'User-Agent': 'python-requests/2.31.0', 'Accept-Encoding': 'gzip, deflate', 'Accept': '*/*', 'Connection': 'keep-alive', 'Content-Length': '386'}
2024-04-25 16:03:27,110 ERROR   wandb-upload_5:311819 [internal_api.py:upload_file():2771] upload_file response body: 
2024-04-25 16:03:29,246 ERROR   wandb-upload_4:311819 [internal_api.py:upload_file():2767] upload_file exception https://storage.googleapis.com/wandb-production.appspot.com/zhangqufei945/my-awesome-project-1/rzji9xl0/conda-environment.yaml?Expires=1714118337&GoogleAccessId=gorilla-files-url-signer-man%40wandb-production.iam.gserviceaccount.com&Signature=PiYX2TTqTKIA2%2FJ4QatFgJgpTrcgX2eT0IjRei160ku9GX%2F%2BYc%2BKqkReC8XQJUI%2FXjViaPh3GXk%2BPUS7HAnQIdIvy%2FhEozofJM%2BiMv%2BjzL4ReVMd1dLsV%2Bygc8KTp6ER9g44xTAeAI8AfKQeBfrWFL58eQoEmecd2eCJ7kedyNkmAaZBaxNReSpqd1ZMaMy4X1HhVgBFurM0VNj%2Fbxs1PeqFraCIqzbujrZsNHv3VakxiXoouOlL%2F6OcIxi4kCBZwcNyl9oh7X6%2BaY5%2BbS8IC1ABFQqnmqs2iWR3ZOrOj7PfwpcgcqLKrRoIEXct4xY5jZp7i8UG6W2TtLNgGs3wpA%3D%3D: ('Connection aborted.', ConnectionResetError(104, 'Connection reset by peer'))
2024-04-25 16:03:29,246 ERROR   wandb-upload_4:311819 [internal_api.py:upload_file():2769] upload_file request headers: {'User-Agent': 'python-requests/2.31.0', 'Accept-Encoding': 'gzip, deflate', 'Accept': '*/*', 'Connection': 'keep-alive', 'Content-Length': '3103'}
2024-04-25 16:03:29,246 ERROR   wandb-upload_4:311819 [internal_api.py:upload_file():2771] upload_file response body: 
2024-04-25 16:03:51,593 ERROR   wandb-upload_0:311819 [internal_api.py:upload_file():2767] upload_file exception https://storage.googleapis.com/wandb-production.appspot.com/zhangqufei945/my-awesome-project-1/rzji9xl0/wandb-metadata.json?Expires=1714118060&GoogleAccessId=gorilla-files-url-signer-man%40wandb-production.iam.gserviceaccount.com&Signature=pqOG%2BuyCIKy8WSG7PFD6Q2aq%2BqimQsALQjujIM2ztJ8ZW2iR2%2FpHYqXrY5k4YKVMKem5W4n1bKzEF5ji1xY8RjueuvdJzTYV%2B4Um0bYPJNIss8aTpsZcfGjcO7Ucvucf%2FPk74DQx9CyDzjAg7fPa5eOTtohBUwJB4MX1hHUNlmaw6qGZSjlCY0cSIs6f9PiMlMxkAvnxA1IbUWrMUHZJ2tJSnr1I9WkABzSZG8Mb4RVNcB%2ByH%2BsuMMbUt4c6QzsSnvztRTuC1q9e4EPKAb1STXls9%2BeUAM2iRhHGbo85c8q63rpoCmJCiLX8XS7Ct6Csqh2W%2BY9pUiY9DBi59j8nQg%3D%3D: ('Connection aborted.', ConnectionResetError(104, 'Connection reset by peer'))
2024-04-25 16:03:51,594 ERROR   wandb-upload_0:311819 [internal_api.py:upload_file():2769] upload_file request headers: {'User-Agent': 'python-requests/2.31.0', 'Accept-Encoding': 'gzip, deflate', 'Accept': '*/*', 'Connection': 'keep-alive', 'Content-Length': '2703'}
2024-04-25 16:03:51,594 ERROR   wandb-upload_0:311819 [internal_api.py:upload_file():2771] upload_file response body: 
2024-04-25 16:03:57,193 ERROR   wandb-upload_2:311819 [internal_api.py:upload_file():2767] upload_file exception https://storage.googleapis.com/wandb-production.appspot.com/zhangqufei945/my-awesome-project-1/rzji9xl0/wandb-summary.json?Expires=1714118337&GoogleAccessId=gorilla-files-url-signer-man%40wandb-production.iam.gserviceaccount.com&Signature=u43xh5ruC3wNn6MfB8J0kQ5g7LyOSUuRY6BAKUDT5XuszId4TNJi5N%2BBw%2FgCkN0Vjii1ZUHlDNcXnUubczbekZw9pS7R%2BHAi6Am1ID1V%2FH16%2BZE7IsGVj0t89WQCgRVUjjbrKReUSaZb2lpyI3d3wsUJtAqLaZcbIVlDpb%2BwnqZySAvTUot70Kt%2BLIK7WpSWMiSfu95FaPQ8067SRBLQkx%2B048Bh2z5WCMgl1ZcYvRbQ5gKvunKRJCI1txhZ06ZC9J%2BgTfdwzF%2BFCk91mNOtEj5NF3dk1xEXyPR%2FNJAWg%2FIuuoPk3R9WNhqS%2Fk0ugeDg3Mxm%2FlDMbFxc%2B1f4vtb04Q%3D%3D: ('Connection aborted.', ConnectionResetError(104, 'Connection reset by peer'))
2024-04-25 16:03:57,193 ERROR   wandb-upload_2:311819 [internal_api.py:upload_file():2769] upload_file request headers: {'User-Agent': 'python-requests/2.31.0', 'Accept-Encoding': 'gzip, deflate', 'Accept': '*/*', 'Connection': 'keep-alive', 'Content-Length': '148'}
2024-04-25 16:03:57,193 ERROR   wandb-upload_2:311819 [internal_api.py:upload_file():2771] upload_file response body: 
2024-04-25 16:04:02,310 ERROR   wandb-upload_1:311819 [internal_api.py:upload_file():2767] upload_file exception https://storage.googleapis.com/wandb-production.appspot.com/zhangqufei945/my-awesome-project-1/rzji9xl0/requirements.txt?Expires=1714118336&GoogleAccessId=gorilla-files-url-signer-man%40wandb-production.iam.gserviceaccount.com&Signature=As7hWx7C4HEzg6QXbWpmXY01i3zF1un3jXAU7pViW99v1ajKayue6KzdMpeIIImF5nhz1JdSpYYKyXpEXTsnIzE0HCziAxQ%2BgRxsY1%2FuYqdNZxy3UX7Az69%2BV2LzczCgoa7bONrkwQ32FxuOjvlJ%2F48o0X5lBbafR7hnPDddopoWxzSbFSBJQYtU9KcJv%2Fd3nbtLmOTMic%2FXtxF4Y%2BUvbFRlqAP4Hqh9Xhd6wDBIfapXt540CnnU773qtO%2FgBero6vrG%2FpYjCo4ZgyEXoje8SYER5%2F7jW4e%2FlVRb9xEUWfiYlc9335H1REGp78QlP%2FoXW4Ng%2FwjAgcCFGh0LmC26Jw%3D%3D: ('Connection aborted.', ConnectionResetError(104, 'Connection reset by peer'))
2024-04-25 16:04:02,310 ERROR   wandb-upload_1:311819 [internal_api.py:upload_file():2769] upload_file request headers: {'User-Agent': 'python-requests/2.31.0', 'Accept-Encoding': 'gzip, deflate', 'Accept': '*/*', 'Connection': 'keep-alive', 'Content-Length': '903'}
2024-04-25 16:04:02,310 ERROR   wandb-upload_1:311819 [internal_api.py:upload_file():2771] upload_file response body: 
2024-04-25 16:04:15,247 ERROR   wandb-upload_3:311819 [internal_api.py:upload_file():2767] upload_file exception https://storage.googleapis.com/wandb-production.appspot.com/zhangqufei945/my-awesome-project-1/rzji9xl0/output.log?Expires=1714118358&GoogleAccessId=gorilla-files-url-signer-man%40wandb-production.iam.gserviceaccount.com&Signature=v%2B2Adoh%2FkWf4nYyt%2B2ZUWFLNAfA0AgVT5krK6k2wGFxAdu2j7TrLLZDoiGHAgn955b9%2BMXdEMu9tDCXcSWBby7od68qGKnx8WSAYy1kL16XH326Lwz1MxAd6rgZtesTz0bdJFke7S2BTLgMcfTJ9ChV3B%2Bt4clE6lYKGEvn%2B0bXWo8EDLtZnfXYbSJvPtDqcN5M2Qxko3CfCdYU9Ltm5JBsuoHh1CP52xhujnXCWuG0LFftcPqzJKi%2BFB5H0xJBh53SdbcGi6QWVRGQFlMZFC1XQ3VVsx2jg2oH1WW1khYxm%2F0zXcJyQJbKtpJKaKgnlcagPMxq9Hgv1%2Fx7UUNa%2B6g%3D%3D: ('Connection aborted.', ConnectionResetError(104, 'Connection reset by peer'))
2024-04-25 16:04:15,247 ERROR   wandb-upload_3:311819 [internal_api.py:upload_file():2769] upload_file request headers: {'User-Agent': 'python-requests/2.31.0', 'Accept-Encoding': 'gzip, deflate', 'Accept': '*/*', 'Connection': 'keep-alive', 'Content-Length': '5449'}
2024-04-25 16:04:15,247 ERROR   wandb-upload_3:311819 [internal_api.py:upload_file():2771] upload_file response body: 
2024-04-25 16:07:46,245 ERROR   wandb-upload_4:311819 [internal_api.py:upload_file():2767] upload_file exception https://storage.googleapis.com/wandb-production.appspot.com/zhangqufei945/my-awesome-project-1/rzji9xl0/conda-environment.yaml?Expires=1714118337&GoogleAccessId=gorilla-files-url-signer-man%40wandb-production.iam.gserviceaccount.com&Signature=PiYX2TTqTKIA2%2FJ4QatFgJgpTrcgX2eT0IjRei160ku9GX%2F%2BYc%2BKqkReC8XQJUI%2FXjViaPh3GXk%2BPUS7HAnQIdIvy%2FhEozofJM%2BiMv%2BjzL4ReVMd1dLsV%2Bygc8KTp6ER9g44xTAeAI8AfKQeBfrWFL58eQoEmecd2eCJ7kedyNkmAaZBaxNReSpqd1ZMaMy4X1HhVgBFurM0VNj%2Fbxs1PeqFraCIqzbujrZsNHv3VakxiXoouOlL%2F6OcIxi4kCBZwcNyl9oh7X6%2BaY5%2BbS8IC1ABFQqnmqs2iWR3ZOrOj7PfwpcgcqLKrRoIEXct4xY5jZp7i8UG6W2TtLNgGs3wpA%3D%3D: ('Connection aborted.', ConnectionResetError(104, 'Connection reset by peer'))
2024-04-25 16:07:46,245 ERROR   wandb-upload_4:311819 [internal_api.py:upload_file():2769] upload_file request headers: {'User-Agent': 'python-requests/2.31.0', 'Accept-Encoding': 'gzip, deflate', 'Accept': '*/*', 'Connection': 'keep-alive', 'Content-Length': '3103'}
2024-04-25 16:07:46,245 ERROR   wandb-upload_4:311819 [internal_api.py:upload_file():2771] upload_file response body: 
2024-04-25 16:08:38,704 ERROR   wandb-upload_5:311819 [internal_api.py:upload_file():2767] upload_file exception https://storage.googleapis.com/wandb-production.appspot.com/zhangqufei945/my-awesome-project-1/rzji9xl0/config.yaml?Expires=1714118337&GoogleAccessId=gorilla-files-url-signer-man%40wandb-production.iam.gserviceaccount.com&Signature=AQtwVbY0Qgct1P7lHPdXh2amFy7wk6uYmYyyaXzru7SvNZhSN333CZIbw3hyIW90VDXhIy0ADjxiHhKSNHBDLdLhD56wzYRhsi6FUPhd%2F4Hkg0Wa%2Fo3yhY9pmDtz1wEnEnUBjZeL%2B%2FfJUWXt3WFunvqOyPrjftwgDo%2B5b%2BtloIgNXlMRLoU3s1P0CEzeUSZku5uS4lJbQaE1Pub3s2TjoC%2FGnD43pVjZ%2FZYUXiwRU5pYnWd9za4VouSgb7%2B6%2FcKTej8PTV3LbvBDwl1nxH7P7w91c0%2FtfxO%2FVtd2yqpKsvG%2F2HoE%2F0suHDIJQwx99V%2FaQC%2FYw%2F59oi3OJrp3uFnejQ%3D%3D: ('Connection aborted.', ConnectionResetError(104, 'Connection reset by peer'))
2024-04-25 16:08:38,704 ERROR   wandb-upload_5:311819 [internal_api.py:upload_file():2769] upload_file request headers: {'User-Agent': 'python-requests/2.31.0', 'Accept-Encoding': 'gzip, deflate', 'Accept': '*/*', 'Connection': 'keep-alive', 'Content-Length': '386'}
2024-04-25 16:08:38,705 ERROR   wandb-upload_5:311819 [internal_api.py:upload_file():2771] upload_file response body: 
2024-04-25 16:08:40,114 ERROR   wandb-upload_2:311819 [internal_api.py:upload_file():2767] upload_file exception https://storage.googleapis.com/wandb-production.appspot.com/zhangqufei945/my-awesome-project-1/rzji9xl0/wandb-summary.json?Expires=1714118337&GoogleAccessId=gorilla-files-url-signer-man%40wandb-production.iam.gserviceaccount.com&Signature=u43xh5ruC3wNn6MfB8J0kQ5g7LyOSUuRY6BAKUDT5XuszId4TNJi5N%2BBw%2FgCkN0Vjii1ZUHlDNcXnUubczbekZw9pS7R%2BHAi6Am1ID1V%2FH16%2BZE7IsGVj0t89WQCgRVUjjbrKReUSaZb2lpyI3d3wsUJtAqLaZcbIVlDpb%2BwnqZySAvTUot70Kt%2BLIK7WpSWMiSfu95FaPQ8067SRBLQkx%2B048Bh2z5WCMgl1ZcYvRbQ5gKvunKRJCI1txhZ06ZC9J%2BgTfdwzF%2BFCk91mNOtEj5NF3dk1xEXyPR%2FNJAWg%2FIuuoPk3R9WNhqS%2Fk0ugeDg3Mxm%2FlDMbFxc%2B1f4vtb04Q%3D%3D: ('Connection aborted.', ConnectionResetError(104, 'Connection reset by peer'))
2024-04-25 16:08:40,114 ERROR   wandb-upload_2:311819 [internal_api.py:upload_file():2769] upload_file request headers: {'User-Agent': 'python-requests/2.31.0', 'Accept-Encoding': 'gzip, deflate', 'Accept': '*/*', 'Connection': 'keep-alive', 'Content-Length': '148'}
2024-04-25 16:08:40,114 ERROR   wandb-upload_2:311819 [internal_api.py:upload_file():2771] upload_file response body: 
2024-04-25 16:08:42,131 ERROR   wandb-upload_1:311819 [internal_api.py:upload_file():2767] upload_file exception https://storage.googleapis.com/wandb-production.appspot.com/zhangqufei945/my-awesome-project-1/rzji9xl0/requirements.txt?Expires=1714118336&GoogleAccessId=gorilla-files-url-signer-man%40wandb-production.iam.gserviceaccount.com&Signature=As7hWx7C4HEzg6QXbWpmXY01i3zF1un3jXAU7pViW99v1ajKayue6KzdMpeIIImF5nhz1JdSpYYKyXpEXTsnIzE0HCziAxQ%2BgRxsY1%2FuYqdNZxy3UX7Az69%2BV2LzczCgoa7bONrkwQ32FxuOjvlJ%2F48o0X5lBbafR7hnPDddopoWxzSbFSBJQYtU9KcJv%2Fd3nbtLmOTMic%2FXtxF4Y%2BUvbFRlqAP4Hqh9Xhd6wDBIfapXt540CnnU773qtO%2FgBero6vrG%2FpYjCo4ZgyEXoje8SYER5%2F7jW4e%2FlVRb9xEUWfiYlc9335H1REGp78QlP%2FoXW4Ng%2FwjAgcCFGh0LmC26Jw%3D%3D: ('Connection aborted.', ConnectionResetError(104, 'Connection reset by peer'))
2024-04-25 16:08:42,131 ERROR   wandb-upload_1:311819 [internal_api.py:upload_file():2769] upload_file request headers: {'User-Agent': 'python-requests/2.31.0', 'Accept-Encoding': 'gzip, deflate', 'Accept': '*/*', 'Connection': 'keep-alive', 'Content-Length': '903'}
2024-04-25 16:08:42,131 ERROR   wandb-upload_1:311819 [internal_api.py:upload_file():2771] upload_file response body: 
2024-04-25 16:09:22,367 ERROR   wandb-upload_3:311819 [internal_api.py:upload_file():2767] upload_file exception https://storage.googleapis.com/wandb-production.appspot.com/zhangqufei945/my-awesome-project-1/rzji9xl0/output.log?Expires=1714118358&GoogleAccessId=gorilla-files-url-signer-man%40wandb-production.iam.gserviceaccount.com&Signature=v%2B2Adoh%2FkWf4nYyt%2B2ZUWFLNAfA0AgVT5krK6k2wGFxAdu2j7TrLLZDoiGHAgn955b9%2BMXdEMu9tDCXcSWBby7od68qGKnx8WSAYy1kL16XH326Lwz1MxAd6rgZtesTz0bdJFke7S2BTLgMcfTJ9ChV3B%2Bt4clE6lYKGEvn%2B0bXWo8EDLtZnfXYbSJvPtDqcN5M2Qxko3CfCdYU9Ltm5JBsuoHh1CP52xhujnXCWuG0LFftcPqzJKi%2BFB5H0xJBh53SdbcGi6QWVRGQFlMZFC1XQ3VVsx2jg2oH1WW1khYxm%2F0zXcJyQJbKtpJKaKgnlcagPMxq9Hgv1%2Fx7UUNa%2B6g%3D%3D: ('Connection aborted.', ConnectionResetError(104, 'Connection reset by peer'))
2024-04-25 16:09:22,368 ERROR   wandb-upload_3:311819 [internal_api.py:upload_file():2769] upload_file request headers: {'User-Agent': 'python-requests/2.31.0', 'Accept-Encoding': 'gzip, deflate', 'Accept': '*/*', 'Connection': 'keep-alive', 'Content-Length': '5449'}
2024-04-25 16:09:22,368 ERROR   wandb-upload_3:311819 [internal_api.py:upload_file():2771] upload_file response body: 
2024-04-25 16:09:46,430 ERROR   wandb-upload_0:311819 [internal_api.py:upload_file():2767] upload_file exception https://storage.googleapis.com/wandb-production.appspot.com/zhangqufei945/my-awesome-project-1/rzji9xl0/wandb-metadata.json?Expires=1714118060&GoogleAccessId=gorilla-files-url-signer-man%40wandb-production.iam.gserviceaccount.com&Signature=pqOG%2BuyCIKy8WSG7PFD6Q2aq%2BqimQsALQjujIM2ztJ8ZW2iR2%2FpHYqXrY5k4YKVMKem5W4n1bKzEF5ji1xY8RjueuvdJzTYV%2B4Um0bYPJNIss8aTpsZcfGjcO7Ucvucf%2FPk74DQx9CyDzjAg7fPa5eOTtohBUwJB4MX1hHUNlmaw6qGZSjlCY0cSIs6f9PiMlMxkAvnxA1IbUWrMUHZJ2tJSnr1I9WkABzSZG8Mb4RVNcB%2ByH%2BsuMMbUt4c6QzsSnvztRTuC1q9e4EPKAb1STXls9%2BeUAM2iRhHGbo85c8q63rpoCmJCiLX8XS7Ct6Csqh2W%2BY9pUiY9DBi59j8nQg%3D%3D: ('Connection aborted.', ConnectionResetError(104, 'Connection reset by peer'))
2024-04-25 16:09:46,430 ERROR   wandb-upload_0:311819 [internal_api.py:upload_file():2769] upload_file request headers: {'User-Agent': 'python-requests/2.31.0', 'Accept-Encoding': 'gzip, deflate', 'Accept': '*/*', 'Connection': 'keep-alive', 'Content-Length': '2703'}
2024-04-25 16:09:46,430 ERROR   wandb-upload_0:311819 [internal_api.py:upload_file():2771] upload_file response body: 
2024-04-25 16:12:58,237 ERROR   wandb-upload_4:311819 [internal_api.py:upload_file():2767] upload_file exception https://storage.googleapis.com/wandb-production.appspot.com/zhangqufei945/my-awesome-project-1/rzji9xl0/conda-environment.yaml?Expires=1714118337&GoogleAccessId=gorilla-files-url-signer-man%40wandb-production.iam.gserviceaccount.com&Signature=PiYX2TTqTKIA2%2FJ4QatFgJgpTrcgX2eT0IjRei160ku9GX%2F%2BYc%2BKqkReC8XQJUI%2FXjViaPh3GXk%2BPUS7HAnQIdIvy%2FhEozofJM%2BiMv%2BjzL4ReVMd1dLsV%2Bygc8KTp6ER9g44xTAeAI8AfKQeBfrWFL58eQoEmecd2eCJ7kedyNkmAaZBaxNReSpqd1ZMaMy4X1HhVgBFurM0VNj%2Fbxs1PeqFraCIqzbujrZsNHv3VakxiXoouOlL%2F6OcIxi4kCBZwcNyl9oh7X6%2BaY5%2BbS8IC1ABFQqnmqs2iWR3ZOrOj7PfwpcgcqLKrRoIEXct4xY5jZp7i8UG6W2TtLNgGs3wpA%3D%3D: ('Connection aborted.', ConnectionResetError(104, 'Connection reset by peer'))
2024-04-25 16:12:58,238 ERROR   wandb-upload_4:311819 [internal_api.py:upload_file():2769] upload_file request headers: {'User-Agent': 'python-requests/2.31.0', 'Accept-Encoding': 'gzip, deflate', 'Accept': '*/*', 'Connection': 'keep-alive', 'Content-Length': '3103'}
2024-04-25 16:12:58,238 ERROR   wandb-upload_4:311819 [internal_api.py:upload_file():2771] upload_file response body: 
2024-04-25 16:14:05,884 INFO    wandb-upload_1:311819 [upload_job.py:push():131] Uploaded file /home/zqf/projects/FLNONIID/wandb/run-20240425_155417-rzji9xl0/files/requirements.txt
2024-04-25 16:14:25,303 INFO    wandb-upload_5:311819 [upload_job.py:push():131] Uploaded file /home/zqf/projects/FLNONIID/wandb/run-20240425_155417-rzji9xl0/files/config.yaml
2024-04-25 16:14:50,620 INFO    wandb-upload_2:311819 [upload_job.py:push():131] Uploaded file /home/zqf/projects/FLNONIID/wandb/run-20240425_155417-rzji9xl0/files/wandb-summary.json
2024-04-25 16:15:28,592 INFO    wandb-upload_3:311819 [upload_job.py:push():131] Uploaded file /home/zqf/projects/FLNONIID/wandb/run-20240425_155417-rzji9xl0/files/output.log
2024-04-25 16:15:37,993 INFO    wandb-upload_0:311819 [upload_job.py:push():131] Uploaded file /tmp/tmpfmpzk2ygwandb/z4bvn7xn-wandb-metadata.json
2024-04-25 16:18:49,186 INFO    wandb-upload_4:311819 [upload_job.py:push():131] Uploaded file /home/zqf/projects/FLNONIID/wandb/run-20240425_155417-rzji9xl0/files/conda-environment.yaml
2024-04-25 16:18:49,386 INFO    Thread-11 :311819 [sender.py:transition_state():614] send defer: 11
2024-04-25 16:18:49,658 INFO    SenderThread:311819 [file_stream.py:finish():614] file stream finish called
2024-04-25 16:18:52,217 INFO    SenderThread:311819 [file_stream.py:finish():618] file stream finish is done
