2024-05-02 21:41:27,804 INFO    StreamThr :41768 [internal.py:wandb_internal():86] W&B internal server running at pid: 41768, started at: 2024-05-02 21:41:27.803691
2024-05-02 21:41:27,809 DEBUG   HandlerThread:41768 [handler.py:handle_request():146] handle_request: status
2024-05-02 21:41:27,812 INFO    WriterThread:41768 [datastore.py:open_for_write():87] open: E:\Projects\Non-IID-Robust-Federated-Learning-Algorithms\wandb\run-20240502_214127-80ncpobs\run-80ncpobs.wandb
2024-05-02 21:41:27,815 DEBUG   SenderThread:41768 [sender.py:send():379] send: header
2024-05-02 21:41:27,855 DEBUG   SenderThread:41768 [sender.py:send():379] send: run
2024-05-02 21:41:28,874 INFO    SenderThread:41768 [dir_watcher.py:__init__():211] watching files in: E:\Projects\Non-IID-Robust-Federated-Learning-Algorithms\wandb\run-20240502_214127-80ncpobs\files
2024-05-02 21:41:28,886 INFO    SenderThread:41768 [sender.py:_start_run_threads():1124] run started: 80ncpobs with start time 1714657287.804692
2024-05-02 21:41:28,903 DEBUG   HandlerThread:41768 [handler.py:handle_request():146] handle_request: check_version
2024-05-02 21:41:28,904 DEBUG   SenderThread:41768 [sender.py:send_request():406] send_request: check_version
2024-05-02 21:41:30,805 DEBUG   HandlerThread:41768 [handler.py:handle_request():146] handle_request: run_start
2024-05-02 21:41:30,835 DEBUG   HandlerThread:41768 [system_info.py:__init__():26] System info init
2024-05-02 21:41:30,835 DEBUG   HandlerThread:41768 [system_info.py:__init__():41] System info init done
2024-05-02 21:41:30,835 INFO    HandlerThread:41768 [system_monitor.py:start():194] Starting system monitor
2024-05-02 21:41:30,836 INFO    HandlerThread:41768 [system_monitor.py:probe():214] Collecting system info
2024-05-02 21:41:30,837 INFO    SystemMonitor:41768 [system_monitor.py:_start():158] Starting system asset monitoring threads
2024-05-02 21:41:30,838 INFO    SystemMonitor:41768 [interfaces.py:start():190] Started cpu monitoring
2024-05-02 21:41:30,846 INFO    SystemMonitor:41768 [interfaces.py:start():190] Started disk monitoring
2024-05-02 21:41:30,856 INFO    SystemMonitor:41768 [interfaces.py:start():190] Started gpu monitoring
2024-05-02 21:41:30,858 INFO    SystemMonitor:41768 [interfaces.py:start():190] Started memory monitoring
2024-05-02 21:41:30,875 DEBUG   HandlerThread:41768 [system_info.py:probe():150] Probing system
2024-05-02 21:41:30,892 INFO    SystemMonitor:41768 [interfaces.py:start():190] Started network monitoring
2024-05-02 21:41:30,895 DEBUG   HandlerThread:41768 [system_info.py:_probe_git():135] Probing git
2024-05-02 21:41:30,976 DEBUG   HandlerThread:41768 [system_info.py:_probe_git():143] Probing git done
2024-05-02 21:41:30,978 DEBUG   HandlerThread:41768 [system_info.py:probe():198] Probing system done
2024-05-02 21:41:30,978 DEBUG   HandlerThread:41768 [system_monitor.py:probe():223] {'os': 'Windows-10-10.0.22631-SP0', 'python': '3.8.18', 'heartbeatAt': '2024-05-02T13:41:30.875879', 'startedAt': '2024-05-02T13:41:27.780838', 'docker': None, 'cuda': None, 'args': (), 'state': 'running', 'program': 'e:\\Projects\\Non-IID-Robust-Federated-Learning-Algorithms\\train.py', 'codePathLocal': 'train.py', 'codePath': 'train.py', 'git': {'remote': 'https://github.com/Gengsheng-Li/Non-IID-Robust-Federated-Learning-Algorithms.git', 'commit': '01b67c9a3b3b5e43dc259d69241b4a8f2dc31a35'}, 'email': 'ligengchengucd@163.com', 'root': 'E:/Projects/Non-IID-Robust-Federated-Learning-Algorithms', 'host': 'LAPTOP-G8U7O3JS', 'username': 'RyukiRi', 'executable': 'd:\\Anaconda\\envs\\FLlearner\\python.exe', 'cpu_count': 14, 'cpu_count_logical': 20, 'cpu_freq': {'current': 2300.0, 'min': 0.0, 'max': 2300.0}, 'cpu_freq_per_core': [{'current': 2300.0, 'min': 0.0, 'max': 2300.0}], 'disk': {'/': {'total': 1907.7265586853027, 'used': 990.4943084716797}}, 'gpu': 'NVIDIA GeForce RTX 3080 Ti Laptop GPU', 'gpu_count': 1, 'gpu_devices': [{'name': 'NVIDIA GeForce RTX 3080 Ti Laptop GPU', 'memory_total': 17179869184}], 'memory': {'total': 63.672584533691406}}
2024-05-02 21:41:30,978 INFO    HandlerThread:41768 [system_monitor.py:probe():224] Finished collecting system info
2024-05-02 21:41:30,978 INFO    HandlerThread:41768 [system_monitor.py:probe():227] Publishing system info
2024-05-02 21:41:30,978 DEBUG   HandlerThread:41768 [system_info.py:_save_conda():207] Saving list of conda packages installed into the current environment
2024-05-02 21:41:31,905 INFO    Thread-21 :41768 [dir_watcher.py:_on_file_created():271] file/dir created: E:\Projects\Non-IID-Robust-Federated-Learning-Algorithms\wandb\run-20240502_214127-80ncpobs\files\conda-environment.yaml
2024-05-02 21:41:34,819 DEBUG   HandlerThread:41768 [system_info.py:_save_conda():222] Saving conda packages done
2024-05-02 21:41:34,820 INFO    HandlerThread:41768 [system_monitor.py:probe():229] Finished publishing system info
2024-05-02 21:41:34,841 DEBUG   HandlerThread:41768 [handler.py:handle_request():146] handle_request: status_report
2024-05-02 21:41:34,842 DEBUG   SenderThread:41768 [sender.py:send():379] send: files
2024-05-02 21:41:34,843 INFO    SenderThread:41768 [sender.py:_save_file():1390] saving file wandb-metadata.json with policy now
2024-05-02 21:41:34,950 INFO    Thread-21 :41768 [dir_watcher.py:_on_file_modified():288] file/dir modified: E:\Projects\Non-IID-Robust-Federated-Learning-Algorithms\wandb\run-20240502_214127-80ncpobs\files\conda-environment.yaml
2024-05-02 21:41:34,951 INFO    Thread-21 :41768 [dir_watcher.py:_on_file_created():271] file/dir created: E:\Projects\Non-IID-Robust-Federated-Learning-Algorithms\wandb\run-20240502_214127-80ncpobs\files\wandb-metadata.json
2024-05-02 21:41:35,117 DEBUG   HandlerThread:41768 [handler.py:handle_request():146] handle_request: python_packages
2024-05-02 21:41:35,117 DEBUG   SenderThread:41768 [sender.py:send_request():406] send_request: python_packages
2024-05-02 21:41:35,120 DEBUG   HandlerThread:41768 [handler.py:handle_request():146] handle_request: stop_status
2024-05-02 21:41:35,121 DEBUG   SenderThread:41768 [sender.py:send_request():406] send_request: stop_status
2024-05-02 21:41:35,126 DEBUG   HandlerThread:41768 [handler.py:handle_request():146] handle_request: internal_messages
2024-05-02 21:41:35,710 ERROR   wandb-upload_0:41768 [internal_api.py:upload_file():2767] upload_file exception https://storage.googleapis.com/wandb-production.appspot.com/federated_learningg/federated_learningg/80ncpobs/wandb-metadata.json?Expires=1714743694&GoogleAccessId=gorilla-files-url-signer-man%40wandb-production.iam.gserviceaccount.com&Signature=FLmP7o9Pt8K9lOkwvpaqR%2BMFojOYfWV6T597Zq3bJMs84s%2F%2Fay34bo7YHpie6EySb75xNWChrvRFx5DSlgNkR%2FgbJrNTHmTnVHlndy8Yo3YN9oApWoRfYMxsp%2BL3YfQazm3tlY87K11gMpkZeWiNpaodJJMGIhnqhfbg0sGj2smrcserEaJpA6YyQnzFtWlxDDQaCjSp4jSsZYRNBxB7%2BGdHCplfcedgLRrHdCXDhaiJwEtbkwsN6h24m9fdn4rzZiSta9LkaQC8vOLHaxGeQi7Lwh59dya6KkXDT3kXNhQM0W4NE6xR0TJiW7s853s7P0Aqi2y01H%2Fnph3P2Ndc5w%3D%3D: ('Connection aborted.', ConnectionResetError(10054, '远程主机强迫关闭了一个现有的连接。', None, 10054, None))
2024-05-02 21:41:35,710 ERROR   wandb-upload_0:41768 [internal_api.py:upload_file():2769] upload_file request headers: {'User-Agent': 'python-requests/2.31.0', 'Accept-Encoding': 'gzip, deflate, br', 'Accept': '*/*', 'Connection': 'keep-alive', 'Content-Length': '1540'}
2024-05-02 21:41:35,710 ERROR   wandb-upload_0:41768 [internal_api.py:upload_file():2771] upload_file response body: 
2024-05-02 21:41:35,820 DEBUG   SenderThread:41768 [sender.py:send():379] send: telemetry
2024-05-02 21:41:35,964 INFO    Thread-21 :41768 [dir_watcher.py:_on_file_created():271] file/dir created: E:\Projects\Non-IID-Robust-Federated-Learning-Algorithms\wandb\run-20240502_214127-80ncpobs\files\output.log
2024-05-02 21:41:35,965 INFO    Thread-21 :41768 [dir_watcher.py:_on_file_created():271] file/dir created: E:\Projects\Non-IID-Robust-Federated-Learning-Algorithms\wandb\run-20240502_214127-80ncpobs\files\requirements.txt
2024-05-02 21:41:37,163 ERROR   wandb-upload_0:41768 [internal_api.py:upload_file():2767] upload_file exception https://storage.googleapis.com/wandb-production.appspot.com/federated_learningg/federated_learningg/80ncpobs/wandb-metadata.json?Expires=1714743694&GoogleAccessId=gorilla-files-url-signer-man%40wandb-production.iam.gserviceaccount.com&Signature=FLmP7o9Pt8K9lOkwvpaqR%2BMFojOYfWV6T597Zq3bJMs84s%2F%2Fay34bo7YHpie6EySb75xNWChrvRFx5DSlgNkR%2FgbJrNTHmTnVHlndy8Yo3YN9oApWoRfYMxsp%2BL3YfQazm3tlY87K11gMpkZeWiNpaodJJMGIhnqhfbg0sGj2smrcserEaJpA6YyQnzFtWlxDDQaCjSp4jSsZYRNBxB7%2BGdHCplfcedgLRrHdCXDhaiJwEtbkwsN6h24m9fdn4rzZiSta9LkaQC8vOLHaxGeQi7Lwh59dya6KkXDT3kXNhQM0W4NE6xR0TJiW7s853s7P0Aqi2y01H%2Fnph3P2Ndc5w%3D%3D: ('Connection aborted.', ConnectionResetError(10054, '远程主机强迫关闭了一个现有的连接。', None, 10054, None))
2024-05-02 21:41:37,163 ERROR   wandb-upload_0:41768 [internal_api.py:upload_file():2769] upload_file request headers: {'User-Agent': 'python-requests/2.31.0', 'Accept-Encoding': 'gzip, deflate, br', 'Accept': '*/*', 'Connection': 'keep-alive', 'Content-Length': '1540'}
2024-05-02 21:41:37,163 ERROR   wandb-upload_0:41768 [internal_api.py:upload_file():2771] upload_file response body: 
2024-05-02 21:41:37,952 DEBUG   HandlerThread:41768 [handler.py:handle_request():146] handle_request: status_report
2024-05-02 21:41:37,989 INFO    Thread-21 :41768 [dir_watcher.py:_on_file_modified():288] file/dir modified: E:\Projects\Non-IID-Robust-Federated-Learning-Algorithms\wandb\run-20240502_214127-80ncpobs\files\output.log
2024-05-02 21:41:39,772 ERROR   wandb-upload_0:41768 [internal_api.py:upload_file():2767] upload_file exception https://storage.googleapis.com/wandb-production.appspot.com/federated_learningg/federated_learningg/80ncpobs/wandb-metadata.json?Expires=1714743694&GoogleAccessId=gorilla-files-url-signer-man%40wandb-production.iam.gserviceaccount.com&Signature=FLmP7o9Pt8K9lOkwvpaqR%2BMFojOYfWV6T597Zq3bJMs84s%2F%2Fay34bo7YHpie6EySb75xNWChrvRFx5DSlgNkR%2FgbJrNTHmTnVHlndy8Yo3YN9oApWoRfYMxsp%2BL3YfQazm3tlY87K11gMpkZeWiNpaodJJMGIhnqhfbg0sGj2smrcserEaJpA6YyQnzFtWlxDDQaCjSp4jSsZYRNBxB7%2BGdHCplfcedgLRrHdCXDhaiJwEtbkwsN6h24m9fdn4rzZiSta9LkaQC8vOLHaxGeQi7Lwh59dya6KkXDT3kXNhQM0W4NE6xR0TJiW7s853s7P0Aqi2y01H%2Fnph3P2Ndc5w%3D%3D: ('Connection aborted.', ConnectionResetError(10054, '远程主机强迫关闭了一个现有的连接。', None, 10054, None))
2024-05-02 21:41:39,772 ERROR   wandb-upload_0:41768 [internal_api.py:upload_file():2769] upload_file request headers: {'User-Agent': 'python-requests/2.31.0', 'Accept-Encoding': 'gzip, deflate, br', 'Accept': '*/*', 'Connection': 'keep-alive', 'Content-Length': '1540'}
2024-05-02 21:41:39,772 ERROR   wandb-upload_0:41768 [internal_api.py:upload_file():2771] upload_file response body: 
2024-05-02 21:41:39,773 INFO    wandb-upload_0:41768 [retry.py:__call__():172] Retry attempt failed:
Traceback (most recent call last):
  File "d:\Anaconda\envs\FLlearner\lib\site-packages\urllib3\connectionpool.py", line 790, in urlopen
    response = self._make_request(
  File "d:\Anaconda\envs\FLlearner\lib\site-packages\urllib3\connectionpool.py", line 491, in _make_request
    raise new_e
  File "d:\Anaconda\envs\FLlearner\lib\site-packages\urllib3\connectionpool.py", line 467, in _make_request
    self._validate_conn(conn)
  File "d:\Anaconda\envs\FLlearner\lib\site-packages\urllib3\connectionpool.py", line 1096, in _validate_conn
    conn.connect()
  File "d:\Anaconda\envs\FLlearner\lib\site-packages\urllib3\connection.py", line 642, in connect
    sock_and_verified = _ssl_wrap_socket_and_match_hostname(
  File "d:\Anaconda\envs\FLlearner\lib\site-packages\urllib3\connection.py", line 782, in _ssl_wrap_socket_and_match_hostname
    ssl_sock = ssl_wrap_socket(
  File "d:\Anaconda\envs\FLlearner\lib\site-packages\urllib3\util\ssl_.py", line 470, in ssl_wrap_socket
    ssl_sock = _ssl_wrap_socket_impl(sock, context, tls_in_tls, server_hostname)
  File "d:\Anaconda\envs\FLlearner\lib\site-packages\urllib3\util\ssl_.py", line 514, in _ssl_wrap_socket_impl
    return ssl_context.wrap_socket(sock, server_hostname=server_hostname)
  File "d:\Anaconda\envs\FLlearner\lib\ssl.py", line 500, in wrap_socket
    return self.sslsocket_class._create(
  File "d:\Anaconda\envs\FLlearner\lib\ssl.py", line 1073, in _create
    self.do_handshake()
  File "d:\Anaconda\envs\FLlearner\lib\ssl.py", line 1342, in do_handshake
    self._sslobj.do_handshake()
ConnectionResetError: [WinError 10054] 远程主机强迫关闭了一个现有的连接。

During handling of the above exception, another exception occurred:

Traceback (most recent call last):
  File "d:\Anaconda\envs\FLlearner\lib\site-packages\requests\adapters.py", line 486, in send
    resp = conn.urlopen(
  File "d:\Anaconda\envs\FLlearner\lib\site-packages\urllib3\connectionpool.py", line 844, in urlopen
    retries = retries.increment(
  File "d:\Anaconda\envs\FLlearner\lib\site-packages\urllib3\util\retry.py", line 470, in increment
    raise reraise(type(error), error, _stacktrace)
  File "d:\Anaconda\envs\FLlearner\lib\site-packages\urllib3\util\util.py", line 38, in reraise
    raise value.with_traceback(tb)
  File "d:\Anaconda\envs\FLlearner\lib\site-packages\urllib3\connectionpool.py", line 790, in urlopen
    response = self._make_request(
  File "d:\Anaconda\envs\FLlearner\lib\site-packages\urllib3\connectionpool.py", line 491, in _make_request
    raise new_e
  File "d:\Anaconda\envs\FLlearner\lib\site-packages\urllib3\connectionpool.py", line 467, in _make_request
    self._validate_conn(conn)
  File "d:\Anaconda\envs\FLlearner\lib\site-packages\urllib3\connectionpool.py", line 1096, in _validate_conn
    conn.connect()
  File "d:\Anaconda\envs\FLlearner\lib\site-packages\urllib3\connection.py", line 642, in connect
    sock_and_verified = _ssl_wrap_socket_and_match_hostname(
  File "d:\Anaconda\envs\FLlearner\lib\site-packages\urllib3\connection.py", line 782, in _ssl_wrap_socket_and_match_hostname
    ssl_sock = ssl_wrap_socket(
  File "d:\Anaconda\envs\FLlearner\lib\site-packages\urllib3\util\ssl_.py", line 470, in ssl_wrap_socket
    ssl_sock = _ssl_wrap_socket_impl(sock, context, tls_in_tls, server_hostname)
  File "d:\Anaconda\envs\FLlearner\lib\site-packages\urllib3\util\ssl_.py", line 514, in _ssl_wrap_socket_impl
    return ssl_context.wrap_socket(sock, server_hostname=server_hostname)
  File "d:\Anaconda\envs\FLlearner\lib\ssl.py", line 500, in wrap_socket
    return self.sslsocket_class._create(
  File "d:\Anaconda\envs\FLlearner\lib\ssl.py", line 1073, in _create
    self.do_handshake()
  File "d:\Anaconda\envs\FLlearner\lib\ssl.py", line 1342, in do_handshake
    self._sslobj.do_handshake()
urllib3.exceptions.ProtocolError: ('Connection aborted.', ConnectionResetError(10054, '远程主机强迫关闭了一个现有的连接。', None, 10054, None))

During handling of the above exception, another exception occurred:

Traceback (most recent call last):
  File "d:\Anaconda\envs\FLlearner\lib\site-packages\wandb\sdk\internal\internal_api.py", line 2760, in upload_file
    response = self._upload_file_session.put(
  File "d:\Anaconda\envs\FLlearner\lib\site-packages\requests\sessions.py", line 649, in put
    return self.request("PUT", url, data=data, **kwargs)
  File "d:\Anaconda\envs\FLlearner\lib\site-packages\requests\sessions.py", line 589, in request
    resp = self.send(prep, **send_kwargs)
  File "d:\Anaconda\envs\FLlearner\lib\site-packages\requests\sessions.py", line 703, in send
    r = adapter.send(request, **kwargs)
  File "d:\Anaconda\envs\FLlearner\lib\site-packages\requests\adapters.py", line 501, in send
    raise ConnectionError(err, request=request)
requests.exceptions.ConnectionError: ('Connection aborted.', ConnectionResetError(10054, '远程主机强迫关闭了一个现有的连接。', None, 10054, None))

During handling of the above exception, another exception occurred:

Traceback (most recent call last):
  File "d:\Anaconda\envs\FLlearner\lib\site-packages\wandb\sdk\lib\retry.py", line 131, in __call__
    result = self._call_fn(*args, **kwargs)
  File "d:\Anaconda\envs\FLlearner\lib\site-packages\wandb\sdk\internal\internal_api.py", line 2791, in upload_file
    raise _e.with_traceback(sys.exc_info()[2])
  File "d:\Anaconda\envs\FLlearner\lib\site-packages\wandb\sdk\internal\internal_api.py", line 2760, in upload_file
    response = self._upload_file_session.put(
  File "d:\Anaconda\envs\FLlearner\lib\site-packages\requests\sessions.py", line 649, in put
    return self.request("PUT", url, data=data, **kwargs)
  File "d:\Anaconda\envs\FLlearner\lib\site-packages\requests\sessions.py", line 589, in request
    resp = self.send(prep, **send_kwargs)
  File "d:\Anaconda\envs\FLlearner\lib\site-packages\requests\sessions.py", line 703, in send
    r = adapter.send(request, **kwargs)
  File "d:\Anaconda\envs\FLlearner\lib\site-packages\requests\adapters.py", line 501, in send
    raise ConnectionError(err, request=request)
wandb.sdk.lib.retry.TransientError: None
2024-05-02 21:41:40,012 INFO    Thread-21 :41768 [dir_watcher.py:_on_file_modified():288] file/dir modified: E:\Projects\Non-IID-Robust-Federated-Learning-Algorithms\wandb\run-20240502_214127-80ncpobs\files\output.log
2024-05-02 21:41:43,022 DEBUG   HandlerThread:41768 [handler.py:handle_request():146] handle_request: status_report
2024-05-02 21:41:44,300 ERROR   wandb-upload_0:41768 [internal_api.py:upload_file():2767] upload_file exception https://storage.googleapis.com/wandb-production.appspot.com/federated_learningg/federated_learningg/80ncpobs/wandb-metadata.json?Expires=1714743694&GoogleAccessId=gorilla-files-url-signer-man%40wandb-production.iam.gserviceaccount.com&Signature=FLmP7o9Pt8K9lOkwvpaqR%2BMFojOYfWV6T597Zq3bJMs84s%2F%2Fay34bo7YHpie6EySb75xNWChrvRFx5DSlgNkR%2FgbJrNTHmTnVHlndy8Yo3YN9oApWoRfYMxsp%2BL3YfQazm3tlY87K11gMpkZeWiNpaodJJMGIhnqhfbg0sGj2smrcserEaJpA6YyQnzFtWlxDDQaCjSp4jSsZYRNBxB7%2BGdHCplfcedgLRrHdCXDhaiJwEtbkwsN6h24m9fdn4rzZiSta9LkaQC8vOLHaxGeQi7Lwh59dya6KkXDT3kXNhQM0W4NE6xR0TJiW7s853s7P0Aqi2y01H%2Fnph3P2Ndc5w%3D%3D: ('Connection aborted.', ConnectionResetError(10054, '远程主机强迫关闭了一个现有的连接。', None, 10054, None))
2024-05-02 21:41:44,300 ERROR   wandb-upload_0:41768 [internal_api.py:upload_file():2769] upload_file request headers: {'User-Agent': 'python-requests/2.31.0', 'Accept-Encoding': 'gzip, deflate, br', 'Accept': '*/*', 'Connection': 'keep-alive', 'Content-Length': '1540'}
2024-05-02 21:41:44,300 ERROR   wandb-upload_0:41768 [internal_api.py:upload_file():2771] upload_file response body: 
2024-05-02 21:41:48,056 DEBUG   HandlerThread:41768 [handler.py:handle_request():146] handle_request: status_report
2024-05-02 21:41:50,127 DEBUG   HandlerThread:41768 [handler.py:handle_request():146] handle_request: stop_status
2024-05-02 21:41:50,127 DEBUG   SenderThread:41768 [sender.py:send_request():406] send_request: stop_status
2024-05-02 21:41:50,142 DEBUG   HandlerThread:41768 [handler.py:handle_request():146] handle_request: internal_messages
2024-05-02 21:41:53,470 DEBUG   HandlerThread:41768 [handler.py:handle_request():146] handle_request: status_report
2024-05-02 21:41:53,945 ERROR   wandb-upload_0:41768 [internal_api.py:upload_file():2767] upload_file exception https://storage.googleapis.com/wandb-production.appspot.com/federated_learningg/federated_learningg/80ncpobs/wandb-metadata.json?Expires=1714743694&GoogleAccessId=gorilla-files-url-signer-man%40wandb-production.iam.gserviceaccount.com&Signature=FLmP7o9Pt8K9lOkwvpaqR%2BMFojOYfWV6T597Zq3bJMs84s%2F%2Fay34bo7YHpie6EySb75xNWChrvRFx5DSlgNkR%2FgbJrNTHmTnVHlndy8Yo3YN9oApWoRfYMxsp%2BL3YfQazm3tlY87K11gMpkZeWiNpaodJJMGIhnqhfbg0sGj2smrcserEaJpA6YyQnzFtWlxDDQaCjSp4jSsZYRNBxB7%2BGdHCplfcedgLRrHdCXDhaiJwEtbkwsN6h24m9fdn4rzZiSta9LkaQC8vOLHaxGeQi7Lwh59dya6KkXDT3kXNhQM0W4NE6xR0TJiW7s853s7P0Aqi2y01H%2Fnph3P2Ndc5w%3D%3D: ('Connection aborted.', ConnectionResetError(10054, '远程主机强迫关闭了一个现有的连接。', None, 10054, None))
2024-05-02 21:41:53,945 ERROR   wandb-upload_0:41768 [internal_api.py:upload_file():2769] upload_file request headers: {'User-Agent': 'python-requests/2.31.0', 'Accept-Encoding': 'gzip, deflate, br', 'Accept': '*/*', 'Connection': 'keep-alive', 'Content-Length': '1540'}
2024-05-02 21:41:53,945 ERROR   wandb-upload_0:41768 [internal_api.py:upload_file():2771] upload_file response body: 
2024-05-02 21:41:56,220 INFO    Thread-21 :41768 [dir_watcher.py:_on_file_modified():288] file/dir modified: E:\Projects\Non-IID-Robust-Federated-Learning-Algorithms\wandb\run-20240502_214127-80ncpobs\files\output.log
2024-05-02 21:41:59,326 DEBUG   HandlerThread:41768 [handler.py:handle_request():146] handle_request: status_report
2024-05-02 21:42:00,264 INFO    Thread-21 :41768 [dir_watcher.py:_on_file_modified():288] file/dir modified: E:\Projects\Non-IID-Robust-Federated-Learning-Algorithms\wandb\run-20240502_214127-80ncpobs\files\config.yaml
2024-05-02 21:42:02,300 INFO    Thread-21 :41768 [dir_watcher.py:_on_file_modified():288] file/dir modified: E:\Projects\Non-IID-Robust-Federated-Learning-Algorithms\wandb\run-20240502_214127-80ncpobs\files\output.log
2024-05-02 21:42:04,685 DEBUG   HandlerThread:41768 [handler.py:handle_request():146] handle_request: status_report
2024-05-02 21:42:05,138 DEBUG   HandlerThread:41768 [handler.py:handle_request():146] handle_request: stop_status
2024-05-02 21:42:05,139 DEBUG   SenderThread:41768 [sender.py:send_request():406] send_request: stop_status
2024-05-02 21:42:05,153 DEBUG   HandlerThread:41768 [handler.py:handle_request():146] handle_request: internal_messages
2024-05-02 21:42:06,352 INFO    Thread-21 :41768 [dir_watcher.py:_on_file_modified():288] file/dir modified: E:\Projects\Non-IID-Robust-Federated-Learning-Algorithms\wandb\run-20240502_214127-80ncpobs\files\output.log
2024-05-02 21:42:10,518 DEBUG   HandlerThread:41768 [handler.py:handle_request():146] handle_request: status_report
2024-05-02 21:42:12,734 ERROR   wandb-upload_0:41768 [internal_api.py:upload_file():2767] upload_file exception https://storage.googleapis.com/wandb-production.appspot.com/federated_learningg/federated_learningg/80ncpobs/wandb-metadata.json?Expires=1714743694&GoogleAccessId=gorilla-files-url-signer-man%40wandb-production.iam.gserviceaccount.com&Signature=FLmP7o9Pt8K9lOkwvpaqR%2BMFojOYfWV6T597Zq3bJMs84s%2F%2Fay34bo7YHpie6EySb75xNWChrvRFx5DSlgNkR%2FgbJrNTHmTnVHlndy8Yo3YN9oApWoRfYMxsp%2BL3YfQazm3tlY87K11gMpkZeWiNpaodJJMGIhnqhfbg0sGj2smrcserEaJpA6YyQnzFtWlxDDQaCjSp4jSsZYRNBxB7%2BGdHCplfcedgLRrHdCXDhaiJwEtbkwsN6h24m9fdn4rzZiSta9LkaQC8vOLHaxGeQi7Lwh59dya6KkXDT3kXNhQM0W4NE6xR0TJiW7s853s7P0Aqi2y01H%2Fnph3P2Ndc5w%3D%3D: ('Connection aborted.', ConnectionResetError(10054, '远程主机强迫关闭了一个现有的连接。', None, 10054, None))
2024-05-02 21:42:12,734 ERROR   wandb-upload_0:41768 [internal_api.py:upload_file():2769] upload_file request headers: {'User-Agent': 'python-requests/2.31.0', 'Accept-Encoding': 'gzip, deflate, br', 'Accept': '*/*', 'Connection': 'keep-alive', 'Content-Length': '1540'}
2024-05-02 21:42:12,734 ERROR   wandb-upload_0:41768 [internal_api.py:upload_file():2771] upload_file response body: 
2024-05-02 21:42:15,568 DEBUG   HandlerThread:41768 [handler.py:handle_request():146] handle_request: status_report
2024-05-02 21:42:20,160 DEBUG   HandlerThread:41768 [handler.py:handle_request():146] handle_request: internal_messages
2024-05-02 21:42:20,161 DEBUG   HandlerThread:41768 [handler.py:handle_request():146] handle_request: stop_status
2024-05-02 21:42:20,162 DEBUG   SenderThread:41768 [sender.py:send_request():406] send_request: stop_status
2024-05-02 21:42:20,522 INFO    Thread-21 :41768 [dir_watcher.py:_on_file_modified():288] file/dir modified: E:\Projects\Non-IID-Robust-Federated-Learning-Algorithms\wandb\run-20240502_214127-80ncpobs\files\output.log
2024-05-02 21:42:21,427 DEBUG   HandlerThread:41768 [handler.py:handle_request():146] handle_request: status_report
2024-05-02 21:42:26,465 DEBUG   HandlerThread:41768 [handler.py:handle_request():146] handle_request: status_report
2024-05-02 21:42:30,901 DEBUG   SystemMonitor:41768 [system_monitor.py:_start():172] Starting system metrics aggregation loop
2024-05-02 21:42:30,904 DEBUG   SenderThread:41768 [sender.py:send():379] send: stats
2024-05-02 21:42:31,918 DEBUG   HandlerThread:41768 [handler.py:handle_request():146] handle_request: status_report
2024-05-02 21:42:32,617 INFO    Thread-21 :41768 [dir_watcher.py:_on_file_modified():288] file/dir modified: E:\Projects\Non-IID-Robust-Federated-Learning-Algorithms\wandb\run-20240502_214127-80ncpobs\files\output.log
2024-05-02 21:42:35,169 DEBUG   HandlerThread:41768 [handler.py:handle_request():146] handle_request: internal_messages
2024-05-02 21:42:35,170 DEBUG   HandlerThread:41768 [handler.py:handle_request():146] handle_request: stop_status
2024-05-02 21:42:35,171 DEBUG   SenderThread:41768 [sender.py:send_request():406] send_request: stop_status
2024-05-02 21:42:37,559 DEBUG   HandlerThread:41768 [handler.py:handle_request():146] handle_request: status_report
2024-05-02 21:42:42,388 WARNING FileStreamThread:41768 [file_stream.py:request_with_retry():687] requests_with_retry encountered retryable exception: HTTPSConnectionPool(host='api.wandb.ai', port=443): Max retries exceeded with url: /files/federated_learningg/federated_learningg/80ncpobs/file_stream (Caused by ProxyError('Unable to connect to proxy', SSLError(SSLZeroReturnError(6, 'TLS/SSL connection has been closed (EOF) (_ssl.c:1131)')))). func: functools.partial(<bound method Session.post of <requests.sessions.Session object at 0x000001F66EAA57C0>>, timeout=180.0), args: ('https://api.wandb.ai/files/federated_learningg/federated_learningg/80ncpobs/file_stream',), kwargs: {'json': {'files': {'output.log': {'offset': 8, 'content': ['ERROR 2024-05-02T13:42:32.030306  67%|                                               | 4/6 [00:35<00:20, 10.02s/it]\n']}}, 'dropped': 0}}
2024-05-02 21:42:42,598 DEBUG   HandlerThread:41768 [handler.py:handle_request():146] handle_request: status_report
2024-05-02 21:42:42,735 INFO    Thread-21 :41768 [dir_watcher.py:_on_file_modified():288] file/dir modified: E:\Projects\Non-IID-Robust-Federated-Learning-Algorithms\wandb\run-20240502_214127-80ncpobs\files\output.log
2024-05-02 21:42:44,969 WARNING FileStreamThread:41768 [file_stream.py:request_with_retry():687] requests_with_retry encountered retryable exception: HTTPSConnectionPool(host='api.wandb.ai', port=443): Max retries exceeded with url: /files/federated_learningg/federated_learningg/80ncpobs/file_stream (Caused by ProxyError('Unable to connect to proxy', SSLError(SSLZeroReturnError(6, 'TLS/SSL connection has been closed (EOF) (_ssl.c:1131)')))). func: functools.partial(<bound method Session.post of <requests.sessions.Session object at 0x000001F66EAA57C0>>, timeout=180.0), args: ('https://api.wandb.ai/files/federated_learningg/federated_learningg/80ncpobs/file_stream',), kwargs: {'json': {'files': {'output.log': {'offset': 8, 'content': ['ERROR 2024-05-02T13:42:32.030306  67%|                                               | 4/6 [00:35<00:20, 10.02s/it]\n']}}, 'dropped': 0}}
2024-05-02 21:42:46,784 INFO    Thread-21 :41768 [dir_watcher.py:_on_file_modified():288] file/dir modified: E:\Projects\Non-IID-Robust-Federated-Learning-Algorithms\wandb\run-20240502_214127-80ncpobs\files\output.log
2024-05-02 21:42:47,867 DEBUG   HandlerThread:41768 [handler.py:handle_request():146] handle_request: status_report
2024-05-02 21:42:50,070 WARNING FileStreamThread:41768 [file_stream.py:request_with_retry():687] requests_with_retry encountered retryable exception: HTTPSConnectionPool(host='api.wandb.ai', port=443): Max retries exceeded with url: /files/federated_learningg/federated_learningg/80ncpobs/file_stream (Caused by ProxyError('Unable to connect to proxy', SSLError(SSLZeroReturnError(6, 'TLS/SSL connection has been closed (EOF) (_ssl.c:1131)')))). func: functools.partial(<bound method Session.post of <requests.sessions.Session object at 0x000001F66EAA57C0>>, timeout=180.0), args: ('https://api.wandb.ai/files/federated_learningg/federated_learningg/80ncpobs/file_stream',), kwargs: {'json': {'files': {'output.log': {'offset': 8, 'content': ['ERROR 2024-05-02T13:42:32.030306  67%|                                               | 4/6 [00:35<00:20, 10.02s/it]\n']}}, 'dropped': 0}}
2024-05-02 21:42:50,159 DEBUG   HandlerThread:41768 [handler.py:handle_request():146] handle_request: internal_messages
2024-05-02 21:42:50,173 DEBUG   HandlerThread:41768 [handler.py:handle_request():146] handle_request: stop_status
2024-05-02 21:42:50,174 DEBUG   SenderThread:41768 [sender.py:send_request():406] send_request: stop_status
2024-05-02 21:42:51,707 ERROR   wandb-upload_0:41768 [internal_api.py:upload_file():2767] upload_file exception https://storage.googleapis.com/wandb-production.appspot.com/federated_learningg/federated_learningg/80ncpobs/wandb-metadata.json?Expires=1714743694&GoogleAccessId=gorilla-files-url-signer-man%40wandb-production.iam.gserviceaccount.com&Signature=FLmP7o9Pt8K9lOkwvpaqR%2BMFojOYfWV6T597Zq3bJMs84s%2F%2Fay34bo7YHpie6EySb75xNWChrvRFx5DSlgNkR%2FgbJrNTHmTnVHlndy8Yo3YN9oApWoRfYMxsp%2BL3YfQazm3tlY87K11gMpkZeWiNpaodJJMGIhnqhfbg0sGj2smrcserEaJpA6YyQnzFtWlxDDQaCjSp4jSsZYRNBxB7%2BGdHCplfcedgLRrHdCXDhaiJwEtbkwsN6h24m9fdn4rzZiSta9LkaQC8vOLHaxGeQi7Lwh59dya6KkXDT3kXNhQM0W4NE6xR0TJiW7s853s7P0Aqi2y01H%2Fnph3P2Ndc5w%3D%3D: HTTPSConnectionPool(host='storage.googleapis.com', port=443): Max retries exceeded with url: /wandb-production.appspot.com/federated_learningg/federated_learningg/80ncpobs/wandb-metadata.json?Expires=1714743694&GoogleAccessId=gorilla-files-url-signer-man%40wandb-production.iam.gserviceaccount.com&Signature=FLmP7o9Pt8K9lOkwvpaqR%2BMFojOYfWV6T597Zq3bJMs84s%2F%2Fay34bo7YHpie6EySb75xNWChrvRFx5DSlgNkR%2FgbJrNTHmTnVHlndy8Yo3YN9oApWoRfYMxsp%2BL3YfQazm3tlY87K11gMpkZeWiNpaodJJMGIhnqhfbg0sGj2smrcserEaJpA6YyQnzFtWlxDDQaCjSp4jSsZYRNBxB7%2BGdHCplfcedgLRrHdCXDhaiJwEtbkwsN6h24m9fdn4rzZiSta9LkaQC8vOLHaxGeQi7Lwh59dya6KkXDT3kXNhQM0W4NE6xR0TJiW7s853s7P0Aqi2y01H%2Fnph3P2Ndc5w%3D%3D (Caused by ProxyError('Unable to connect to proxy', SSLError(SSLZeroReturnError(6, 'TLS/SSL connection has been closed (EOF) (_ssl.c:1131)'))))
2024-05-02 21:42:51,707 ERROR   wandb-upload_0:41768 [internal_api.py:upload_file():2769] upload_file request headers: {'User-Agent': 'python-requests/2.31.0', 'Accept-Encoding': 'gzip, deflate, br', 'Accept': '*/*', 'Connection': 'keep-alive', 'Content-Length': '1540'}
2024-05-02 21:42:51,707 ERROR   wandb-upload_0:41768 [internal_api.py:upload_file():2771] upload_file response body: 
2024-05-02 21:42:54,299 INFO    SenderThread:41768 [retry.py:__call__():172] Retry attempt failed:
urllib3.exceptions.SSLError: TLS/SSL connection has been closed (EOF) (_ssl.c:1131)

The above exception was the direct cause of the following exception:

urllib3.exceptions.ProxyError: ('Unable to connect to proxy', SSLError(SSLZeroReturnError(6, 'TLS/SSL connection has been closed (EOF) (_ssl.c:1131)')))

The above exception was the direct cause of the following exception:

Traceback (most recent call last):
  File "d:\Anaconda\envs\FLlearner\lib\site-packages\requests\adapters.py", line 486, in send
    resp = conn.urlopen(
  File "d:\Anaconda\envs\FLlearner\lib\site-packages\urllib3\connectionpool.py", line 844, in urlopen
    retries = retries.increment(
  File "d:\Anaconda\envs\FLlearner\lib\site-packages\urllib3\util\retry.py", line 515, in increment
    raise MaxRetryError(_pool, url, reason) from reason  # type: ignore[arg-type]
urllib3.exceptions.MaxRetryError: HTTPSConnectionPool(host='api.wandb.ai', port=443): Max retries exceeded with url: /graphql (Caused by ProxyError('Unable to connect to proxy', SSLError(SSLZeroReturnError(6, 'TLS/SSL connection has been closed (EOF) (_ssl.c:1131)'))))

During handling of the above exception, another exception occurred:

Traceback (most recent call last):
  File "d:\Anaconda\envs\FLlearner\lib\site-packages\wandb\sdk\lib\retry.py", line 131, in __call__
    result = self._call_fn(*args, **kwargs)
  File "d:\Anaconda\envs\FLlearner\lib\site-packages\wandb\sdk\internal\internal_api.py", line 369, in execute
    return self.client.execute(*args, **kwargs)  # type: ignore
  File "d:\Anaconda\envs\FLlearner\lib\site-packages\wandb\vendor\gql-0.2.0\wandb_gql\client.py", line 52, in execute
    result = self._get_result(document, *args, **kwargs)
  File "d:\Anaconda\envs\FLlearner\lib\site-packages\wandb\vendor\gql-0.2.0\wandb_gql\client.py", line 60, in _get_result
    return self.transport.execute(document, *args, **kwargs)
  File "d:\Anaconda\envs\FLlearner\lib\site-packages\wandb\sdk\lib\gql_request.py", line 58, in execute
    request = self.session.post(self.url, **post_args)
  File "d:\Anaconda\envs\FLlearner\lib\site-packages\requests\sessions.py", line 637, in post
    return self.request("POST", url, data=data, json=json, **kwargs)
  File "d:\Anaconda\envs\FLlearner\lib\site-packages\requests\sessions.py", line 589, in request
    resp = self.send(prep, **send_kwargs)
  File "d:\Anaconda\envs\FLlearner\lib\site-packages\requests\sessions.py", line 703, in send
    r = adapter.send(request, **kwargs)
  File "d:\Anaconda\envs\FLlearner\lib\site-packages\requests\adapters.py", line 513, in send
    raise ProxyError(e, request=request)
requests.exceptions.ProxyError: HTTPSConnectionPool(host='api.wandb.ai', port=443): Max retries exceeded with url: /graphql (Caused by ProxyError('Unable to connect to proxy', SSLError(SSLZeroReturnError(6, 'TLS/SSL connection has been closed (EOF) (_ssl.c:1131)'))))
2024-05-02 21:42:55,220 DEBUG   HandlerThread:41768 [handler.py:handle_request():146] handle_request: keepalive
2024-05-02 21:42:58,692 WARNING FileStreamThread:41768 [file_stream.py:request_with_retry():687] requests_with_retry encountered retryable exception: HTTPSConnectionPool(host='api.wandb.ai', port=443): Max retries exceeded with url: /files/federated_learningg/federated_learningg/80ncpobs/file_stream (Caused by ProxyError('Unable to connect to proxy', SSLError(SSLZeroReturnError(6, 'TLS/SSL connection has been closed (EOF) (_ssl.c:1131)')))). func: functools.partial(<bound method Session.post of <requests.sessions.Session object at 0x000001F66EAA57C0>>, timeout=180.0), args: ('https://api.wandb.ai/files/federated_learningg/federated_learningg/80ncpobs/file_stream',), kwargs: {'json': {'files': {'output.log': {'offset': 8, 'content': ['ERROR 2024-05-02T13:42:32.030306  67%|                                               | 4/6 [00:35<00:20, 10.02s/it]\n']}}, 'dropped': 0}}
2024-05-02 21:43:00,251 DEBUG   HandlerThread:41768 [handler.py:handle_request():146] handle_request: keepalive
2024-05-02 21:43:05,174 DEBUG   HandlerThread:41768 [handler.py:handle_request():146] handle_request: internal_messages
2024-05-02 21:43:10,339 DEBUG   HandlerThread:41768 [handler.py:handle_request():146] handle_request: keepalive
2024-05-02 21:43:15,383 DEBUG   HandlerThread:41768 [handler.py:handle_request():146] handle_request: keepalive
2024-05-02 21:43:18,899 WARNING FileStreamThread:41768 [file_stream.py:request_with_retry():687] requests_with_retry encountered retryable exception: HTTPSConnectionPool(host='api.wandb.ai', port=443): Max retries exceeded with url: /files/federated_learningg/federated_learningg/80ncpobs/file_stream (Caused by ProxyError('Unable to connect to proxy', SSLError(SSLZeroReturnError(6, 'TLS/SSL connection has been closed (EOF) (_ssl.c:1131)')))). func: functools.partial(<bound method Session.post of <requests.sessions.Session object at 0x000001F66EAA57C0>>, timeout=180.0), args: ('https://api.wandb.ai/files/federated_learningg/federated_learningg/80ncpobs/file_stream',), kwargs: {'json': {'files': {'output.log': {'offset': 8, 'content': ['ERROR 2024-05-02T13:42:32.030306  67%|                                               | 4/6 [00:35<00:20, 10.02s/it]\n']}}, 'dropped': 0}}
2024-05-02 21:43:20,187 DEBUG   HandlerThread:41768 [handler.py:handle_request():146] handle_request: internal_messages
2024-05-02 21:43:25,439 DEBUG   HandlerThread:41768 [handler.py:handle_request():146] handle_request: keepalive
2024-05-02 21:43:30,480 DEBUG   HandlerThread:41768 [handler.py:handle_request():146] handle_request: keepalive
2024-05-02 21:43:35,194 DEBUG   HandlerThread:41768 [handler.py:handle_request():146] handle_request: internal_messages
2024-05-02 21:43:40,573 DEBUG   HandlerThread:41768 [handler.py:handle_request():146] handle_request: keepalive
2024-05-02 21:43:45,609 DEBUG   HandlerThread:41768 [handler.py:handle_request():146] handle_request: keepalive
2024-05-02 21:43:50,205 DEBUG   HandlerThread:41768 [handler.py:handle_request():146] handle_request: internal_messages
2024-05-02 21:43:54,555 WARNING FileStreamThread:41768 [file_stream.py:request_with_retry():687] requests_with_retry encountered retryable exception: HTTPSConnectionPool(host='api.wandb.ai', port=443): Max retries exceeded with url: /files/federated_learningg/federated_learningg/80ncpobs/file_stream (Caused by ProxyError('Unable to connect to proxy', SSLError(SSLZeroReturnError(6, 'TLS/SSL connection has been closed (EOF) (_ssl.c:1131)')))). func: functools.partial(<bound method Session.post of <requests.sessions.Session object at 0x000001F66EAA57C0>>, timeout=180.0), args: ('https://api.wandb.ai/files/federated_learningg/federated_learningg/80ncpobs/file_stream',), kwargs: {'json': {'files': {'output.log': {'offset': 8, 'content': ['ERROR 2024-05-02T13:42:32.030306  67%|                                               | 4/6 [00:35<00:20, 10.02s/it]\n']}}, 'dropped': 0}}
2024-05-02 21:43:55,707 DEBUG   HandlerThread:41768 [handler.py:handle_request():146] handle_request: keepalive
2024-05-02 21:44:00,765 DEBUG   HandlerThread:41768 [handler.py:handle_request():146] handle_request: keepalive
2024-05-02 21:44:04,918 ERROR   wandb-upload_0:41768 [internal_api.py:upload_file():2767] upload_file exception https://storage.googleapis.com/wandb-production.appspot.com/federated_learningg/federated_learningg/80ncpobs/wandb-metadata.json?Expires=1714743694&GoogleAccessId=gorilla-files-url-signer-man%40wandb-production.iam.gserviceaccount.com&Signature=FLmP7o9Pt8K9lOkwvpaqR%2BMFojOYfWV6T597Zq3bJMs84s%2F%2Fay34bo7YHpie6EySb75xNWChrvRFx5DSlgNkR%2FgbJrNTHmTnVHlndy8Yo3YN9oApWoRfYMxsp%2BL3YfQazm3tlY87K11gMpkZeWiNpaodJJMGIhnqhfbg0sGj2smrcserEaJpA6YyQnzFtWlxDDQaCjSp4jSsZYRNBxB7%2BGdHCplfcedgLRrHdCXDhaiJwEtbkwsN6h24m9fdn4rzZiSta9LkaQC8vOLHaxGeQi7Lwh59dya6KkXDT3kXNhQM0W4NE6xR0TJiW7s853s7P0Aqi2y01H%2Fnph3P2Ndc5w%3D%3D: HTTPSConnectionPool(host='storage.googleapis.com', port=443): Max retries exceeded with url: /wandb-production.appspot.com/federated_learningg/federated_learningg/80ncpobs/wandb-metadata.json?Expires=1714743694&GoogleAccessId=gorilla-files-url-signer-man%40wandb-production.iam.gserviceaccount.com&Signature=FLmP7o9Pt8K9lOkwvpaqR%2BMFojOYfWV6T597Zq3bJMs84s%2F%2Fay34bo7YHpie6EySb75xNWChrvRFx5DSlgNkR%2FgbJrNTHmTnVHlndy8Yo3YN9oApWoRfYMxsp%2BL3YfQazm3tlY87K11gMpkZeWiNpaodJJMGIhnqhfbg0sGj2smrcserEaJpA6YyQnzFtWlxDDQaCjSp4jSsZYRNBxB7%2BGdHCplfcedgLRrHdCXDhaiJwEtbkwsN6h24m9fdn4rzZiSta9LkaQC8vOLHaxGeQi7Lwh59dya6KkXDT3kXNhQM0W4NE6xR0TJiW7s853s7P0Aqi2y01H%2Fnph3P2Ndc5w%3D%3D (Caused by ProxyError('Unable to connect to proxy', SSLError(SSLZeroReturnError(6, 'TLS/SSL connection has been closed (EOF) (_ssl.c:1131)'))))
2024-05-02 21:44:04,918 ERROR   wandb-upload_0:41768 [internal_api.py:upload_file():2769] upload_file request headers: {'User-Agent': 'python-requests/2.31.0', 'Accept-Encoding': 'gzip, deflate, br', 'Accept': '*/*', 'Connection': 'keep-alive', 'Content-Length': '1540'}
2024-05-02 21:44:04,918 ERROR   wandb-upload_0:41768 [internal_api.py:upload_file():2771] upload_file response body: 
2024-05-02 21:44:05,219 DEBUG   HandlerThread:41768 [handler.py:handle_request():146] handle_request: internal_messages
2024-05-02 21:44:10,876 DEBUG   HandlerThread:41768 [handler.py:handle_request():146] handle_request: keepalive
2024-05-02 21:44:15,927 DEBUG   HandlerThread:41768 [handler.py:handle_request():146] handle_request: keepalive
2024-05-02 21:44:20,229 DEBUG   HandlerThread:41768 [handler.py:handle_request():146] handle_request: internal_messages
2024-05-02 21:44:26,036 DEBUG   HandlerThread:41768 [handler.py:handle_request():146] handle_request: keepalive
2024-05-02 21:44:31,086 DEBUG   HandlerThread:41768 [handler.py:handle_request():146] handle_request: keepalive
2024-05-02 21:44:35,231 DEBUG   HandlerThread:41768 [handler.py:handle_request():146] handle_request: internal_messages
2024-05-02 21:44:41,190 DEBUG   HandlerThread:41768 [handler.py:handle_request():146] handle_request: keepalive
2024-05-02 21:44:46,233 DEBUG   HandlerThread:41768 [handler.py:handle_request():146] handle_request: keepalive
2024-05-02 21:44:50,227 DEBUG   HandlerThread:41768 [handler.py:handle_request():146] handle_request: internal_messages
2024-05-02 21:44:55,311 DEBUG   HandlerThread:41768 [handler.py:handle_request():146] handle_request: keepalive
2024-05-02 21:44:59,780 WARNING FileStreamThread:41768 [file_stream.py:request_with_retry():687] requests_with_retry encountered retryable exception: HTTPSConnectionPool(host='api.wandb.ai', port=443): Max retries exceeded with url: /files/federated_learningg/federated_learningg/80ncpobs/file_stream (Caused by ProxyError('Unable to connect to proxy', SSLError(SSLZeroReturnError(6, 'TLS/SSL connection has been closed (EOF) (_ssl.c:1131)')))). func: functools.partial(<bound method Session.post of <requests.sessions.Session object at 0x000001F66EAA57C0>>, timeout=180.0), args: ('https://api.wandb.ai/files/federated_learningg/federated_learningg/80ncpobs/file_stream',), kwargs: {'json': {'files': {'output.log': {'offset': 8, 'content': ['ERROR 2024-05-02T13:42:32.030306  67%|                                               | 4/6 [00:35<00:20, 10.02s/it]\n']}}, 'dropped': 0}}
2024-05-02 21:45:00,357 DEBUG   HandlerThread:41768 [handler.py:handle_request():146] handle_request: keepalive
2024-05-02 21:45:05,235 DEBUG   HandlerThread:41768 [handler.py:handle_request():146] handle_request: internal_messages
2024-05-02 21:45:10,447 DEBUG   HandlerThread:41768 [handler.py:handle_request():146] handle_request: keepalive
2024-05-02 21:45:15,486 DEBUG   HandlerThread:41768 [handler.py:handle_request():146] handle_request: keepalive
2024-05-02 21:45:20,243 DEBUG   HandlerThread:41768 [handler.py:handle_request():146] handle_request: internal_messages
2024-05-02 21:45:25,570 DEBUG   HandlerThread:41768 [handler.py:handle_request():146] handle_request: keepalive
2024-05-02 21:45:30,607 DEBUG   HandlerThread:41768 [handler.py:handle_request():146] handle_request: keepalive
2024-05-02 21:45:35,254 DEBUG   HandlerThread:41768 [handler.py:handle_request():146] handle_request: internal_messages
2024-05-02 21:45:40,683 DEBUG   HandlerThread:41768 [handler.py:handle_request():146] handle_request: keepalive
2024-05-02 21:45:45,721 DEBUG   HandlerThread:41768 [handler.py:handle_request():146] handle_request: keepalive
2024-05-02 21:45:50,266 DEBUG   HandlerThread:41768 [handler.py:handle_request():146] handle_request: internal_messages
2024-05-02 21:45:55,809 DEBUG   HandlerThread:41768 [handler.py:handle_request():146] handle_request: keepalive
2024-05-02 21:46:00,863 DEBUG   HandlerThread:41768 [handler.py:handle_request():146] handle_request: keepalive
2024-05-02 21:46:05,278 DEBUG   HandlerThread:41768 [handler.py:handle_request():146] handle_request: internal_messages
2024-05-02 21:46:10,954 DEBUG   HandlerThread:41768 [handler.py:handle_request():146] handle_request: keepalive
2024-05-02 21:46:15,988 DEBUG   HandlerThread:41768 [handler.py:handle_request():146] handle_request: keepalive
2024-05-02 21:46:20,275 DEBUG   HandlerThread:41768 [handler.py:handle_request():146] handle_request: internal_messages
2024-05-02 21:46:26,067 DEBUG   HandlerThread:41768 [handler.py:handle_request():146] handle_request: keepalive
2024-05-02 21:46:31,112 DEBUG   HandlerThread:41768 [handler.py:handle_request():146] handle_request: keepalive
2024-05-02 21:46:33,913 ERROR   wandb-upload_0:41768 [internal_api.py:upload_file():2767] upload_file exception https://storage.googleapis.com/wandb-production.appspot.com/federated_learningg/federated_learningg/80ncpobs/wandb-metadata.json?Expires=1714743694&GoogleAccessId=gorilla-files-url-signer-man%40wandb-production.iam.gserviceaccount.com&Signature=FLmP7o9Pt8K9lOkwvpaqR%2BMFojOYfWV6T597Zq3bJMs84s%2F%2Fay34bo7YHpie6EySb75xNWChrvRFx5DSlgNkR%2FgbJrNTHmTnVHlndy8Yo3YN9oApWoRfYMxsp%2BL3YfQazm3tlY87K11gMpkZeWiNpaodJJMGIhnqhfbg0sGj2smrcserEaJpA6YyQnzFtWlxDDQaCjSp4jSsZYRNBxB7%2BGdHCplfcedgLRrHdCXDhaiJwEtbkwsN6h24m9fdn4rzZiSta9LkaQC8vOLHaxGeQi7Lwh59dya6KkXDT3kXNhQM0W4NE6xR0TJiW7s853s7P0Aqi2y01H%2Fnph3P2Ndc5w%3D%3D: HTTPSConnectionPool(host='storage.googleapis.com', port=443): Max retries exceeded with url: /wandb-production.appspot.com/federated_learningg/federated_learningg/80ncpobs/wandb-metadata.json?Expires=1714743694&GoogleAccessId=gorilla-files-url-signer-man%40wandb-production.iam.gserviceaccount.com&Signature=FLmP7o9Pt8K9lOkwvpaqR%2BMFojOYfWV6T597Zq3bJMs84s%2F%2Fay34bo7YHpie6EySb75xNWChrvRFx5DSlgNkR%2FgbJrNTHmTnVHlndy8Yo3YN9oApWoRfYMxsp%2BL3YfQazm3tlY87K11gMpkZeWiNpaodJJMGIhnqhfbg0sGj2smrcserEaJpA6YyQnzFtWlxDDQaCjSp4jSsZYRNBxB7%2BGdHCplfcedgLRrHdCXDhaiJwEtbkwsN6h24m9fdn4rzZiSta9LkaQC8vOLHaxGeQi7Lwh59dya6KkXDT3kXNhQM0W4NE6xR0TJiW7s853s7P0Aqi2y01H%2Fnph3P2Ndc5w%3D%3D (Caused by ProxyError('Unable to connect to proxy', SSLError(SSLZeroReturnError(6, 'TLS/SSL connection has been closed (EOF) (_ssl.c:1131)'))))
2024-05-02 21:46:33,913 ERROR   wandb-upload_0:41768 [internal_api.py:upload_file():2769] upload_file request headers: {'User-Agent': 'python-requests/2.31.0', 'Accept-Encoding': 'gzip, deflate, br', 'Accept': '*/*', 'Connection': 'keep-alive', 'Content-Length': '1540'}
2024-05-02 21:46:33,913 ERROR   wandb-upload_0:41768 [internal_api.py:upload_file():2771] upload_file response body: 
2024-05-02 21:46:35,281 DEBUG   HandlerThread:41768 [handler.py:handle_request():146] handle_request: internal_messages
2024-05-02 21:46:41,205 DEBUG   HandlerThread:41768 [handler.py:handle_request():146] handle_request: keepalive
2024-05-02 21:46:46,257 DEBUG   HandlerThread:41768 [handler.py:handle_request():146] handle_request: keepalive
2024-05-02 21:46:50,293 DEBUG   HandlerThread:41768 [handler.py:handle_request():146] handle_request: internal_messages
2024-05-02 21:46:55,340 DEBUG   HandlerThread:41768 [handler.py:handle_request():146] handle_request: keepalive
2024-05-02 21:47:00,401 DEBUG   HandlerThread:41768 [handler.py:handle_request():146] handle_request: keepalive
2024-05-02 21:47:05,303 DEBUG   HandlerThread:41768 [handler.py:handle_request():146] handle_request: internal_messages
2024-05-02 21:47:10,514 DEBUG   HandlerThread:41768 [handler.py:handle_request():146] handle_request: keepalive
2024-05-02 21:47:15,569 DEBUG   HandlerThread:41768 [handler.py:handle_request():146] handle_request: keepalive
2024-05-02 21:47:20,318 DEBUG   HandlerThread:41768 [handler.py:handle_request():146] handle_request: internal_messages
2024-05-02 21:47:22,620 WARNING FileStreamThread:41768 [file_stream.py:request_with_retry():687] requests_with_retry encountered retryable exception: HTTPSConnectionPool(host='api.wandb.ai', port=443): Max retries exceeded with url: /files/federated_learningg/federated_learningg/80ncpobs/file_stream (Caused by ProxyError('Unable to connect to proxy', SSLError(SSLZeroReturnError(6, 'TLS/SSL connection has been closed (EOF) (_ssl.c:1131)')))). func: functools.partial(<bound method Session.post of <requests.sessions.Session object at 0x000001F66EAA57C0>>, timeout=180.0), args: ('https://api.wandb.ai/files/federated_learningg/federated_learningg/80ncpobs/file_stream',), kwargs: {'json': {'files': {'output.log': {'offset': 8, 'content': ['ERROR 2024-05-02T13:42:32.030306  67%|                                               | 4/6 [00:35<00:20, 10.02s/it]\n']}}, 'dropped': 0}}
2024-05-02 21:47:25,668 DEBUG   HandlerThread:41768 [handler.py:handle_request():146] handle_request: keepalive
2024-05-02 21:47:30,705 DEBUG   HandlerThread:41768 [handler.py:handle_request():146] handle_request: keepalive
2024-05-02 21:47:35,326 DEBUG   HandlerThread:41768 [handler.py:handle_request():146] handle_request: internal_messages
2024-05-02 21:47:40,782 DEBUG   HandlerThread:41768 [handler.py:handle_request():146] handle_request: keepalive
2024-05-02 21:47:45,822 DEBUG   HandlerThread:41768 [handler.py:handle_request():146] handle_request: keepalive
2024-05-02 21:47:50,338 DEBUG   HandlerThread:41768 [handler.py:handle_request():146] handle_request: internal_messages
2024-05-02 21:47:55,901 DEBUG   HandlerThread:41768 [handler.py:handle_request():146] handle_request: keepalive
2024-05-02 21:48:00,938 DEBUG   HandlerThread:41768 [handler.py:handle_request():146] handle_request: keepalive
2024-05-02 21:48:05,347 DEBUG   HandlerThread:41768 [handler.py:handle_request():146] handle_request: internal_messages
2024-05-02 21:48:11,044 DEBUG   HandlerThread:41768 [handler.py:handle_request():146] handle_request: keepalive
2024-05-02 21:48:16,093 DEBUG   HandlerThread:41768 [handler.py:handle_request():146] handle_request: keepalive
2024-05-02 21:48:20,349 DEBUG   HandlerThread:41768 [handler.py:handle_request():146] handle_request: internal_messages
2024-05-02 21:48:26,186 DEBUG   HandlerThread:41768 [handler.py:handle_request():146] handle_request: keepalive
2024-05-02 21:48:31,227 DEBUG   HandlerThread:41768 [handler.py:handle_request():146] handle_request: keepalive
2024-05-02 21:48:35,365 DEBUG   HandlerThread:41768 [handler.py:handle_request():146] handle_request: internal_messages
2024-05-02 21:48:41,311 DEBUG   HandlerThread:41768 [handler.py:handle_request():146] handle_request: keepalive
2024-05-02 21:48:46,357 DEBUG   HandlerThread:41768 [handler.py:handle_request():146] handle_request: keepalive
2024-05-02 21:48:50,370 DEBUG   HandlerThread:41768 [handler.py:handle_request():146] handle_request: internal_messages
2024-05-02 21:48:55,455 DEBUG   HandlerThread:41768 [handler.py:handle_request():146] handle_request: keepalive
2024-05-02 21:49:00,508 DEBUG   HandlerThread:41768 [handler.py:handle_request():146] handle_request: keepalive
2024-05-02 21:49:05,374 DEBUG   HandlerThread:41768 [handler.py:handle_request():146] handle_request: internal_messages
2024-05-02 21:49:10,599 DEBUG   HandlerThread:41768 [handler.py:handle_request():146] handle_request: keepalive
2024-05-02 21:49:15,660 DEBUG   HandlerThread:41768 [handler.py:handle_request():146] handle_request: keepalive
2024-05-02 21:49:20,374 DEBUG   HandlerThread:41768 [handler.py:handle_request():146] handle_request: internal_messages
2024-05-02 21:49:25,750 DEBUG   HandlerThread:41768 [handler.py:handle_request():146] handle_request: keepalive
2024-05-02 21:49:30,808 DEBUG   HandlerThread:41768 [handler.py:handle_request():146] handle_request: keepalive
2024-05-02 21:49:35,386 DEBUG   HandlerThread:41768 [handler.py:handle_request():146] handle_request: internal_messages
2024-05-02 21:49:40,890 DEBUG   HandlerThread:41768 [handler.py:handle_request():146] handle_request: keepalive
2024-05-02 21:49:45,932 DEBUG   HandlerThread:41768 [handler.py:handle_request():146] handle_request: keepalive
2024-05-02 21:49:50,388 DEBUG   HandlerThread:41768 [handler.py:handle_request():146] handle_request: internal_messages
2024-05-02 21:49:56,024 DEBUG   HandlerThread:41768 [handler.py:handle_request():146] handle_request: keepalive
2024-05-02 21:50:01,074 DEBUG   HandlerThread:41768 [handler.py:handle_request():146] handle_request: keepalive
2024-05-02 21:50:05,400 DEBUG   HandlerThread:41768 [handler.py:handle_request():146] handle_request: internal_messages
2024-05-02 21:50:11,173 DEBUG   HandlerThread:41768 [handler.py:handle_request():146] handle_request: keepalive
2024-05-02 21:50:16,227 DEBUG   HandlerThread:41768 [handler.py:handle_request():146] handle_request: keepalive
2024-05-02 21:50:20,408 DEBUG   HandlerThread:41768 [handler.py:handle_request():146] handle_request: internal_messages
2024-05-02 21:50:26,322 DEBUG   HandlerThread:41768 [handler.py:handle_request():146] handle_request: keepalive
2024-05-02 21:50:31,376 DEBUG   HandlerThread:41768 [handler.py:handle_request():146] handle_request: keepalive
2024-05-02 21:50:35,421 DEBUG   HandlerThread:41768 [handler.py:handle_request():146] handle_request: internal_messages
2024-05-02 21:50:40,477 DEBUG   HandlerThread:41768 [handler.py:handle_request():146] handle_request: keepalive
2024-05-02 21:50:45,521 DEBUG   HandlerThread:41768 [handler.py:handle_request():146] handle_request: keepalive
2024-05-02 21:50:50,437 DEBUG   HandlerThread:41768 [handler.py:handle_request():146] handle_request: internal_messages
2024-05-02 21:50:55,632 DEBUG   HandlerThread:41768 [handler.py:handle_request():146] handle_request: keepalive
2024-05-02 21:51:00,662 DEBUG   HandlerThread:41768 [handler.py:handle_request():146] handle_request: keepalive
2024-05-02 21:51:01,651 ERROR   wandb-upload_0:41768 [internal_api.py:upload_file():2767] upload_file exception https://storage.googleapis.com/wandb-production.appspot.com/federated_learningg/federated_learningg/80ncpobs/wandb-metadata.json?Expires=1714743694&GoogleAccessId=gorilla-files-url-signer-man%40wandb-production.iam.gserviceaccount.com&Signature=FLmP7o9Pt8K9lOkwvpaqR%2BMFojOYfWV6T597Zq3bJMs84s%2F%2Fay34bo7YHpie6EySb75xNWChrvRFx5DSlgNkR%2FgbJrNTHmTnVHlndy8Yo3YN9oApWoRfYMxsp%2BL3YfQazm3tlY87K11gMpkZeWiNpaodJJMGIhnqhfbg0sGj2smrcserEaJpA6YyQnzFtWlxDDQaCjSp4jSsZYRNBxB7%2BGdHCplfcedgLRrHdCXDhaiJwEtbkwsN6h24m9fdn4rzZiSta9LkaQC8vOLHaxGeQi7Lwh59dya6KkXDT3kXNhQM0W4NE6xR0TJiW7s853s7P0Aqi2y01H%2Fnph3P2Ndc5w%3D%3D: HTTPSConnectionPool(host='storage.googleapis.com', port=443): Max retries exceeded with url: /wandb-production.appspot.com/federated_learningg/federated_learningg/80ncpobs/wandb-metadata.json?Expires=1714743694&GoogleAccessId=gorilla-files-url-signer-man%40wandb-production.iam.gserviceaccount.com&Signature=FLmP7o9Pt8K9lOkwvpaqR%2BMFojOYfWV6T597Zq3bJMs84s%2F%2Fay34bo7YHpie6EySb75xNWChrvRFx5DSlgNkR%2FgbJrNTHmTnVHlndy8Yo3YN9oApWoRfYMxsp%2BL3YfQazm3tlY87K11gMpkZeWiNpaodJJMGIhnqhfbg0sGj2smrcserEaJpA6YyQnzFtWlxDDQaCjSp4jSsZYRNBxB7%2BGdHCplfcedgLRrHdCXDhaiJwEtbkwsN6h24m9fdn4rzZiSta9LkaQC8vOLHaxGeQi7Lwh59dya6KkXDT3kXNhQM0W4NE6xR0TJiW7s853s7P0Aqi2y01H%2Fnph3P2Ndc5w%3D%3D (Caused by ProxyError('Unable to connect to proxy', SSLError(SSLZeroReturnError(6, 'TLS/SSL connection has been closed (EOF) (_ssl.c:1131)'))))
2024-05-02 21:51:01,651 ERROR   wandb-upload_0:41768 [internal_api.py:upload_file():2769] upload_file request headers: {'User-Agent': 'python-requests/2.31.0', 'Accept-Encoding': 'gzip, deflate, br', 'Accept': '*/*', 'Connection': 'keep-alive', 'Content-Length': '1540'}
2024-05-02 21:51:01,651 ERROR   wandb-upload_0:41768 [internal_api.py:upload_file():2771] upload_file response body: 
2024-05-02 21:51:05,448 DEBUG   HandlerThread:41768 [handler.py:handle_request():146] handle_request: internal_messages
2024-05-02 21:51:10,784 DEBUG   HandlerThread:41768 [handler.py:handle_request():146] handle_request: keepalive
2024-05-02 21:51:15,840 DEBUG   HandlerThread:41768 [handler.py:handle_request():146] handle_request: keepalive
2024-05-02 21:51:20,456 DEBUG   HandlerThread:41768 [handler.py:handle_request():146] handle_request: internal_messages
2024-05-02 21:51:25,903 DEBUG   HandlerThread:41768 [handler.py:handle_request():146] handle_request: keepalive
2024-05-02 21:51:30,941 DEBUG   HandlerThread:41768 [handler.py:handle_request():146] handle_request: keepalive
2024-05-02 21:51:35,464 DEBUG   HandlerThread:41768 [handler.py:handle_request():146] handle_request: internal_messages
2024-05-02 21:51:41,008 DEBUG   HandlerThread:41768 [handler.py:handle_request():146] handle_request: keepalive
2024-05-02 21:51:46,047 DEBUG   HandlerThread:41768 [handler.py:handle_request():146] handle_request: keepalive
2024-05-02 21:51:50,468 DEBUG   HandlerThread:41768 [handler.py:handle_request():146] handle_request: internal_messages
2024-05-02 21:51:55,756 WARNING FileStreamThread:41768 [file_stream.py:request_with_retry():687] requests_with_retry encountered retryable exception: HTTPSConnectionPool(host='api.wandb.ai', port=443): Max retries exceeded with url: /files/federated_learningg/federated_learningg/80ncpobs/file_stream (Caused by ProxyError('Unable to connect to proxy', SSLError(SSLZeroReturnError(6, 'TLS/SSL connection has been closed (EOF) (_ssl.c:1131)')))). func: functools.partial(<bound method Session.post of <requests.sessions.Session object at 0x000001F66EAA57C0>>, timeout=180.0), args: ('https://api.wandb.ai/files/federated_learningg/federated_learningg/80ncpobs/file_stream',), kwargs: {'json': {'files': {'output.log': {'offset': 8, 'content': ['ERROR 2024-05-02T13:42:32.030306  67%|                                               | 4/6 [00:35<00:20, 10.02s/it]\n']}}, 'dropped': 0}}
2024-05-02 21:51:56,124 DEBUG   HandlerThread:41768 [handler.py:handle_request():146] handle_request: keepalive
2024-05-02 21:52:01,168 DEBUG   HandlerThread:41768 [handler.py:handle_request():146] handle_request: keepalive
2024-05-02 21:52:05,473 DEBUG   HandlerThread:41768 [handler.py:handle_request():146] handle_request: internal_messages
2024-05-02 21:52:11,243 DEBUG   HandlerThread:41768 [handler.py:handle_request():146] handle_request: keepalive
2024-05-02 21:52:16,279 DEBUG   HandlerThread:41768 [handler.py:handle_request():146] handle_request: keepalive
2024-05-02 21:52:20,480 DEBUG   HandlerThread:41768 [handler.py:handle_request():146] handle_request: internal_messages
2024-05-02 21:52:26,359 DEBUG   HandlerThread:41768 [handler.py:handle_request():146] handle_request: keepalive
2024-05-02 21:52:31,395 DEBUG   HandlerThread:41768 [handler.py:handle_request():146] handle_request: keepalive
2024-05-02 21:52:35,472 DEBUG   HandlerThread:41768 [handler.py:handle_request():146] handle_request: internal_messages
2024-05-02 21:52:41,468 DEBUG   HandlerThread:41768 [handler.py:handle_request():146] handle_request: keepalive
2024-05-02 21:52:46,506 DEBUG   HandlerThread:41768 [handler.py:handle_request():146] handle_request: keepalive
2024-05-02 21:52:50,474 DEBUG   HandlerThread:41768 [handler.py:handle_request():146] handle_request: internal_messages
2024-05-02 21:52:55,575 DEBUG   HandlerThread:41768 [handler.py:handle_request():146] handle_request: keepalive
2024-05-02 21:53:00,612 DEBUG   HandlerThread:41768 [handler.py:handle_request():146] handle_request: keepalive
2024-05-02 21:53:05,487 DEBUG   HandlerThread:41768 [handler.py:handle_request():146] handle_request: internal_messages
2024-05-02 21:53:10,703 DEBUG   HandlerThread:41768 [handler.py:handle_request():146] handle_request: keepalive
2024-05-02 21:53:15,747 DEBUG   HandlerThread:41768 [handler.py:handle_request():146] handle_request: keepalive
2024-05-02 21:53:20,492 DEBUG   HandlerThread:41768 [handler.py:handle_request():146] handle_request: internal_messages
2024-05-02 21:53:25,831 DEBUG   HandlerThread:41768 [handler.py:handle_request():146] handle_request: keepalive
2024-05-02 21:53:30,873 DEBUG   HandlerThread:41768 [handler.py:handle_request():146] handle_request: keepalive
2024-05-02 21:53:35,506 DEBUG   HandlerThread:41768 [handler.py:handle_request():146] handle_request: internal_messages
2024-05-02 21:53:40,956 DEBUG   HandlerThread:41768 [handler.py:handle_request():146] handle_request: keepalive
2024-05-02 21:53:45,998 DEBUG   HandlerThread:41768 [handler.py:handle_request():146] handle_request: keepalive
2024-05-02 21:53:50,517 DEBUG   HandlerThread:41768 [handler.py:handle_request():146] handle_request: internal_messages
2024-05-02 21:53:56,082 DEBUG   HandlerThread:41768 [handler.py:handle_request():146] handle_request: keepalive
2024-05-02 21:54:01,121 DEBUG   HandlerThread:41768 [handler.py:handle_request():146] handle_request: keepalive
2024-05-02 21:54:05,520 DEBUG   HandlerThread:41768 [handler.py:handle_request():146] handle_request: internal_messages
2024-05-02 21:54:11,214 DEBUG   HandlerThread:41768 [handler.py:handle_request():146] handle_request: keepalive
2024-05-02 21:54:16,256 DEBUG   HandlerThread:41768 [handler.py:handle_request():146] handle_request: keepalive
2024-05-02 21:54:20,533 DEBUG   HandlerThread:41768 [handler.py:handle_request():146] handle_request: internal_messages
2024-05-02 21:54:26,349 DEBUG   HandlerThread:41768 [handler.py:handle_request():146] handle_request: keepalive
2024-05-02 21:54:31,391 DEBUG   HandlerThread:41768 [handler.py:handle_request():146] handle_request: keepalive
2024-05-02 21:54:35,550 DEBUG   HandlerThread:41768 [handler.py:handle_request():146] handle_request: internal_messages
2024-05-02 21:54:41,485 DEBUG   HandlerThread:41768 [handler.py:handle_request():146] handle_request: keepalive
2024-05-02 21:54:46,521 DEBUG   HandlerThread:41768 [handler.py:handle_request():146] handle_request: keepalive
2024-05-02 21:54:50,567 DEBUG   HandlerThread:41768 [handler.py:handle_request():146] handle_request: internal_messages
2024-05-02 21:54:55,631 DEBUG   HandlerThread:41768 [handler.py:handle_request():146] handle_request: keepalive
2024-05-02 21:55:00,677 DEBUG   HandlerThread:41768 [handler.py:handle_request():146] handle_request: keepalive
2024-05-02 21:55:05,573 DEBUG   HandlerThread:41768 [handler.py:handle_request():146] handle_request: internal_messages
2024-05-02 21:55:10,762 DEBUG   HandlerThread:41768 [handler.py:handle_request():146] handle_request: keepalive
2024-05-02 21:55:15,805 DEBUG   HandlerThread:41768 [handler.py:handle_request():146] handle_request: keepalive
2024-05-02 21:55:20,565 DEBUG   HandlerThread:41768 [handler.py:handle_request():146] handle_request: internal_messages
2024-05-02 21:55:25,885 DEBUG   HandlerThread:41768 [handler.py:handle_request():146] handle_request: keepalive
2024-05-02 21:55:30,913 DEBUG   HandlerThread:41768 [handler.py:handle_request():146] handle_request: keepalive
2024-05-02 21:55:35,573 DEBUG   HandlerThread:41768 [handler.py:handle_request():146] handle_request: internal_messages
2024-05-02 21:55:40,979 DEBUG   HandlerThread:41768 [handler.py:handle_request():146] handle_request: keepalive
2024-05-02 21:55:46,015 DEBUG   HandlerThread:41768 [handler.py:handle_request():146] handle_request: keepalive
2024-05-02 21:55:50,576 DEBUG   HandlerThread:41768 [handler.py:handle_request():146] handle_request: internal_messages
2024-05-02 21:55:56,095 DEBUG   HandlerThread:41768 [handler.py:handle_request():146] handle_request: keepalive
2024-05-02 21:56:01,135 DEBUG   HandlerThread:41768 [handler.py:handle_request():146] handle_request: keepalive
2024-05-02 21:56:05,588 DEBUG   HandlerThread:41768 [handler.py:handle_request():146] handle_request: internal_messages
2024-05-02 21:56:11,213 DEBUG   HandlerThread:41768 [handler.py:handle_request():146] handle_request: keepalive
2024-05-02 21:56:16,250 DEBUG   HandlerThread:41768 [handler.py:handle_request():146] handle_request: keepalive
2024-05-02 21:56:20,591 DEBUG   HandlerThread:41768 [handler.py:handle_request():146] handle_request: internal_messages
2024-05-02 21:56:26,336 DEBUG   HandlerThread:41768 [handler.py:handle_request():146] handle_request: keepalive
2024-05-02 21:56:31,374 DEBUG   HandlerThread:41768 [handler.py:handle_request():146] handle_request: keepalive
2024-05-02 21:56:35,588 DEBUG   HandlerThread:41768 [handler.py:handle_request():146] handle_request: internal_messages
2024-05-02 21:56:41,453 DEBUG   HandlerThread:41768 [handler.py:handle_request():146] handle_request: keepalive
2024-05-02 21:56:46,495 DEBUG   HandlerThread:41768 [handler.py:handle_request():146] handle_request: keepalive
2024-05-02 21:56:50,603 DEBUG   HandlerThread:41768 [handler.py:handle_request():146] handle_request: internal_messages
2024-05-02 21:56:54,552 ERROR   wandb-upload_0:41768 [internal_api.py:upload_file():2767] upload_file exception https://storage.googleapis.com/wandb-production.appspot.com/federated_learningg/federated_learningg/80ncpobs/wandb-metadata.json?Expires=1714743694&GoogleAccessId=gorilla-files-url-signer-man%40wandb-production.iam.gserviceaccount.com&Signature=FLmP7o9Pt8K9lOkwvpaqR%2BMFojOYfWV6T597Zq3bJMs84s%2F%2Fay34bo7YHpie6EySb75xNWChrvRFx5DSlgNkR%2FgbJrNTHmTnVHlndy8Yo3YN9oApWoRfYMxsp%2BL3YfQazm3tlY87K11gMpkZeWiNpaodJJMGIhnqhfbg0sGj2smrcserEaJpA6YyQnzFtWlxDDQaCjSp4jSsZYRNBxB7%2BGdHCplfcedgLRrHdCXDhaiJwEtbkwsN6h24m9fdn4rzZiSta9LkaQC8vOLHaxGeQi7Lwh59dya6KkXDT3kXNhQM0W4NE6xR0TJiW7s853s7P0Aqi2y01H%2Fnph3P2Ndc5w%3D%3D: HTTPSConnectionPool(host='storage.googleapis.com', port=443): Max retries exceeded with url: /wandb-production.appspot.com/federated_learningg/federated_learningg/80ncpobs/wandb-metadata.json?Expires=1714743694&GoogleAccessId=gorilla-files-url-signer-man%40wandb-production.iam.gserviceaccount.com&Signature=FLmP7o9Pt8K9lOkwvpaqR%2BMFojOYfWV6T597Zq3bJMs84s%2F%2Fay34bo7YHpie6EySb75xNWChrvRFx5DSlgNkR%2FgbJrNTHmTnVHlndy8Yo3YN9oApWoRfYMxsp%2BL3YfQazm3tlY87K11gMpkZeWiNpaodJJMGIhnqhfbg0sGj2smrcserEaJpA6YyQnzFtWlxDDQaCjSp4jSsZYRNBxB7%2BGdHCplfcedgLRrHdCXDhaiJwEtbkwsN6h24m9fdn4rzZiSta9LkaQC8vOLHaxGeQi7Lwh59dya6KkXDT3kXNhQM0W4NE6xR0TJiW7s853s7P0Aqi2y01H%2Fnph3P2Ndc5w%3D%3D (Caused by ProxyError('Unable to connect to proxy', SSLError(SSLZeroReturnError(6, 'TLS/SSL connection has been closed (EOF) (_ssl.c:1131)'))))
2024-05-02 21:56:54,552 ERROR   wandb-upload_0:41768 [internal_api.py:upload_file():2769] upload_file request headers: {'User-Agent': 'python-requests/2.31.0', 'Accept-Encoding': 'gzip, deflate, br', 'Accept': '*/*', 'Connection': 'keep-alive', 'Content-Length': '1540'}
2024-05-02 21:56:54,552 ERROR   wandb-upload_0:41768 [internal_api.py:upload_file():2771] upload_file response body: 
2024-05-02 21:56:56,577 DEBUG   HandlerThread:41768 [handler.py:handle_request():146] handle_request: keepalive
2024-05-02 21:57:01,616 DEBUG   HandlerThread:41768 [handler.py:handle_request():146] handle_request: keepalive
2024-05-02 21:57:05,620 DEBUG   HandlerThread:41768 [handler.py:handle_request():146] handle_request: internal_messages
2024-05-02 21:57:10,686 DEBUG   HandlerThread:41768 [handler.py:handle_request():146] handle_request: keepalive
2024-05-02 21:57:15,727 DEBUG   HandlerThread:41768 [handler.py:handle_request():146] handle_request: keepalive
2024-05-02 21:57:20,632 DEBUG   HandlerThread:41768 [handler.py:handle_request():146] handle_request: internal_messages
2024-05-02 21:57:25,802 DEBUG   HandlerThread:41768 [handler.py:handle_request():146] handle_request: keepalive
2024-05-02 21:57:30,846 DEBUG   HandlerThread:41768 [handler.py:handle_request():146] handle_request: keepalive
2024-05-02 21:57:35,646 DEBUG   HandlerThread:41768 [handler.py:handle_request():146] handle_request: internal_messages
