2024-05-02 20:22:36,284 INFO    StreamThr :41268 [internal.py:wandb_internal():86] W&B internal server running at pid: 41268, started at: 2024-05-02 20:22:36.283302
2024-05-02 20:22:36,285 DEBUG   HandlerThread:41268 [handler.py:handle_request():146] handle_request: status
2024-05-02 20:22:36,288 INFO    WriterThread:41268 [datastore.py:open_for_write():87] open: E:\Projects\Non-IID-Robust-Federated-Learning-Algorithms\wandb\run-20240502_202236-zwmwtngu\run-zwmwtngu.wandb
2024-05-02 20:22:36,290 DEBUG   SenderThread:41268 [sender.py:send():379] send: header
2024-05-02 20:22:36,323 DEBUG   SenderThread:41268 [sender.py:send():379] send: run
2024-05-02 20:22:40,395 INFO    SenderThread:41268 [retry.py:__call__():172] Retry attempt failed:
urllib3.exceptions.SSLError: TLS/SSL connection has been closed (EOF) (_ssl.c:1131)

The above exception was the direct cause of the following exception:

urllib3.exceptions.ProxyError: ('Unable to connect to proxy', SSLError(SSLZeroReturnError(6, 'TLS/SSL connection has been closed (EOF) (_ssl.c:1131)')))

The above exception was the direct cause of the following exception:

Traceback (most recent call last):
  File "D:\Anaconda\envs\FLlearner\lib\site-packages\requests\adapters.py", line 486, in send
    resp = conn.urlopen(
  File "D:\Anaconda\envs\FLlearner\lib\site-packages\urllib3\connectionpool.py", line 844, in urlopen
    retries = retries.increment(
  File "D:\Anaconda\envs\FLlearner\lib\site-packages\urllib3\util\retry.py", line 515, in increment
    raise MaxRetryError(_pool, url, reason) from reason  # type: ignore[arg-type]
urllib3.exceptions.MaxRetryError: HTTPSConnectionPool(host='api.wandb.ai', port=443): Max retries exceeded with url: /graphql (Caused by ProxyError('Unable to connect to proxy', SSLError(SSLZeroReturnError(6, 'TLS/SSL connection has been closed (EOF) (_ssl.c:1131)'))))

During handling of the above exception, another exception occurred:

Traceback (most recent call last):
  File "D:\Anaconda\envs\FLlearner\lib\site-packages\wandb\sdk\lib\retry.py", line 131, in __call__
    result = self._call_fn(*args, **kwargs)
  File "D:\Anaconda\envs\FLlearner\lib\site-packages\wandb\sdk\internal\internal_api.py", line 369, in execute
    return self.client.execute(*args, **kwargs)  # type: ignore
  File "D:\Anaconda\envs\FLlearner\lib\site-packages\wandb\vendor\gql-0.2.0\wandb_gql\client.py", line 52, in execute
    result = self._get_result(document, *args, **kwargs)
  File "D:\Anaconda\envs\FLlearner\lib\site-packages\wandb\vendor\gql-0.2.0\wandb_gql\client.py", line 60, in _get_result
    return self.transport.execute(document, *args, **kwargs)
  File "D:\Anaconda\envs\FLlearner\lib\site-packages\wandb\sdk\lib\gql_request.py", line 58, in execute
    request = self.session.post(self.url, **post_args)
  File "D:\Anaconda\envs\FLlearner\lib\site-packages\requests\sessions.py", line 637, in post
    return self.request("POST", url, data=data, json=json, **kwargs)
  File "D:\Anaconda\envs\FLlearner\lib\site-packages\requests\sessions.py", line 589, in request
    resp = self.send(prep, **send_kwargs)
  File "D:\Anaconda\envs\FLlearner\lib\site-packages\requests\sessions.py", line 703, in send
    r = adapter.send(request, **kwargs)
  File "D:\Anaconda\envs\FLlearner\lib\site-packages\requests\adapters.py", line 513, in send
    raise ProxyError(e, request=request)
requests.exceptions.ProxyError: HTTPSConnectionPool(host='api.wandb.ai', port=443): Max retries exceeded with url: /graphql (Caused by ProxyError('Unable to connect to proxy', SSLError(SSLZeroReturnError(6, 'TLS/SSL connection has been closed (EOF) (_ssl.c:1131)'))))
2024-05-02 20:22:41,358 DEBUG   HandlerThread:41268 [handler.py:handle_request():146] handle_request: keepalive
2024-05-02 20:22:46,415 DEBUG   HandlerThread:41268 [handler.py:handle_request():146] handle_request: keepalive
2024-05-02 20:22:51,441 DEBUG   HandlerThread:41268 [handler.py:handle_request():146] handle_request: keepalive
2024-05-02 20:22:55,399 INFO    SenderThread:41268 [dir_watcher.py:__init__():211] watching files in: E:\Projects\Non-IID-Robust-Federated-Learning-Algorithms\wandb\run-20240502_202236-zwmwtngu\files
2024-05-02 20:22:55,399 INFO    SenderThread:41268 [sender.py:_start_run_threads():1124] run started: zwmwtngu with start time 1714652556.285821
2024-05-02 20:22:55,399 DEBUG   HandlerThread:41268 [handler.py:handle_request():146] handle_request: status_report
2024-05-02 20:22:55,403 DEBUG   HandlerThread:41268 [handler.py:handle_request():146] handle_request: check_version
2024-05-02 20:22:55,403 DEBUG   SenderThread:41268 [sender.py:send_request():406] send_request: check_version
2024-05-02 20:22:56,142 DEBUG   HandlerThread:41268 [handler.py:handle_request():146] handle_request: run_start
2024-05-02 20:22:56,168 DEBUG   HandlerThread:41268 [system_info.py:__init__():26] System info init
2024-05-02 20:22:56,168 DEBUG   HandlerThread:41268 [system_info.py:__init__():41] System info init done
2024-05-02 20:22:56,168 INFO    HandlerThread:41268 [system_monitor.py:start():194] Starting system monitor
2024-05-02 20:22:56,169 INFO    SystemMonitor:41268 [system_monitor.py:_start():158] Starting system asset monitoring threads
2024-05-02 20:22:56,169 INFO    HandlerThread:41268 [system_monitor.py:probe():214] Collecting system info
2024-05-02 20:22:56,174 INFO    SystemMonitor:41268 [interfaces.py:start():190] Started cpu monitoring
2024-05-02 20:22:56,175 INFO    SystemMonitor:41268 [interfaces.py:start():190] Started disk monitoring
2024-05-02 20:22:56,175 INFO    SystemMonitor:41268 [interfaces.py:start():190] Started gpu monitoring
2024-05-02 20:22:56,184 INFO    SystemMonitor:41268 [interfaces.py:start():190] Started memory monitoring
2024-05-02 20:22:56,196 INFO    SystemMonitor:41268 [interfaces.py:start():190] Started network monitoring
2024-05-02 20:22:56,200 DEBUG   HandlerThread:41268 [system_info.py:probe():150] Probing system
2024-05-02 20:22:56,202 DEBUG   HandlerThread:41268 [system_info.py:_probe_git():135] Probing git
2024-05-02 20:22:56,270 DEBUG   HandlerThread:41268 [system_info.py:_probe_git():143] Probing git done
2024-05-02 20:22:56,270 DEBUG   HandlerThread:41268 [system_info.py:probe():198] Probing system done
2024-05-02 20:22:56,270 DEBUG   HandlerThread:41268 [system_monitor.py:probe():223] {'os': 'Windows-10-10.0.22631-SP0', 'python': '3.8.18', 'heartbeatAt': '2024-05-02T12:22:56.201923', 'startedAt': '2024-05-02T12:22:36.247528', 'docker': None, 'cuda': None, 'args': (), 'state': 'running', 'program': '.\\train.py', 'codePathLocal': 'train.py', 'codePath': 'train.py', 'git': {'remote': 'https://github.com/Gengsheng-Li/Non-IID-Robust-Federated-Learning-Algorithms.git', 'commit': '01b67c9a3b3b5e43dc259d69241b4a8f2dc31a35'}, 'email': 'ligengchengucd@163.com', 'root': 'E:/Projects/Non-IID-Robust-Federated-Learning-Algorithms', 'host': 'LAPTOP-G8U7O3JS', 'username': 'RyukiRi', 'executable': 'D:\\Anaconda\\envs\\FLlearner\\python.exe', 'cpu_count': 14, 'cpu_count_logical': 20, 'cpu_freq': {'current': 2300.0, 'min': 0.0, 'max': 2300.0}, 'cpu_freq_per_core': [{'current': 2300.0, 'min': 0.0, 'max': 2300.0}], 'disk': {'/': {'total': 1907.7265586853027, 'used': 990.4920234680176}}, 'gpu': 'NVIDIA GeForce RTX 3080 Ti Laptop GPU', 'gpu_count': 1, 'gpu_devices': [{'name': 'NVIDIA GeForce RTX 3080 Ti Laptop GPU', 'memory_total': 17179869184}], 'memory': {'total': 63.672584533691406}}
2024-05-02 20:22:56,270 INFO    HandlerThread:41268 [system_monitor.py:probe():224] Finished collecting system info
2024-05-02 20:22:56,270 INFO    HandlerThread:41268 [system_monitor.py:probe():227] Publishing system info
2024-05-02 20:22:56,270 DEBUG   HandlerThread:41268 [system_info.py:_save_conda():207] Saving list of conda packages installed into the current environment
2024-05-02 20:22:56,406 INFO    Thread-16 :41268 [dir_watcher.py:_on_file_created():271] file/dir created: E:\Projects\Non-IID-Robust-Federated-Learning-Algorithms\wandb\run-20240502_202236-zwmwtngu\files\conda-environment.yaml
2024-05-02 20:23:00,853 DEBUG   HandlerThread:41268 [system_info.py:_save_conda():222] Saving conda packages done
2024-05-02 20:23:00,854 INFO    HandlerThread:41268 [system_monitor.py:probe():229] Finished publishing system info
2024-05-02 20:23:00,878 DEBUG   SenderThread:41268 [sender.py:send():379] send: files
2024-05-02 20:23:00,878 INFO    SenderThread:41268 [sender.py:_save_file():1390] saving file wandb-metadata.json with policy now
2024-05-02 20:23:00,879 DEBUG   HandlerThread:41268 [handler.py:handle_request():146] handle_request: status_report
2024-05-02 20:23:01,270 DEBUG   HandlerThread:41268 [handler.py:handle_request():146] handle_request: python_packages
2024-05-02 20:23:01,270 DEBUG   SenderThread:41268 [sender.py:send_request():406] send_request: python_packages
2024-05-02 20:23:01,270 DEBUG   HandlerThread:41268 [handler.py:handle_request():146] handle_request: stop_status
2024-05-02 20:23:01,270 DEBUG   SenderThread:41268 [sender.py:send_request():406] send_request: stop_status
2024-05-02 20:23:01,273 DEBUG   HandlerThread:41268 [handler.py:handle_request():146] handle_request: internal_messages
2024-05-02 20:23:01,449 INFO    Thread-16 :41268 [dir_watcher.py:_on_file_modified():288] file/dir modified: E:\Projects\Non-IID-Robust-Federated-Learning-Algorithms\wandb\run-20240502_202236-zwmwtngu\files\conda-environment.yaml
2024-05-02 20:23:01,450 INFO    Thread-16 :41268 [dir_watcher.py:_on_file_created():271] file/dir created: E:\Projects\Non-IID-Robust-Federated-Learning-Algorithms\wandb\run-20240502_202236-zwmwtngu\files\wandb-metadata.json
2024-05-02 20:23:01,450 INFO    Thread-16 :41268 [dir_watcher.py:_on_file_created():271] file/dir created: E:\Projects\Non-IID-Robust-Federated-Learning-Algorithms\wandb\run-20240502_202236-zwmwtngu\files\requirements.txt
2024-05-02 20:23:01,850 DEBUG   SenderThread:41268 [sender.py:send():379] send: telemetry
2024-05-02 20:23:01,851 ERROR   wandb-upload_0:41268 [internal_api.py:upload_file():2767] upload_file exception https://storage.googleapis.com/wandb-production.appspot.com/federated_learningg/federated_learningg/zwmwtngu/wandb-metadata.json?Expires=1714738980&GoogleAccessId=gorilla-files-url-signer-man%40wandb-production.iam.gserviceaccount.com&Signature=afVBMKiMc0a6Kgp7g7a8rhhe%2FaOOC9LG1u7vY2TxembTpJajMow4CKq%2FBSy6PPq9nPbDAE4ysMmazHByG0NgJiaK1RqunhP3cxP%2F2IEEwdXAj%2BDky6JGXAjzaRtb%2BUQgizUEcrYoc6tk69aSDzzQkFXoz477WceO7jMtkaW8OFrOY4ihonihLNOnl3YX8slE83M87C8iNRwotRtDxGG8pCcuV2NFCW%2FmPav5MjkqjYl%2FTlGkRMN3kqhgurkH36Q6hKifnRiefjYfbL44%2BD3VZGmTZxlvrBuuk4F%2BeT%2B%2FT9mu0eFQhmDlWoC%2FVs1IWGfRLxmB%2Bz5AggkuVz4PBppUNQ%3D%3D: ('Connection aborted.', ConnectionResetError(10054, '远程主机强迫关闭了一个现有的连接。', None, 10054, None))
2024-05-02 20:23:01,854 ERROR   wandb-upload_0:41268 [internal_api.py:upload_file():2769] upload_file request headers: {'User-Agent': 'python-requests/2.31.0', 'Accept-Encoding': 'gzip, deflate, br', 'Accept': '*/*', 'Connection': 'keep-alive', 'Content-Length': '1483'}
2024-05-02 20:23:01,854 ERROR   wandb-upload_0:41268 [internal_api.py:upload_file():2771] upload_file response body: 
2024-05-02 20:23:02,462 INFO    Thread-16 :41268 [dir_watcher.py:_on_file_created():271] file/dir created: E:\Projects\Non-IID-Robust-Federated-Learning-Algorithms\wandb\run-20240502_202236-zwmwtngu\files\output.log
2024-05-02 20:23:03,554 ERROR   wandb-upload_0:41268 [internal_api.py:upload_file():2767] upload_file exception https://storage.googleapis.com/wandb-production.appspot.com/federated_learningg/federated_learningg/zwmwtngu/wandb-metadata.json?Expires=1714738980&GoogleAccessId=gorilla-files-url-signer-man%40wandb-production.iam.gserviceaccount.com&Signature=afVBMKiMc0a6Kgp7g7a8rhhe%2FaOOC9LG1u7vY2TxembTpJajMow4CKq%2FBSy6PPq9nPbDAE4ysMmazHByG0NgJiaK1RqunhP3cxP%2F2IEEwdXAj%2BDky6JGXAjzaRtb%2BUQgizUEcrYoc6tk69aSDzzQkFXoz477WceO7jMtkaW8OFrOY4ihonihLNOnl3YX8slE83M87C8iNRwotRtDxGG8pCcuV2NFCW%2FmPav5MjkqjYl%2FTlGkRMN3kqhgurkH36Q6hKifnRiefjYfbL44%2BD3VZGmTZxlvrBuuk4F%2BeT%2B%2FT9mu0eFQhmDlWoC%2FVs1IWGfRLxmB%2Bz5AggkuVz4PBppUNQ%3D%3D: ('Connection aborted.', ConnectionResetError(10054, '远程主机强迫关闭了一个现有的连接。', None, 10054, None))
2024-05-02 20:23:03,554 ERROR   wandb-upload_0:41268 [internal_api.py:upload_file():2769] upload_file request headers: {'User-Agent': 'python-requests/2.31.0', 'Accept-Encoding': 'gzip, deflate, br', 'Accept': '*/*', 'Connection': 'keep-alive', 'Content-Length': '1483'}
2024-05-02 20:23:03,554 ERROR   wandb-upload_0:41268 [internal_api.py:upload_file():2771] upload_file response body: 
2024-05-02 20:23:04,479 INFO    Thread-16 :41268 [dir_watcher.py:_on_file_modified():288] file/dir modified: E:\Projects\Non-IID-Robust-Federated-Learning-Algorithms\wandb\run-20240502_202236-zwmwtngu\files\output.log
2024-05-02 20:23:06,165 ERROR   wandb-upload_0:41268 [internal_api.py:upload_file():2767] upload_file exception https://storage.googleapis.com/wandb-production.appspot.com/federated_learningg/federated_learningg/zwmwtngu/wandb-metadata.json?Expires=1714738980&GoogleAccessId=gorilla-files-url-signer-man%40wandb-production.iam.gserviceaccount.com&Signature=afVBMKiMc0a6Kgp7g7a8rhhe%2FaOOC9LG1u7vY2TxembTpJajMow4CKq%2FBSy6PPq9nPbDAE4ysMmazHByG0NgJiaK1RqunhP3cxP%2F2IEEwdXAj%2BDky6JGXAjzaRtb%2BUQgizUEcrYoc6tk69aSDzzQkFXoz477WceO7jMtkaW8OFrOY4ihonihLNOnl3YX8slE83M87C8iNRwotRtDxGG8pCcuV2NFCW%2FmPav5MjkqjYl%2FTlGkRMN3kqhgurkH36Q6hKifnRiefjYfbL44%2BD3VZGmTZxlvrBuuk4F%2BeT%2B%2FT9mu0eFQhmDlWoC%2FVs1IWGfRLxmB%2Bz5AggkuVz4PBppUNQ%3D%3D: ('Connection aborted.', ConnectionResetError(10054, '远程主机强迫关闭了一个现有的连接。', None, 10054, None))
2024-05-02 20:23:06,165 ERROR   wandb-upload_0:41268 [internal_api.py:upload_file():2769] upload_file request headers: {'User-Agent': 'python-requests/2.31.0', 'Accept-Encoding': 'gzip, deflate, br', 'Accept': '*/*', 'Connection': 'keep-alive', 'Content-Length': '1483'}
2024-05-02 20:23:06,165 ERROR   wandb-upload_0:41268 [internal_api.py:upload_file():2771] upload_file response body: 
2024-05-02 20:23:06,165 INFO    wandb-upload_0:41268 [retry.py:__call__():172] Retry attempt failed:
Traceback (most recent call last):
  File "D:\Anaconda\envs\FLlearner\lib\site-packages\urllib3\connectionpool.py", line 790, in urlopen
    response = self._make_request(
  File "D:\Anaconda\envs\FLlearner\lib\site-packages\urllib3\connectionpool.py", line 491, in _make_request
    raise new_e
  File "D:\Anaconda\envs\FLlearner\lib\site-packages\urllib3\connectionpool.py", line 467, in _make_request
    self._validate_conn(conn)
  File "D:\Anaconda\envs\FLlearner\lib\site-packages\urllib3\connectionpool.py", line 1096, in _validate_conn
    conn.connect()
  File "D:\Anaconda\envs\FLlearner\lib\site-packages\urllib3\connection.py", line 642, in connect
    sock_and_verified = _ssl_wrap_socket_and_match_hostname(
  File "D:\Anaconda\envs\FLlearner\lib\site-packages\urllib3\connection.py", line 782, in _ssl_wrap_socket_and_match_hostname
    ssl_sock = ssl_wrap_socket(
  File "D:\Anaconda\envs\FLlearner\lib\site-packages\urllib3\util\ssl_.py", line 470, in ssl_wrap_socket
    ssl_sock = _ssl_wrap_socket_impl(sock, context, tls_in_tls, server_hostname)
  File "D:\Anaconda\envs\FLlearner\lib\site-packages\urllib3\util\ssl_.py", line 514, in _ssl_wrap_socket_impl
    return ssl_context.wrap_socket(sock, server_hostname=server_hostname)
  File "D:\Anaconda\envs\FLlearner\lib\ssl.py", line 500, in wrap_socket
    return self.sslsocket_class._create(
  File "D:\Anaconda\envs\FLlearner\lib\ssl.py", line 1073, in _create
    self.do_handshake()
  File "D:\Anaconda\envs\FLlearner\lib\ssl.py", line 1342, in do_handshake
    self._sslobj.do_handshake()
ConnectionResetError: [WinError 10054] 远程主机强迫关闭了一个现有的连接。

During handling of the above exception, another exception occurred:

Traceback (most recent call last):
  File "D:\Anaconda\envs\FLlearner\lib\site-packages\requests\adapters.py", line 486, in send
    resp = conn.urlopen(
  File "D:\Anaconda\envs\FLlearner\lib\site-packages\urllib3\connectionpool.py", line 844, in urlopen
    retries = retries.increment(
  File "D:\Anaconda\envs\FLlearner\lib\site-packages\urllib3\util\retry.py", line 470, in increment
    raise reraise(type(error), error, _stacktrace)
  File "D:\Anaconda\envs\FLlearner\lib\site-packages\urllib3\util\util.py", line 38, in reraise
    raise value.with_traceback(tb)
  File "D:\Anaconda\envs\FLlearner\lib\site-packages\urllib3\connectionpool.py", line 790, in urlopen
    response = self._make_request(
  File "D:\Anaconda\envs\FLlearner\lib\site-packages\urllib3\connectionpool.py", line 491, in _make_request
    raise new_e
  File "D:\Anaconda\envs\FLlearner\lib\site-packages\urllib3\connectionpool.py", line 467, in _make_request
    self._validate_conn(conn)
  File "D:\Anaconda\envs\FLlearner\lib\site-packages\urllib3\connectionpool.py", line 1096, in _validate_conn
    conn.connect()
  File "D:\Anaconda\envs\FLlearner\lib\site-packages\urllib3\connection.py", line 642, in connect
    sock_and_verified = _ssl_wrap_socket_and_match_hostname(
  File "D:\Anaconda\envs\FLlearner\lib\site-packages\urllib3\connection.py", line 782, in _ssl_wrap_socket_and_match_hostname
    ssl_sock = ssl_wrap_socket(
  File "D:\Anaconda\envs\FLlearner\lib\site-packages\urllib3\util\ssl_.py", line 470, in ssl_wrap_socket
    ssl_sock = _ssl_wrap_socket_impl(sock, context, tls_in_tls, server_hostname)
  File "D:\Anaconda\envs\FLlearner\lib\site-packages\urllib3\util\ssl_.py", line 514, in _ssl_wrap_socket_impl
    return ssl_context.wrap_socket(sock, server_hostname=server_hostname)
  File "D:\Anaconda\envs\FLlearner\lib\ssl.py", line 500, in wrap_socket
    return self.sslsocket_class._create(
  File "D:\Anaconda\envs\FLlearner\lib\ssl.py", line 1073, in _create
    self.do_handshake()
  File "D:\Anaconda\envs\FLlearner\lib\ssl.py", line 1342, in do_handshake
    self._sslobj.do_handshake()
urllib3.exceptions.ProtocolError: ('Connection aborted.', ConnectionResetError(10054, '远程主机强迫关闭了一个现有的连接。', None, 10054, None))

During handling of the above exception, another exception occurred:

Traceback (most recent call last):
  File "D:\Anaconda\envs\FLlearner\lib\site-packages\wandb\sdk\internal\internal_api.py", line 2760, in upload_file
    response = self._upload_file_session.put(
  File "D:\Anaconda\envs\FLlearner\lib\site-packages\requests\sessions.py", line 649, in put
    return self.request("PUT", url, data=data, **kwargs)
  File "D:\Anaconda\envs\FLlearner\lib\site-packages\requests\sessions.py", line 589, in request
    resp = self.send(prep, **send_kwargs)
  File "D:\Anaconda\envs\FLlearner\lib\site-packages\requests\sessions.py", line 703, in send
    r = adapter.send(request, **kwargs)
  File "D:\Anaconda\envs\FLlearner\lib\site-packages\requests\adapters.py", line 501, in send
    raise ConnectionError(err, request=request)
requests.exceptions.ConnectionError: ('Connection aborted.', ConnectionResetError(10054, '远程主机强迫关闭了一个现有的连接。', None, 10054, None))

During handling of the above exception, another exception occurred:

Traceback (most recent call last):
  File "D:\Anaconda\envs\FLlearner\lib\site-packages\wandb\sdk\lib\retry.py", line 131, in __call__
    result = self._call_fn(*args, **kwargs)
  File "D:\Anaconda\envs\FLlearner\lib\site-packages\wandb\sdk\internal\internal_api.py", line 2791, in upload_file
    raise _e.with_traceback(sys.exc_info()[2])
  File "D:\Anaconda\envs\FLlearner\lib\site-packages\wandb\sdk\internal\internal_api.py", line 2760, in upload_file
    response = self._upload_file_session.put(
  File "D:\Anaconda\envs\FLlearner\lib\site-packages\requests\sessions.py", line 649, in put
    return self.request("PUT", url, data=data, **kwargs)
  File "D:\Anaconda\envs\FLlearner\lib\site-packages\requests\sessions.py", line 589, in request
    resp = self.send(prep, **send_kwargs)
  File "D:\Anaconda\envs\FLlearner\lib\site-packages\requests\sessions.py", line 703, in send
    r = adapter.send(request, **kwargs)
  File "D:\Anaconda\envs\FLlearner\lib\site-packages\requests\adapters.py", line 501, in send
    raise ConnectionError(err, request=request)
wandb.sdk.lib.retry.TransientError: None
2024-05-02 20:23:06,302 DEBUG   HandlerThread:41268 [handler.py:handle_request():146] handle_request: status_report
2024-05-02 20:23:06,497 INFO    Thread-16 :41268 [dir_watcher.py:_on_file_modified():288] file/dir modified: E:\Projects\Non-IID-Robust-Federated-Learning-Algorithms\wandb\run-20240502_202236-zwmwtngu\files\output.log
2024-05-02 20:23:07,511 INFO    Thread-16 :41268 [dir_watcher.py:_on_file_modified():288] file/dir modified: E:\Projects\Non-IID-Robust-Federated-Learning-Algorithms\wandb\run-20240502_202236-zwmwtngu\files\config.yaml
2024-05-02 20:23:10,824 ERROR   wandb-upload_0:41268 [internal_api.py:upload_file():2767] upload_file exception https://storage.googleapis.com/wandb-production.appspot.com/federated_learningg/federated_learningg/zwmwtngu/wandb-metadata.json?Expires=1714738980&GoogleAccessId=gorilla-files-url-signer-man%40wandb-production.iam.gserviceaccount.com&Signature=afVBMKiMc0a6Kgp7g7a8rhhe%2FaOOC9LG1u7vY2TxembTpJajMow4CKq%2FBSy6PPq9nPbDAE4ysMmazHByG0NgJiaK1RqunhP3cxP%2F2IEEwdXAj%2BDky6JGXAjzaRtb%2BUQgizUEcrYoc6tk69aSDzzQkFXoz477WceO7jMtkaW8OFrOY4ihonihLNOnl3YX8slE83M87C8iNRwotRtDxGG8pCcuV2NFCW%2FmPav5MjkqjYl%2FTlGkRMN3kqhgurkH36Q6hKifnRiefjYfbL44%2BD3VZGmTZxlvrBuuk4F%2BeT%2B%2FT9mu0eFQhmDlWoC%2FVs1IWGfRLxmB%2Bz5AggkuVz4PBppUNQ%3D%3D: ('Connection aborted.', ConnectionResetError(10054, '远程主机强迫关闭了一个现有的连接。', None, 10054, None))
2024-05-02 20:23:10,824 ERROR   wandb-upload_0:41268 [internal_api.py:upload_file():2769] upload_file request headers: {'User-Agent': 'python-requests/2.31.0', 'Accept-Encoding': 'gzip, deflate, br', 'Accept': '*/*', 'Connection': 'keep-alive', 'Content-Length': '1483'}
2024-05-02 20:23:10,824 ERROR   wandb-upload_0:41268 [internal_api.py:upload_file():2771] upload_file response body: 
2024-05-02 20:23:11,604 DEBUG   HandlerThread:41268 [handler.py:handle_request():146] handle_request: status_report
2024-05-02 20:23:16,282 DEBUG   HandlerThread:41268 [handler.py:handle_request():146] handle_request: stop_status
2024-05-02 20:23:16,283 DEBUG   HandlerThread:41268 [handler.py:handle_request():146] handle_request: internal_messages
2024-05-02 20:23:16,283 DEBUG   SenderThread:41268 [sender.py:send_request():406] send_request: stop_status
2024-05-02 20:23:17,580 DEBUG   HandlerThread:41268 [handler.py:handle_request():146] handle_request: status_report
2024-05-02 20:23:18,583 INFO    Thread-16 :41268 [dir_watcher.py:_on_file_modified():288] file/dir modified: E:\Projects\Non-IID-Robust-Federated-Learning-Algorithms\wandb\run-20240502_202236-zwmwtngu\files\output.log
2024-05-02 20:23:22,016 INFO    wandb-upload_0:41268 [upload_job.py:push():131] Uploaded file C:\Users\RyukiRi\AppData\Local\Temp\tmpmpkxcinpwandb\9epkc2xe-wandb-metadata.json
2024-05-02 20:23:22,601 INFO    Thread-16 :41268 [dir_watcher.py:_on_file_modified():288] file/dir modified: E:\Projects\Non-IID-Robust-Federated-Learning-Algorithms\wandb\run-20240502_202236-zwmwtngu\files\output.log
2024-05-02 20:23:23,072 DEBUG   HandlerThread:41268 [handler.py:handle_request():146] handle_request: status_report
2024-05-02 20:23:28,129 DEBUG   HandlerThread:41268 [handler.py:handle_request():146] handle_request: status_report
2024-05-02 20:23:31,286 DEBUG   HandlerThread:41268 [handler.py:handle_request():146] handle_request: stop_status
2024-05-02 20:23:31,287 DEBUG   HandlerThread:41268 [handler.py:handle_request():146] handle_request: internal_messages
2024-05-02 20:23:31,287 DEBUG   SenderThread:41268 [sender.py:send_request():406] send_request: stop_status
2024-05-02 20:23:32,677 INFO    Thread-16 :41268 [dir_watcher.py:_on_file_modified():288] file/dir modified: E:\Projects\Non-IID-Robust-Federated-Learning-Algorithms\wandb\run-20240502_202236-zwmwtngu\files\output.log
2024-05-02 20:23:33,604 DEBUG   HandlerThread:41268 [handler.py:handle_request():146] handle_request: status_report
2024-05-02 20:23:34,682 INFO    Thread-16 :41268 [dir_watcher.py:_on_file_modified():288] file/dir modified: E:\Projects\Non-IID-Robust-Federated-Learning-Algorithms\wandb\run-20240502_202236-zwmwtngu\files\output.log
2024-05-02 20:23:36,686 INFO    Thread-16 :41268 [dir_watcher.py:_on_file_modified():288] file/dir modified: E:\Projects\Non-IID-Robust-Federated-Learning-Algorithms\wandb\run-20240502_202236-zwmwtngu\files\output.log
2024-05-02 20:23:38,701 INFO    Thread-16 :41268 [dir_watcher.py:_on_file_modified():288] file/dir modified: E:\Projects\Non-IID-Robust-Federated-Learning-Algorithms\wandb\run-20240502_202236-zwmwtngu\files\output.log
2024-05-02 20:23:39,264 DEBUG   HandlerThread:41268 [handler.py:handle_request():146] handle_request: status_report
2024-05-02 20:23:40,709 INFO    Thread-16 :41268 [dir_watcher.py:_on_file_modified():288] file/dir modified: E:\Projects\Non-IID-Robust-Federated-Learning-Algorithms\wandb\run-20240502_202236-zwmwtngu\files\output.log
2024-05-02 20:23:42,760 DEBUG   HandlerThread:41268 [handler.py:handle_request():146] handle_request: partial_history
2024-05-02 20:23:42,761 DEBUG   SenderThread:41268 [sender.py:send():379] send: history
2024-05-02 20:23:42,761 DEBUG   SenderThread:41268 [sender.py:send_request():406] send_request: summary_record
2024-05-02 20:23:42,774 INFO    SenderThread:41268 [sender.py:_save_file():1390] saving file wandb-summary.json with policy end
2024-05-02 20:23:43,739 INFO    Thread-16 :41268 [dir_watcher.py:_on_file_created():271] file/dir created: E:\Projects\Non-IID-Robust-Federated-Learning-Algorithms\wandb\run-20240502_202236-zwmwtngu\files\wandb-summary.json
2024-05-02 20:23:44,739 INFO    Thread-16 :41268 [dir_watcher.py:_on_file_modified():288] file/dir modified: E:\Projects\Non-IID-Robust-Federated-Learning-Algorithms\wandb\run-20240502_202236-zwmwtngu\files\output.log
2024-05-02 20:23:44,784 DEBUG   HandlerThread:41268 [handler.py:handle_request():146] handle_request: status_report
2024-05-02 20:23:46,299 DEBUG   HandlerThread:41268 [handler.py:handle_request():146] handle_request: stop_status
2024-05-02 20:23:46,299 DEBUG   HandlerThread:41268 [handler.py:handle_request():146] handle_request: internal_messages
2024-05-02 20:23:46,299 DEBUG   SenderThread:41268 [sender.py:send_request():406] send_request: stop_status
2024-05-02 20:23:46,770 INFO    Thread-16 :41268 [dir_watcher.py:_on_file_modified():288] file/dir modified: E:\Projects\Non-IID-Robust-Federated-Learning-Algorithms\wandb\run-20240502_202236-zwmwtngu\files\output.log
2024-05-02 20:23:50,687 DEBUG   HandlerThread:41268 [handler.py:handle_request():146] handle_request: status_report
2024-05-02 20:23:54,848 INFO    Thread-16 :41268 [dir_watcher.py:_on_file_modified():288] file/dir modified: E:\Projects\Non-IID-Robust-Federated-Learning-Algorithms\wandb\run-20240502_202236-zwmwtngu\files\output.log
2024-05-02 20:23:56,198 DEBUG   SystemMonitor:41268 [system_monitor.py:_start():172] Starting system metrics aggregation loop
2024-05-02 20:23:56,199 DEBUG   SenderThread:41268 [sender.py:send():379] send: stats
2024-05-02 20:23:56,200 DEBUG   HandlerThread:41268 [handler.py:handle_request():146] handle_request: status_report
2024-05-02 20:24:01,226 DEBUG   HandlerThread:41268 [handler.py:handle_request():146] handle_request: status_report
2024-05-02 20:24:01,303 DEBUG   HandlerThread:41268 [handler.py:handle_request():146] handle_request: internal_messages
2024-05-02 20:24:01,318 DEBUG   HandlerThread:41268 [handler.py:handle_request():146] handle_request: stop_status
2024-05-02 20:24:01,318 DEBUG   SenderThread:41268 [sender.py:send_request():406] send_request: stop_status
2024-05-02 20:24:04,925 INFO    Thread-16 :41268 [dir_watcher.py:_on_file_modified():288] file/dir modified: E:\Projects\Non-IID-Robust-Federated-Learning-Algorithms\wandb\run-20240502_202236-zwmwtngu\files\output.log
2024-05-02 20:24:06,939 INFO    Thread-16 :41268 [dir_watcher.py:_on_file_modified():288] file/dir modified: E:\Projects\Non-IID-Robust-Federated-Learning-Algorithms\wandb\run-20240502_202236-zwmwtngu\files\output.log
2024-05-02 20:24:07,197 DEBUG   HandlerThread:41268 [handler.py:handle_request():146] handle_request: status_report
2024-05-02 20:24:10,967 INFO    Thread-16 :41268 [dir_watcher.py:_on_file_modified():288] file/dir modified: E:\Projects\Non-IID-Robust-Federated-Learning-Algorithms\wandb\run-20240502_202236-zwmwtngu\files\output.log
2024-05-02 20:24:12,737 DEBUG   HandlerThread:41268 [handler.py:handle_request():146] handle_request: status_report
2024-05-02 20:24:14,995 INFO    Thread-16 :41268 [dir_watcher.py:_on_file_modified():288] file/dir modified: E:\Projects\Non-IID-Robust-Federated-Learning-Algorithms\wandb\run-20240502_202236-zwmwtngu\files\output.log
2024-05-02 20:24:16,311 DEBUG   HandlerThread:41268 [handler.py:handle_request():146] handle_request: internal_messages
2024-05-02 20:24:16,327 DEBUG   HandlerThread:41268 [handler.py:handle_request():146] handle_request: stop_status
2024-05-02 20:24:16,327 DEBUG   SenderThread:41268 [sender.py:send_request():406] send_request: stop_status
2024-05-02 20:24:18,696 DEBUG   HandlerThread:41268 [handler.py:handle_request():146] handle_request: status_report
2024-05-02 20:24:19,044 INFO    Thread-16 :41268 [dir_watcher.py:_on_file_modified():288] file/dir modified: E:\Projects\Non-IID-Robust-Federated-Learning-Algorithms\wandb\run-20240502_202236-zwmwtngu\files\output.log
2024-05-02 20:24:19,071 DEBUG   HandlerThread:41268 [handler.py:handle_request():146] handle_request: partial_history
2024-05-02 20:24:19,072 DEBUG   SenderThread:41268 [sender.py:send():379] send: history
2024-05-02 20:24:19,072 DEBUG   SenderThread:41268 [sender.py:send_request():406] send_request: summary_record
2024-05-02 20:24:19,074 INFO    SenderThread:41268 [sender.py:_save_file():1390] saving file wandb-summary.json with policy end
2024-05-02 20:24:20,056 INFO    Thread-16 :41268 [dir_watcher.py:_on_file_modified():288] file/dir modified: E:\Projects\Non-IID-Robust-Federated-Learning-Algorithms\wandb\run-20240502_202236-zwmwtngu\files\wandb-summary.json
2024-05-02 20:24:21,068 INFO    Thread-16 :41268 [dir_watcher.py:_on_file_modified():288] file/dir modified: E:\Projects\Non-IID-Robust-Federated-Learning-Algorithms\wandb\run-20240502_202236-zwmwtngu\files\output.log
2024-05-02 20:24:24,128 DEBUG   HandlerThread:41268 [handler.py:handle_request():146] handle_request: status_report
2024-05-02 20:24:26,212 DEBUG   SenderThread:41268 [sender.py:send():379] send: stats
2024-05-02 20:24:30,113 DEBUG   HandlerThread:41268 [handler.py:handle_request():146] handle_request: status_report
2024-05-02 20:24:31,161 INFO    Thread-16 :41268 [dir_watcher.py:_on_file_modified():288] file/dir modified: E:\Projects\Non-IID-Robust-Federated-Learning-Algorithms\wandb\run-20240502_202236-zwmwtngu\files\output.log
2024-05-02 20:24:31,326 DEBUG   HandlerThread:41268 [handler.py:handle_request():146] handle_request: internal_messages
2024-05-02 20:24:31,341 DEBUG   HandlerThread:41268 [handler.py:handle_request():146] handle_request: stop_status
2024-05-02 20:24:31,342 DEBUG   SenderThread:41268 [sender.py:send_request():406] send_request: stop_status
2024-05-02 20:24:35,213 INFO    Thread-16 :41268 [dir_watcher.py:_on_file_modified():288] file/dir modified: E:\Projects\Non-IID-Robust-Federated-Learning-Algorithms\wandb\run-20240502_202236-zwmwtngu\files\output.log
2024-05-02 20:24:35,944 DEBUG   HandlerThread:41268 [handler.py:handle_request():146] handle_request: status_report
2024-05-02 20:24:39,250 INFO    Thread-16 :41268 [dir_watcher.py:_on_file_modified():288] file/dir modified: E:\Projects\Non-IID-Robust-Federated-Learning-Algorithms\wandb\run-20240502_202236-zwmwtngu\files\output.log
2024-05-02 20:24:41,232 DEBUG   HandlerThread:41268 [handler.py:handle_request():146] handle_request: status_report
2024-05-02 20:24:45,333 INFO    Thread-16 :41268 [dir_watcher.py:_on_file_modified():288] file/dir modified: E:\Projects\Non-IID-Robust-Federated-Learning-Algorithms\wandb\run-20240502_202236-zwmwtngu\files\output.log
2024-05-02 20:24:46,329 DEBUG   HandlerThread:41268 [handler.py:handle_request():146] handle_request: internal_messages
2024-05-02 20:24:46,359 DEBUG   HandlerThread:41268 [handler.py:handle_request():146] handle_request: stop_status
2024-05-02 20:24:46,360 DEBUG   SenderThread:41268 [sender.py:send_request():406] send_request: stop_status
2024-05-02 20:24:46,694 DEBUG   HandlerThread:41268 [handler.py:handle_request():146] handle_request: status_report
2024-05-02 20:24:52,414 INFO    Thread-16 :41268 [dir_watcher.py:_on_file_modified():288] file/dir modified: E:\Projects\Non-IID-Robust-Federated-Learning-Algorithms\wandb\run-20240502_202236-zwmwtngu\files\output.log
2024-05-02 20:24:52,655 DEBUG   HandlerThread:41268 [handler.py:handle_request():146] handle_request: status_report
2024-05-02 20:24:52,989 INFO    cpu       :41268 [interfaces.py:monitor():140] Process cpu has exited.
2024-05-02 20:24:52,989 DEBUG   SystemMonitor:41268 [system_monitor.py:_start():179] Finished system metrics aggregation loop
2024-05-02 20:24:52,989 DEBUG   SystemMonitor:41268 [system_monitor.py:_start():183] Publishing last batch of metrics
2024-05-02 20:24:52,990 DEBUG   SenderThread:41268 [sender.py:send():379] send: stats
2024-05-02 20:24:54,097 INFO    MainThread:41268 [internal.py:handle_exit():76] Internal process exited
2024-05-02 20:24:54,496 WARNING StreamThr :41268 [internal.py:is_dead():414] Internal process exiting, parent pid 14712 disappeared
2024-05-02 20:24:54,496 ERROR   StreamThr :41268 [internal.py:wandb_internal():152] Internal process shutdown.
2024-05-02 20:24:55,006 INFO    SenderThread:41268 [sender.py:finish():1546] shutting down sender
2024-05-02 20:24:55,006 INFO    HandlerThread:41268 [handler.py:finish():866] shutting down handler
2024-05-02 20:24:55,007 INFO    HandlerThread:41268 [system_monitor.py:finish():203] Stopping system monitor
2024-05-02 20:24:55,007 INFO    HandlerThread:41268 [interfaces.py:finish():202] Joined cpu monitor
2024-05-02 20:24:55,007 INFO    HandlerThread:41268 [interfaces.py:finish():202] Joined disk monitor
2024-05-02 20:24:55,007 INFO    HandlerThread:41268 [interfaces.py:finish():202] Joined gpu monitor
2024-05-02 20:24:55,007 INFO    HandlerThread:41268 [interfaces.py:finish():202] Joined memory monitor
2024-05-02 20:24:55,007 INFO    HandlerThread:41268 [interfaces.py:finish():202] Joined network monitor
2024-05-02 20:24:55,008 INFO    WriterThread:41268 [datastore.py:close():296] close: E:\Projects\Non-IID-Robust-Federated-Learning-Algorithms\wandb\run-20240502_202236-zwmwtngu\run-zwmwtngu.wandb
